Using pre-set license
Built from '2022.3/china_unity/release' branch; Version is '2022.3.62f2c1 (92e6e6be66dc) revision 9627366'; Using compiler version '192829333'; Build Type 'Release'
OS: 'Windows 11  (10.0.26100) 64bit CoreCountrySpecific' Language: 'zh' Physical Memory: 32481 MB
BatchMode: 1, IsHumanControllingUs: 0, StartBugReporterOnCrash: 0, Is64bit: 1, IsPro: 1

COMMAND LINE ARGUMENTS:
D:\unity\2022.3.62f2c1\Editor\Unity.exe
-adb2
-batchMode
-noUpm
-name
AssetImportWorker1
-projectPath
C:/Users/szpro/Desktop/SZ/game/joeys-nightmare-2/joeys-nightmare2
-logFile
Logs/AssetImportWorker1.log
-srvPort
11969
Successfully changed project path to: C:/Users/szpro/Desktop/SZ/game/joeys-nightmare-2/joeys-nightmare2
C:/Users/szpro/Desktop/SZ/game/joeys-nightmare-2/joeys-nightmare2
[UnityMemory] Configuration Parameters - Can be set up in boot.config
    "memorysetup-bucket-allocator-granularity=16"
    "memorysetup-bucket-allocator-bucket-count=8"
    "memorysetup-bucket-allocator-block-size=33554432"
    "memorysetup-bucket-allocator-block-count=8"
    "memorysetup-main-allocator-block-size=16777216"
    "memorysetup-thread-allocator-block-size=16777216"
    "memorysetup-gfx-main-allocator-block-size=16777216"
    "memorysetup-gfx-thread-allocator-block-size=16777216"
    "memorysetup-cache-allocator-block-size=4194304"
    "memorysetup-typetree-allocator-block-size=2097152"
    "memorysetup-profiler-bucket-allocator-granularity=16"
    "memorysetup-profiler-bucket-allocator-bucket-count=8"
    "memorysetup-profiler-bucket-allocator-block-size=33554432"
    "memorysetup-profiler-bucket-allocator-block-count=8"
    "memorysetup-profiler-allocator-block-size=16777216"
    "memorysetup-profiler-editor-allocator-block-size=1048576"
    "memorysetup-temp-allocator-size-main=16777216"
    "memorysetup-job-temp-allocator-block-size=2097152"
    "memorysetup-job-temp-allocator-block-size-background=1048576"
    "memorysetup-job-temp-allocator-reduction-small-platforms=262144"
    "memorysetup-allocator-temp-initial-block-size-main=262144"
    "memorysetup-allocator-temp-initial-block-size-worker=262144"
    "memorysetup-temp-allocator-size-background-worker=32768"
    "memorysetup-temp-allocator-size-job-worker=262144"
    "memorysetup-temp-allocator-size-preload-manager=33554432"
    "memorysetup-temp-allocator-size-nav-mesh-worker=65536"
    "memorysetup-temp-allocator-size-audio-worker=65536"
    "memorysetup-temp-allocator-size-cloud-worker=32768"
    "memorysetup-temp-allocator-size-gi-baking-worker=262144"
    "memorysetup-temp-allocator-size-gfx=262144"
Player connection [31688]  Target information:

Player connection [31688]  * "[IP] 192.168.3.14 [Port] 0 [Flags] 2 [Guid] 1131342896 [EditorId] 1131342896 [Version] 1048832 [Id] WindowsEditor(7,SZ) [Debug] 1 [PackageName] WindowsEditor [ProjectName] Editor" 

Player connection [31688] Host joined multi-casting on [225.0.0.222:54997]...
Player connection [31688] Host joined alternative multi-casting on [225.0.0.222:34997]...
Input System module state changed to: Initialized.
[PhysX] Initialized MultithreadedTaskDispatcher with 28 workers.
Refreshing native plugins compatible for Editor in 8.83 ms, found 4 plugins.
Preloading 0 native plugins for Editor in 0.00 ms.
Initialize engine version: 2022.3.62f2c1 (92e6e6be66dc)
[Subsystems] Discovering subsystems at path D:/unity/2022.3.62f2c1/Editor/Data/Resources/UnitySubsystems
[Subsystems] Discovering subsystems at path C:/Users/szpro/Desktop/SZ/game/joeys-nightmare-2/joeys-nightmare2/Assets
GfxDevice: creating device client; threaded=0; jobified=0
Direct3D:
    Version:  Direct3D 11.0 [level 11.1]
    Renderer: NVIDIA GeForce RTX 4070 SUPER (ID=0x2783)
    Vendor:   NVIDIA
    VRAM:     11999 MB
    Driver:   32.0.15.7296
Initialize mono
Mono path[0] = 'D:/unity/2022.3.62f2c1/Editor/Data/Managed'
Mono path[1] = 'D:/unity/2022.3.62f2c1/Editor/Data/MonoBleedingEdge/lib/mono/unityjit-win32'
Mono config path = 'D:/unity/2022.3.62f2c1/Editor/Data/MonoBleedingEdge/etc'
Using monoOptions --debugger-agent=transport=dt_socket,embedding=1,server=y,suspend=n,address=127.0.0.1:56712
Begin MonoManager ReloadAssembly
Registering precompiled unity dll's ...
Register platform support module: D:/unity/2022.3.62f2c1/Editor/Data/PlaybackEngines/WindowsStandaloneSupport/UnityEditor.WindowsStandalone.Extensions.dll
Registered in 0.002633 seconds.
- Loaded All Assemblies, in  0.195 seconds
Native extension for WindowsStandalone target not found
Mono: successfully reloaded assembly
- Finished resetting the current domain, in  0.163 seconds
Domain Reload Profiling: 357ms
	BeginReloadAssembly (57ms)
		ExecutionOrderSort (0ms)
		DisableScriptedObjects (0ms)
		BackupInstance (0ms)
		ReleaseScriptingObjects (0ms)
		CreateAndSetChildDomain (0ms)
	RebuildCommonClasses (18ms)
	RebuildNativeTypeToScriptingClass (6ms)
	initialDomainReloadingComplete (32ms)
	LoadAllAssembliesAndSetupDomain (82ms)
		LoadAssemblies (57ms)
		RebuildTransferFunctionScriptingTraits (0ms)
		AnalyzeDomain (81ms)
			TypeCache.Refresh (80ms)
				TypeCache.ScanAssembly (72ms)
			ScanForSourceGeneratedMonoScriptInfo (0ms)
			ResolveRequiredComponents (0ms)
	FinalizeReload (163ms)
		ReleaseScriptCaches (0ms)
		RebuildScriptCaches (0ms)
		SetupLoadedEditorAssemblies (135ms)
			LogAssemblyErrors (0ms)
			InitializePlatformSupportModulesInManaged (5ms)
			SetLoadedEditorAssemblies (4ms)
			RefreshPlugins (0ms)
			BeforeProcessingInitializeOnLoad (1ms)
			ProcessInitializeOnLoadAttributes (94ms)
			ProcessInitializeOnLoadMethodAttributes (30ms)
			AfterProcessingInitializeOnLoad (0ms)
			EditorAssembliesLoaded (0ms)
		ExecutionOrderSort2 (0ms)
		AwakeInstancesAfterBackupRestoration (0ms)
========================================================================
Worker process is ready to serve import requests
Caller must complete domain reload
Begin MonoManager ReloadAssembly
Symbol file LoadedFromMemory is not a mono symbol file
- Loaded All Assemblies, in  0.442 seconds
Native extension for WindowsStandalone target not found
[ScriptCompilation] NOT recompiling all scripts because this is an import worker process. Reason to compile was: Define symbols changed
Package Manager log level set to [2]
[Package Manager] Server::EnsureServerProcessIsRunning -- launch failed, reason: Unity was launched with the -noUpm command-line argument
[Package Manager] UpmClient::Send -- Unable to send message (not connected to UPM process).
[Package Manager] Cannot connect to Unity Package Manager local server
Mono: successfully reloaded assembly
- Finished resetting the current domain, in  0.411 seconds
Domain Reload Profiling: 852ms
	BeginReloadAssembly (95ms)
		ExecutionOrderSort (0ms)
		DisableScriptedObjects (3ms)
		BackupInstance (0ms)
		ReleaseScriptingObjects (0ms)
		CreateAndSetChildDomain (15ms)
	RebuildCommonClasses (27ms)
	RebuildNativeTypeToScriptingClass (8ms)
	initialDomainReloadingComplete (23ms)
	LoadAllAssembliesAndSetupDomain (289ms)
		LoadAssemblies (213ms)
		RebuildTransferFunctionScriptingTraits (0ms)
		AnalyzeDomain (133ms)
			TypeCache.Refresh (113ms)
				TypeCache.ScanAssembly (98ms)
			ScanForSourceGeneratedMonoScriptInfo (15ms)
			ResolveRequiredComponents (3ms)
	FinalizeReload (411ms)
		ReleaseScriptCaches (0ms)
		RebuildScriptCaches (0ms)
		SetupLoadedEditorAssemblies (305ms)
			LogAssemblyErrors (0ms)
			InitializePlatformSupportModulesInManaged (4ms)
			SetLoadedEditorAssemblies (3ms)
			RefreshPlugins (0ms)
			BeforeProcessingInitializeOnLoad (42ms)
			ProcessInitializeOnLoadAttributes (213ms)
			ProcessInitializeOnLoadMethodAttributes (41ms)
			AfterProcessingInitializeOnLoad (1ms)
			EditorAssembliesLoaded (0ms)
		ExecutionOrderSort2 (0ms)
		AwakeInstancesAfterBackupRestoration (5ms)
Launched and connected shader compiler UnityShaderCompiler.exe after 0.04 seconds
Refreshing native plugins compatible for Editor in 3.08 ms, found 4 plugins.
Preloading 0 native plugins for Editor in 0.00 ms.
Unloading 4313 Unused Serialized files (Serialized files now loaded: 0)
Unloading 41 unused Assets / (243.1 KB). Loaded Objects now: 4773.
Memory consumption went from 154.7 MB to 154.5 MB.
Total: 2.817500 ms (FindLiveObjects: 0.384800 ms CreateObjectMapping: 0.114900 ms MarkObjects: 2.151000 ms  DeleteObjects: 0.165500 ms)

AssetImportParameters requested are different than current active one (requested -> active):
  custom:container-demuxer-ogg: 62fdf1f143b41e24485cea50d1cbac27 -> 
  custom:video-codec-MediaFoundation-h265: 746d11721c4dcdbdad8f713fa42b33f4 -> 
  custom:video-decoder-ogg-theora: a1e56fd34408186e4bbccfd4996cb3dc -> 
  custom:framework-win-MediaFoundation: 216162199b28c13a410421893ffa2e32 -> 
  custom:CustomObjectIndexerAttribute: 9a22284fe3817be447336de3de66b15e -> 
  custom:container-demuxer-webm: 4f35f7cbe854078d1ac9338744f61a02 -> 
  custom:container-muxer-webm: aa71ff27fc2769a1b78a27578f13a17b -> 
  custom:video-decoder-webm-vp8: 9c59270c3fd7afecdb556c50c9e8de78 -> 
  custom:SearchIndexIgnoredProperties: e643bd26f0fe6173181afceb89e7c659 -> 
  custom:AudioImporter_EditorPlatform: d09bf68614088b80899f8185d706f6e7 -> 
  custom:video-encoder-webm-vp8: eb34c28f22e8b96e1ab97ce403110664 -> 
  custom:audio-decoder-ogg-vorbis: bf7c407c2cedff20999df2af8eb42d56 -> 
  custom:audio-encoder-webm-vorbis: bf7c407c2cedff20999df2af8eb42d56 -> 
========================================================================
Received Import Request.
  Time since last request: 847138.235485 seconds.
  path: Assets/sts/beyondScene/scene2.jpg
  artifactKey: Guid(9648ed50795f1964f9762494025afede) Importer(2089858483,0ecaa5967403d082aa24f35e1b516d23)
Start importing Assets/sts/beyondScene/scene2.jpg using Guid(9648ed50795f1964f9762494025afede) Importer(2089858483,0ecaa5967403d082aa24f35e1b516d23) [PhysX] Initialized MultithreadedTaskDispatcher with 28 workers.
 -> (artifact id: '5bb696a44e186b72dd260876e1275cda') in 0.116481 seconds
Number of updated asset objects reloaded before import = 0
Number of asset objects unloaded after import = 3
========================================================================
Received Import Request.
  Time since last request: 0.000039 seconds.
  path: Assets/sts/cards/cards.png.import
  artifactKey: Guid(8ba7b9103c6650244929b548bf4271f5) Importer(2089858483,0ecaa5967403d082aa24f35e1b516d23)
Start importing Assets/sts/cards/cards.png.import using Guid(8ba7b9103c6650244929b548bf4271f5) Importer(2089858483,0ecaa5967403d082aa24f35e1b516d23) [PhysX] Initialized MultithreadedTaskDispatcher with 28 workers.
 -> (artifact id: 'd54e6a8b9de1aa640a4f9a1a06f272ed') in 0.003886 seconds
Number of updated asset objects reloaded before import = 0
Number of asset objects unloaded after import = 1
========================================================================
Received Import Request.
  Time since last request: 0.000016 seconds.
  path: Assets/sts/cardui/cardui4.png
  artifactKey: Guid(1ff127e1ee4a2f64f83fb7de4978c00e) Importer(2089858483,0ecaa5967403d082aa24f35e1b516d23)
Start importing Assets/sts/cardui/cardui4.png using Guid(1ff127e1ee4a2f64f83fb7de4978c00e) Importer(2089858483,0ecaa5967403d082aa24f35e1b516d23) [PhysX] Initialized MultithreadedTaskDispatcher with 28 workers.
 -> (artifact id: 'ab504dc35a41dabfd404d0934c51d51b') in 0.010661 seconds
Number of updated asset objects reloaded before import = 0
Number of asset objects unloaded after import = 3
========================================================================
Received Import Request.
  Time since last request: 0.000061 seconds.
  path: Assets/sts/images/debugHitbox.png.import
  artifactKey: Guid(2280fa749fb3fff47aa97c090aa3aeaf) Importer(2089858483,0ecaa5967403d082aa24f35e1b516d23)
Start importing Assets/sts/images/debugHitbox.png.import using Guid(2280fa749fb3fff47aa97c090aa3aeaf) Importer(2089858483,0ecaa5967403d082aa24f35e1b516d23) [PhysX] Initialized MultithreadedTaskDispatcher with 28 workers.
 -> (artifact id: 'ba14093a26641b529323a48dfd44cd9a') in 0.002232 seconds
Number of updated asset objects reloaded before import = 0
Number of asset objects unloaded after import = 1
========================================================================
Received Import Request.
  Time since last request: 0.000087 seconds.
  path: Assets/sts/images/debugHitbox.png
  artifactKey: Guid(f053088ab96292440a1b07771086c903) Importer(2089858483,0ecaa5967403d082aa24f35e1b516d23)
Start importing Assets/sts/images/debugHitbox.png using Guid(f053088ab96292440a1b07771086c903) Importer(2089858483,0ecaa5967403d082aa24f35e1b516d23) [PhysX] Initialized MultithreadedTaskDispatcher with 28 workers.
 -> (artifact id: '9445accca9d461694970bfa0b2e4f958') in 0.007153 seconds
Number of updated asset objects reloaded before import = 0
Number of asset objects unloaded after import = 3
========================================================================
Received Import Request.
  Time since last request: 0.000017 seconds.
  path: Assets/sts/achievements/achievements.png.import
  artifactKey: Guid(265c130b788d48a46b000c0fcdbcfc06) Importer(2089858483,0ecaa5967403d082aa24f35e1b516d23)
Start importing Assets/sts/achievements/achievements.png.import using Guid(265c130b788d48a46b000c0fcdbcfc06) Importer(2089858483,0ecaa5967403d082aa24f35e1b516d23) [PhysX] Initialized MultithreadedTaskDispatcher with 28 workers.
 -> (artifact id: '23885532fc45e54cdfd71a34c38ffa8c') in 0.004312 seconds
Number of updated asset objects reloaded before import = 0
Number of asset objects unloaded after import = 1
========================================================================
Received Import Request.
  Time since last request: 0.000021 seconds.
  path: Assets/sts/images/whiteSquare32.png
  artifactKey: Guid(2f37e691f57d57b4c85d784f4f36e6be) Importer(2089858483,0ecaa5967403d082aa24f35e1b516d23)
Start importing Assets/sts/images/whiteSquare32.png using Guid(2f37e691f57d57b4c85d784f4f36e6be) Importer(2089858483,0ecaa5967403d082aa24f35e1b516d23) [PhysX] Initialized MultithreadedTaskDispatcher with 28 workers.
 -> (artifact id: '8b49d9cd65e66c36362808908a27954e') in 0.008016 seconds
Number of updated asset objects reloaded before import = 0
Number of asset objects unloaded after import = 3
========================================================================
Received Import Request.
  Time since last request: 0.000045 seconds.
  path: Assets/sts/cards/cards3.png
  artifactKey: Guid(f08e91dd2f0788a49b04fadf9ff95dbe) Importer(2089858483,0ecaa5967403d082aa24f35e1b516d23)
Start importing Assets/sts/cards/cards3.png using Guid(f08e91dd2f0788a49b04fadf9ff95dbe) Importer(2089858483,0ecaa5967403d082aa24f35e1b516d23) [PhysX] Initialized MultithreadedTaskDispatcher with 28 workers.
 -> (artifact id: 'c9dc2ebc232a566426ec76bbdb860d1b') in 0.009333 seconds
Number of updated asset objects reloaded before import = 0
Number of asset objects unloaded after import = 3
========================================================================
Received Import Request.
  Time since last request: 0.000016 seconds.
  path: Assets/Scenes/test_sz/test_draw.tscn
  artifactKey: Guid(e8bdfc7adaba8244f9e6731abdf6e619) Importer(2089858483,0ecaa5967403d082aa24f35e1b516d23)
Start importing Assets/Scenes/test_sz/test_draw.tscn using Guid(e8bdfc7adaba8244f9e6731abdf6e619) Importer(2089858483,0ecaa5967403d082aa24f35e1b516d23) [PhysX] Initialized MultithreadedTaskDispatcher with 28 workers.
 -> (artifact id: 'bcd4380f9565e834e52d35f26737421d') in 0.002256 seconds
Number of updated asset objects reloaded before import = 0
Number of asset objects unloaded after import = 1
========================================================================
Received Import Request.
  Time since last request: 0.000027 seconds.
  path: Assets/Scenes/test_sz/test.tscn
  artifactKey: Guid(4e7142a350056034094f3fb2d52bb114) Importer(2089858483,0ecaa5967403d082aa24f35e1b516d23)
Start importing Assets/Scenes/test_sz/test.tscn using Guid(4e7142a350056034094f3fb2d52bb114) Importer(2089858483,0ecaa5967403d082aa24f35e1b516d23) [PhysX] Initialized MultithreadedTaskDispatcher with 28 workers.
 -> (artifact id: '4dbeb2466e1f37e9e63d23b89747acee') in 0.002229 seconds
Number of updated asset objects reloaded before import = 0
Number of asset objects unloaded after import = 1
========================================================================
Received Import Request.
  Time since last request: 0.000021 seconds.
  path: Assets/sts/cityScene/scene.png.import
  artifactKey: Guid(16342ec75688d2a459be24cd58f730ca) Importer(2089858483,0ecaa5967403d082aa24f35e1b516d23)
Start importing Assets/sts/cityScene/scene.png.import using Guid(16342ec75688d2a459be24cd58f730ca) Importer(2089858483,0ecaa5967403d082aa24f35e1b516d23) [PhysX] Initialized MultithreadedTaskDispatcher with 28 workers.
 -> (artifact id: '82de732f12bbc0ca25a5adfad5761b05') in 0.002661 seconds
Number of updated asset objects reloaded before import = 0
Number of asset objects unloaded after import = 1
========================================================================
Received Import Request.
  Time since last request: 0.000024 seconds.
  path: Assets/sts/cityScene/scene3.jpg
  artifactKey: Guid(942f365fc3f97594e986614260748a31) Importer(2089858483,0ecaa5967403d082aa24f35e1b516d23)
Start importing Assets/sts/cityScene/scene3.jpg using Guid(942f365fc3f97594e986614260748a31) Importer(2089858483,0ecaa5967403d082aa24f35e1b516d23) [PhysX] Initialized MultithreadedTaskDispatcher with 28 workers.
 -> (artifact id: '94ec493426965e9476215cb1323bc90f') in 0.009454 seconds
Number of updated asset objects reloaded before import = 0
Number of asset objects unloaded after import = 3
========================================================================
Received Import Request.
  Time since last request: 0.000020 seconds.
  path: Assets/sts/cityScene/scene5.png.import
  artifactKey: Guid(a9f1a662fcc4ecd4cae42f0e7499d095) Importer(2089858483,0ecaa5967403d082aa24f35e1b516d23)
Start importing Assets/sts/cityScene/scene5.png.import using Guid(a9f1a662fcc4ecd4cae42f0e7499d095) Importer(2089858483,0ecaa5967403d082aa24f35e1b516d23) [PhysX] Initialized MultithreadedTaskDispatcher with 28 workers.
 -> (artifact id: '3cd56a6f273d1323d81f5f64f707da8e') in 0.004440 seconds
Number of updated asset objects reloaded before import = 0
Number of asset objects unloaded after import = 1
========================================================================
Received Import Request.
  Time since last request: 0.000075 seconds.
  path: Assets/sts/cityScene/scene2.jpg.import
  artifactKey: Guid(36dd3cf1f02b7954e8bd63989744b404) Importer(2089858483,0ecaa5967403d082aa24f35e1b516d23)
Start importing Assets/sts/cityScene/scene2.jpg.import using Guid(36dd3cf1f02b7954e8bd63989744b404) Importer(2089858483,0ecaa5967403d082aa24f35e1b516d23) [PhysX] Initialized MultithreadedTaskDispatcher with 28 workers.
 -> (artifact id: '5c692fadf4efa0406da64e0a600100a2') in 0.002936 seconds
Number of updated asset objects reloaded before import = 0
Number of asset objects unloaded after import = 1
========================================================================
Received Import Request.
  Time since last request: 0.000019 seconds.
  path: Assets/sts/bottomScene/scene2.png.import
  artifactKey: Guid(f5b32ef3ea3d9584d83dc76774a636f1) Importer(2089858483,0ecaa5967403d082aa24f35e1b516d23)
Start importing Assets/sts/bottomScene/scene2.png.import using Guid(f5b32ef3ea3d9584d83dc76774a636f1) Importer(2089858483,0ecaa5967403d082aa24f35e1b516d23) [PhysX] Initialized MultithreadedTaskDispatcher with 28 workers.
 -> (artifact id: '9bdcd6398286fd1c44ab7a9f9470b2be') in 0.003053 seconds
Number of updated asset objects reloaded before import = 0
Number of asset objects unloaded after import = 1
========================================================================
Received Import Request.
  Time since last request: 0.000083 seconds.
  path: Assets/sts/font/Kreon-Regular.ttf
  artifactKey: Guid(ccd9f06d6ac7a3845a3f9f17d859cfa2) Importer(2089858483,0ecaa5967403d082aa24f35e1b516d23)
Start importing Assets/sts/font/Kreon-Regular.ttf using Guid(ccd9f06d6ac7a3845a3f9f17d859cfa2) Importer(2089858483,0ecaa5967403d082aa24f35e1b516d23) [PhysX] Initialized MultithreadedTaskDispatcher with 28 workers.
 -> (artifact id: 'a965ec634c0d5f2a0adb0888e7a2fa17') in 0.012678 seconds
Number of updated asset objects reloaded before import = 0
Number of asset objects unloaded after import = 3
========================================================================
Received Import Request.
  Time since last request: 0.000021 seconds.
  path: Assets/sts/endingScene/scene.jpg
  artifactKey: Guid(c0aadd0826fd930479bb704dde816f99) Importer(2089858483,0ecaa5967403d082aa24f35e1b516d23)
Start importing Assets/sts/endingScene/scene.jpg using Guid(c0aadd0826fd930479bb704dde816f99) Importer(2089858483,0ecaa5967403d082aa24f35e1b516d23) [PhysX] Initialized MultithreadedTaskDispatcher with 28 workers.
 -> (artifact id: '020cb11275c2d72cd790b4e6eb315311') in 0.009645 seconds
Number of updated asset objects reloaded before import = 0
Number of asset objects unloaded after import = 3
========================================================================
Received Import Request.
  Time since last request: 1.970901 seconds.
  path: Assets/sts/title/title.png.import
  artifactKey: Guid(a56efb35558308743916fa2c56484884) Importer(2089858483,0ecaa5967403d082aa24f35e1b516d23)
Start importing Assets/sts/title/title.png.import using Guid(a56efb35558308743916fa2c56484884) Importer(2089858483,0ecaa5967403d082aa24f35e1b516d23) [PhysX] Initialized MultithreadedTaskDispatcher with 28 workers.
 -> (artifact id: '6c64525311819a71a85cd768f7068b6e') in 0.003404 seconds
Number of updated asset objects reloaded before import = 0
Number of asset objects unloaded after import = 1
========================================================================
Received Import Request.
  Time since last request: 0.000019 seconds.
  path: Assets/sts/vfx/vfx2.png
  artifactKey: Guid(4a7e38cef649a3249b7a7b61ff78391c) Importer(2089858483,0ecaa5967403d082aa24f35e1b516d23)
Start importing Assets/sts/vfx/vfx2.png using Guid(4a7e38cef649a3249b7a7b61ff78391c) Importer(2089858483,0ecaa5967403d082aa24f35e1b516d23) [PhysX] Initialized MultithreadedTaskDispatcher with 28 workers.
 -> (artifact id: '16209783ee66e7c186838dc43c55f0c3') in 0.008792 seconds
Number of updated asset objects reloaded before import = 0
Number of asset objects unloaded after import = 3
========================================================================
Received Import Request.
  Time since last request: 0.000016 seconds.
  path: Assets/sts/title/title3.png
  artifactKey: Guid(5e37bcf4ba47335498c84cc59974d7e2) Importer(2089858483,0ecaa5967403d082aa24f35e1b516d23)
Start importing Assets/sts/title/title3.png using Guid(5e37bcf4ba47335498c84cc59974d7e2) Importer(2089858483,0ecaa5967403d082aa24f35e1b516d23) [PhysX] Initialized MultithreadedTaskDispatcher with 28 workers.
 -> (artifact id: '46d59e388a284f9511f78b08767a1c80') in 0.008021 seconds
Number of updated asset objects reloaded before import = 0
Number of asset objects unloaded after import = 3
========================================================================
Received Import Request.
  Time since last request: 0.000013 seconds.
  path: Assets/sts/audio/music/Level1_NewMix_v1.ogg.import
  artifactKey: Guid(d2b10624de601ec4f9dd11576ef59e06) Importer(2089858483,0ecaa5967403d082aa24f35e1b516d23)
Start importing Assets/sts/audio/music/Level1_NewMix_v1.ogg.import using Guid(d2b10624de601ec4f9dd11576ef59e06) Importer(2089858483,0ecaa5967403d082aa24f35e1b516d23) [PhysX] Initialized MultithreadedTaskDispatcher with 28 workers.
 -> (artifact id: '4796d614b38b2d6b4441e4171aceeef1') in 0.002678 seconds
Number of updated asset objects reloaded before import = 0
Number of asset objects unloaded after import = 1
========================================================================
Received Import Request.
  Time since last request: 0.000076 seconds.
  path: Assets/sts/audio/music/BossVictoryStinger_1_v3_MUSIC.ogg.import
  artifactKey: Guid(b32c50df6c702cd478d48a133dae69a8) Importer(2089858483,0ecaa5967403d082aa24f35e1b516d23)
Start importing Assets/sts/audio/music/BossVictoryStinger_1_v3_MUSIC.ogg.import using Guid(b32c50df6c702cd478d48a133dae69a8) Importer(2089858483,0ecaa5967403d082aa24f35e1b516d23) [PhysX] Initialized MultithreadedTaskDispatcher with 28 workers.
 -> (artifact id: '561c87f973c9e090c2a0652df724013a') in 0.002713 seconds
Number of updated asset objects reloaded before import = 0
Number of asset objects unloaded after import = 1
========================================================================
Received Import Request.
  Time since last request: 0.000067 seconds.
  path: Assets/sts/audio/music/Credits_v5.ogg
  artifactKey: Guid(3b601099e03766f42b07c23906083e8d) Importer(2089858483,0ecaa5967403d082aa24f35e1b516d23)
Start importing Assets/sts/audio/music/Credits_v5.ogg using Guid(3b601099e03766f42b07c23906083e8d) Importer(2089858483,0ecaa5967403d082aa24f35e1b516d23) [PhysX] Initialized MultithreadedTaskDispatcher with 28 workers.
 -> (artifact id: '92833704d1e314ac20994630c57c2916') in 0.021188 seconds
Number of updated asset objects reloaded before import = 0
Number of asset objects unloaded after import = 1
========================================================================
Received Import Request.
  Time since last request: 0.000015 seconds.
  path: Assets/sts/audio/music/Boss4_v6.ogg
  artifactKey: Guid(fe13fac495c728d428ca30c7c12f2a7e) Importer(2089858483,0ecaa5967403d082aa24f35e1b516d23)
Start importing Assets/sts/audio/music/Boss4_v6.ogg using Guid(fe13fac495c728d428ca30c7c12f2a7e) Importer(2089858483,0ecaa5967403d082aa24f35e1b516d23) [PhysX] Initialized MultithreadedTaskDispatcher with 28 workers.
 -> (artifact id: '1bd5d5df45cd9c7a2ecb03f90050b2b9') in 0.020090 seconds
Number of updated asset objects reloaded before import = 0
Number of asset objects unloaded after import = 1
========================================================================
Received Import Request.
  Time since last request: 0.000053 seconds.
  path: Assets/sts/title/title6.png.import
  artifactKey: Guid(594be204971d18649a4b972da5ed9ce3) Importer(2089858483,0ecaa5967403d082aa24f35e1b516d23)
Start importing Assets/sts/title/title6.png.import using Guid(594be204971d18649a4b972da5ed9ce3) Importer(2089858483,0ecaa5967403d082aa24f35e1b516d23) [PhysX] Initialized MultithreadedTaskDispatcher with 28 workers.
 -> (artifact id: '2bc11b8076eb20b3e419cfb5bb349725') in 0.002797 seconds
Number of updated asset objects reloaded before import = 0
Number of asset objects unloaded after import = 1
========================================================================
Received Import Request.
  Time since last request: 0.000108 seconds.
  path: Assets/sprites/card/ui/damage.png
  artifactKey: Guid(4f1944b937077db43b1fd575464e240d) Importer(2089858483,0ecaa5967403d082aa24f35e1b516d23)
Start importing Assets/sprites/card/ui/damage.png using Guid(4f1944b937077db43b1fd575464e240d) Importer(2089858483,0ecaa5967403d082aa24f35e1b516d23) [PhysX] Initialized MultithreadedTaskDispatcher with 28 workers.
 -> (artifact id: '4c49e3ac6d67cd575898b53683f2a0a4') in 0.006467 seconds
Number of updated asset objects reloaded before import = 0
Number of asset objects unloaded after import = 3
========================================================================
Received Import Request.
  Time since last request: 0.000013 seconds.
  path: Assets/sts/audio/music/DeathStinger_2_v3_MUSIC.ogg
  artifactKey: Guid(ae7cbd48c10f4d046a78414e863ce682) Importer(2089858483,0ecaa5967403d082aa24f35e1b516d23)
Start importing Assets/sts/audio/music/DeathStinger_2_v3_MUSIC.ogg using Guid(ae7cbd48c10f4d046a78414e863ce682) Importer(2089858483,0ecaa5967403d082aa24f35e1b516d23) [PhysX] Initialized MultithreadedTaskDispatcher with 28 workers.
 -> (artifact id: 'e17086510c38b314495015cd5b7c7b66') in 0.019712 seconds
Number of updated asset objects reloaded before import = 0
Number of asset objects unloaded after import = 1
========================================================================
Received Import Request.
  Time since last request: 0.000017 seconds.
  path: Assets/sts/audio/music/Boss4_v6.ogg.import
  artifactKey: Guid(6cfda30debc655644aba3ce261bb5236) Importer(2089858483,0ecaa5967403d082aa24f35e1b516d23)
Start importing Assets/sts/audio/music/Boss4_v6.ogg.import using Guid(6cfda30debc655644aba3ce261bb5236) Importer(2089858483,0ecaa5967403d082aa24f35e1b516d23) [PhysX] Initialized MultithreadedTaskDispatcher with 28 workers.
 -> (artifact id: '965204e49af8d242b89abeebb671f3f8') in 0.002680 seconds
Number of updated asset objects reloaded before import = 0
Number of asset objects unloaded after import = 1
========================================================================
Received Import Request.
  Time since last request: 0.000074 seconds.
  path: Assets/sts/audio/music/BossVictoryStinger_4_v3_MUSIC.ogg.import
  artifactKey: Guid(9ac7f70b20da71d40b9c04672e540f9a) Importer(2089858483,0ecaa5967403d082aa24f35e1b516d23)
Start importing Assets/sts/audio/music/BossVictoryStinger_4_v3_MUSIC.ogg.import using Guid(9ac7f70b20da71d40b9c04672e540f9a) Importer(2089858483,0ecaa5967403d082aa24f35e1b516d23) [PhysX] Initialized MultithreadedTaskDispatcher with 28 workers.
 -> (artifact id: '3d9495a09f51faae7f575f8f3ad423ac') in 0.003008 seconds
Number of updated asset objects reloaded before import = 0
Number of asset objects unloaded after import = 1
========================================================================
Received Import Request.
  Time since last request: 0.000015 seconds.
  path: Assets/sts/vfx/vfx.png.import
  artifactKey: Guid(1862a5aa32f17a645942aa33aef45779) Importer(2089858483,0ecaa5967403d082aa24f35e1b516d23)
Start importing Assets/sts/vfx/vfx.png.import using Guid(1862a5aa32f17a645942aa33aef45779) Importer(2089858483,0ecaa5967403d082aa24f35e1b516d23) [PhysX] Initialized MultithreadedTaskDispatcher with 28 workers.
 -> (artifact id: 'd0dcabbc0706fb63e25024e29ecdc6f0') in 0.002095 seconds
Number of updated asset objects reloaded before import = 0
Number of asset objects unloaded after import = 1
========================================================================
Received Import Request.
  Time since last request: 0.000081 seconds.
  path: Assets/sts/audio/music/Level1_NewMix_v1.ogg
  artifactKey: Guid(74357921356d81d419a1059952751b43) Importer(2089858483,0ecaa5967403d082aa24f35e1b516d23)
Start importing Assets/sts/audio/music/Level1_NewMix_v1.ogg using Guid(74357921356d81d419a1059952751b43) Importer(2089858483,0ecaa5967403d082aa24f35e1b516d23) [PhysX] Initialized MultithreadedTaskDispatcher with 28 workers.
 -> (artifact id: 'ce5fbee840e3040e98be8efc47d88b12') in 0.016996 seconds
Number of updated asset objects reloaded before import = 0
Number of asset objects unloaded after import = 1
========================================================================
Received Import Request.
  Time since last request: 0.000018 seconds.
  path: Assets/sts/audio/music/EndingStinger_v1.ogg
  artifactKey: Guid(a247f9dc0fbaba8448fc5b37add02c57) Importer(2089858483,0ecaa5967403d082aa24f35e1b516d23)
Start importing Assets/sts/audio/music/EndingStinger_v1.ogg using Guid(a247f9dc0fbaba8448fc5b37add02c57) Importer(2089858483,0ecaa5967403d082aa24f35e1b516d23) [PhysX] Initialized MultithreadedTaskDispatcher with 28 workers.
 -> (artifact id: '6d652a236d70545eb7fe34f55a58bdf7') in 0.017672 seconds
Number of updated asset objects reloaded before import = 0
Number of asset objects unloaded after import = 1
========================================================================
Received Import Request.
  Time since last request: 2.861775 seconds.
  path: Assets/sts/audio/sound/SOTE_SFX_Appear_v2.ogg
  artifactKey: Guid(6cd6af3a92100de418118633d8de9f5e) Importer(2089858483,0ecaa5967403d082aa24f35e1b516d23)
Start importing Assets/sts/audio/sound/SOTE_SFX_Appear_v2.ogg using Guid(6cd6af3a92100de418118633d8de9f5e) Importer(2089858483,0ecaa5967403d082aa24f35e1b516d23) [PhysX] Initialized MultithreadedTaskDispatcher with 28 workers.
 -> (artifact id: 'f26b5651e1b452301f49fa29609fec9a') in 0.019942 seconds
Number of updated asset objects reloaded before import = 0
Number of asset objects unloaded after import = 1
========================================================================
Received Import Request.
  Time since last request: 0.000042 seconds.
  path: Assets/sts/audio/sound/SOTE_SFX_DropRelic_Magical.ogg
  artifactKey: Guid(3d67ed7b783c91441b2cb83c67720a1e) Importer(2089858483,0ecaa5967403d082aa24f35e1b516d23)
Start importing Assets/sts/audio/sound/SOTE_SFX_DropRelic_Magical.ogg using Guid(3d67ed7b783c91441b2cb83c67720a1e) Importer(2089858483,0ecaa5967403d082aa24f35e1b516d23) [PhysX] Initialized MultithreadedTaskDispatcher with 28 workers.
 -> (artifact id: '119b4e5bdb3ef75b34b638d932203b2f') in 0.021395 seconds
Number of updated asset objects reloaded before import = 0
Number of asset objects unloaded after import = 1
========================================================================
Received Import Request.
  Time since last request: 0.000020 seconds.
  path: Assets/sts/audio/sound/SOTE_SFX_GainDefense_RR1_v3.ogg
  artifactKey: Guid(05225228d26934f40813fe230058c818) Importer(2089858483,0ecaa5967403d082aa24f35e1b516d23)
Start importing Assets/sts/audio/sound/SOTE_SFX_GainDefense_RR1_v3.ogg using Guid(05225228d26934f40813fe230058c818) Importer(2089858483,0ecaa5967403d082aa24f35e1b516d23) [PhysX] Initialized MultithreadedTaskDispatcher with 28 workers.
 -> (artifact id: '3897b3d2a946eb99f22786c320678bca') in 0.021035 seconds
Number of updated asset objects reloaded before import = 0
Number of asset objects unloaded after import = 1
========================================================================
Received Import Request.
  Time since last request: 0.000024 seconds.
  path: Assets/sts/audio/sound/SOTE_SFX_Debuff_1_v1.ogg
  artifactKey: Guid(97507756e67575145b0da8d8ad39abe7) Importer(2089858483,0ecaa5967403d082aa24f35e1b516d23)
Start importing Assets/sts/audio/sound/SOTE_SFX_Debuff_1_v1.ogg using Guid(97507756e67575145b0da8d8ad39abe7) Importer(2089858483,0ecaa5967403d082aa24f35e1b516d23) [PhysX] Initialized MultithreadedTaskDispatcher with 28 workers.
 -> (artifact id: 'ea830e97dc977f1fe108af2f7d596af6') in 0.019121 seconds
Number of updated asset objects reloaded before import = 0
Number of asset objects unloaded after import = 1
========================================================================
Received Import Request.
  Time since last request: 0.000084 seconds.
  path: Assets/sts/audio/sound/SOTE_SFX_BossGhostFireAtk_1_v1.ogg
  artifactKey: Guid(7986c6f80787ab54d8d89d5f5c3cb132) Importer(2089858483,0ecaa5967403d082aa24f35e1b516d23)
Start importing Assets/sts/audio/sound/SOTE_SFX_BossGhostFireAtk_1_v1.ogg using Guid(7986c6f80787ab54d8d89d5f5c3cb132) Importer(2089858483,0ecaa5967403d082aa24f35e1b516d23) [PhysX] Initialized MultithreadedTaskDispatcher with 28 workers.
 -> (artifact id: '20b84385187c894639620de6cb579746') in 0.019817 seconds
Number of updated asset objects reloaded before import = 0
Number of asset objects unloaded after import = 1
========================================================================
Received Import Request.
  Time since last request: 0.000017 seconds.
  path: Assets/sts/audio/sound/SOTE_SFX_HealShort_2_v2.ogg
  artifactKey: Guid(5a4e87b56c8febc4fbef6fc70dca1fa9) Importer(2089858483,0ecaa5967403d082aa24f35e1b516d23)
Start importing Assets/sts/audio/sound/SOTE_SFX_HealShort_2_v2.ogg using Guid(5a4e87b56c8febc4fbef6fc70dca1fa9) Importer(2089858483,0ecaa5967403d082aa24f35e1b516d23) [PhysX] Initialized MultithreadedTaskDispatcher with 28 workers.
 -> (artifact id: '8d46501b4a2c92144b057fdefbdef8a6') in 0.021769 seconds
Number of updated asset objects reloaded before import = 0
Number of asset objects unloaded after import = 1
========================================================================
Received Import Request.
  Time since last request: 0.000019 seconds.
  path: Assets/sts/audio/sound/SOTE_SFX_BossBallTransform_v1.ogg.import
  artifactKey: Guid(969ab21899720bd4cb1989a950fc40bd) Importer(2089858483,0ecaa5967403d082aa24f35e1b516d23)
Start importing Assets/sts/audio/sound/SOTE_SFX_BossBallTransform_v1.ogg.import using Guid(969ab21899720bd4cb1989a950fc40bd) Importer(2089858483,0ecaa5967403d082aa24f35e1b516d23) [PhysX] Initialized MultithreadedTaskDispatcher with 28 workers.
 -> (artifact id: '26ba6868d1e066c3efd5562d391bc152') in 0.002611 seconds
Number of updated asset objects reloaded before import = 0
Number of asset objects unloaded after import = 1
========================================================================
Received Import Request.
  Time since last request: 0.000080 seconds.
  path: Assets/sts/audio/sound/SOTE_SFX_BossOrbIgnite1_v2.ogg.import
  artifactKey: Guid(8621f8ed50fa0734796b7144856c2469) Importer(2089858483,0ecaa5967403d082aa24f35e1b516d23)
Start importing Assets/sts/audio/sound/SOTE_SFX_BossOrbIgnite1_v2.ogg.import using Guid(8621f8ed50fa0734796b7144856c2469) Importer(2089858483,0ecaa5967403d082aa24f35e1b516d23) [PhysX] Initialized MultithreadedTaskDispatcher with 28 workers.
 -> (artifact id: '8a97b973939172aeccf6832cb723424a') in 0.002512 seconds
Number of updated asset objects reloaded before import = 0
Number of asset objects unloaded after import = 1
========================================================================
Received Import Request.
  Time since last request: 0.000065 seconds.
  path: Assets/sts/audio/sound/SOTE_SFX_Gold_RR2_v3.ogg
  artifactKey: Guid(908eb183cdcbb2144ba82c0276c27175) Importer(2089858483,0ecaa5967403d082aa24f35e1b516d23)
Start importing Assets/sts/audio/sound/SOTE_SFX_Gold_RR2_v3.ogg using Guid(908eb183cdcbb2144ba82c0276c27175) Importer(2089858483,0ecaa5967403d082aa24f35e1b516d23) [PhysX] Initialized MultithreadedTaskDispatcher with 28 workers.
 -> (artifact id: '399b4d072cd50db031ac45a51ed68f84') in 0.019464 seconds
Number of updated asset objects reloaded before import = 0
Number of asset objects unloaded after import = 1
========================================================================
Received Import Request.
  Time since last request: 0.000070 seconds.
  path: Assets/sts/audio/sound/SOTE_SFX_CeilingDust2_v1.ogg
  artifactKey: Guid(36b15eeb883a9e94cb6010e5c7573024) Importer(2089858483,0ecaa5967403d082aa24f35e1b516d23)
Start importing Assets/sts/audio/sound/SOTE_SFX_CeilingDust2_v1.ogg using Guid(36b15eeb883a9e94cb6010e5c7573024) Importer(2089858483,0ecaa5967403d082aa24f35e1b516d23) [PhysX] Initialized MultithreadedTaskDispatcher with 28 workers.
 -> (artifact id: '9dedd9f495168eee7fb8634fa48174fb') in 0.021655 seconds
Number of updated asset objects reloaded before import = 0
Number of asset objects unloaded after import = 1
========================================================================
Received Import Request.
  Time since last request: 0.000045 seconds.
  path: Assets/sts/audio/sound/SOTE_SFX_MapHover_4_v1.ogg
  artifactKey: Guid(38fb21a3d542b4841becdb21f7ce9c6f) Importer(2089858483,0ecaa5967403d082aa24f35e1b516d23)
Start importing Assets/sts/audio/sound/SOTE_SFX_MapHover_4_v1.ogg using Guid(38fb21a3d542b4841becdb21f7ce9c6f) Importer(2089858483,0ecaa5967403d082aa24f35e1b516d23) [PhysX] Initialized MultithreadedTaskDispatcher with 28 workers.
 -> (artifact id: '9570bd05ed1e4272ad4e4a949943e83c') in 0.018750 seconds
Number of updated asset objects reloaded before import = 0
Number of asset objects unloaded after import = 1
========================================================================
Received Import Request.
  Time since last request: 0.000058 seconds.
  path: Assets/sts/audio/sound/SOTE_SFX_DungeonGate.ogg
  artifactKey: Guid(36c178335c0f3b0419333d3cf32f3f51) Importer(2089858483,0ecaa5967403d082aa24f35e1b516d23)
Start importing Assets/sts/audio/sound/SOTE_SFX_DungeonGate.ogg using Guid(36c178335c0f3b0419333d3cf32f3f51) Importer(2089858483,0ecaa5967403d082aa24f35e1b516d23) [PhysX] Initialized MultithreadedTaskDispatcher with 28 workers.
 -> (artifact id: 'ce1977bc96dca802528914062380aeed') in 0.020157 seconds
Number of updated asset objects reloaded before import = 0
Number of asset objects unloaded after import = 1
========================================================================
Received Import Request.
  Time since last request: 0.000056 seconds.
  path: Assets/sts/audio/sound/SOTE_SFX_BlockAtk_v2.ogg
  artifactKey: Guid(930307cec365f0c44b41cb61d8be4c56) Importer(2089858483,0ecaa5967403d082aa24f35e1b516d23)
Start importing Assets/sts/audio/sound/SOTE_SFX_BlockAtk_v2.ogg using Guid(930307cec365f0c44b41cb61d8be4c56) Importer(2089858483,0ecaa5967403d082aa24f35e1b516d23) [PhysX] Initialized MultithreadedTaskDispatcher with 28 workers.
 -> (artifact id: '83e3096e57e75a3775db9528466e1699') in 0.018180 seconds
Number of updated asset objects reloaded before import = 0
Number of asset objects unloaded after import = 1
========================================================================
Received Import Request.
  Time since last request: 0.000015 seconds.
  path: Assets/sts/audio/sound/SOTE_SFX_HealShort_1_v2.ogg
  artifactKey: Guid(20d689b68a0cffa4b9db8fcc5f874b42) Importer(2089858483,0ecaa5967403d082aa24f35e1b516d23)
Start importing Assets/sts/audio/sound/SOTE_SFX_HealShort_1_v2.ogg using Guid(20d689b68a0cffa4b9db8fcc5f874b42) Importer(2089858483,0ecaa5967403d082aa24f35e1b516d23) [PhysX] Initialized MultithreadedTaskDispatcher with 28 workers.
 -> (artifact id: '69dad73085903b6d2b095b4258010d19') in 0.026010 seconds
Number of updated asset objects reloaded before import = 0
Number of asset objects unloaded after import = 1
========================================================================
Received Import Request.
  Time since last request: 2.751390 seconds.
  path: Assets/sts/audio/sound/SOTE_SFX_MapSelect_3_v1.ogg.import
  artifactKey: Guid(ffa9782a364e6784e8327c20402b33a1) Importer(2089858483,0ecaa5967403d082aa24f35e1b516d23)
Start importing Assets/sts/audio/sound/SOTE_SFX_MapSelect_3_v1.ogg.import using Guid(ffa9782a364e6784e8327c20402b33a1) Importer(2089858483,0ecaa5967403d082aa24f35e1b516d23) [PhysX] Initialized MultithreadedTaskDispatcher with 28 workers.
 -> (artifact id: '54cdcfcc951dc35101f79ee354e9ccbd') in 0.004784 seconds
Number of updated asset objects reloaded before import = 0
Number of asset objects unloaded after import = 1
========================================================================
Received Import Request.
  Time since last request: 0.000021 seconds.
  path: Assets/sts/audio/sound/SOTE_SFX_SlimeBlink_2_v1.ogg
  artifactKey: Guid(40fdd037149ae214d9cdbc901e5e8483) Importer(2089858483,0ecaa5967403d082aa24f35e1b516d23)
Start importing Assets/sts/audio/sound/SOTE_SFX_SlimeBlink_2_v1.ogg using Guid(40fdd037149ae214d9cdbc901e5e8483) Importer(2089858483,0ecaa5967403d082aa24f35e1b516d23) [PhysX] Initialized MultithreadedTaskDispatcher with 28 workers.
 -> (artifact id: '810e9b5b32558da622669a0c68b91152') in 0.022116 seconds
Number of updated asset objects reloaded before import = 0
Number of asset objects unloaded after import = 1
========================================================================
Received Import Request.
  Time since last request: 0.000223 seconds.
  path: Assets/sts/audio/sound/STS_SFX_BattleStart_2_v1.ogg.import
  artifactKey: Guid(3709d49311a05364eaced2f573e57234) Importer(2089858483,0ecaa5967403d082aa24f35e1b516d23)
Start importing Assets/sts/audio/sound/STS_SFX_BattleStart_2_v1.ogg.import using Guid(3709d49311a05364eaced2f573e57234) Importer(2089858483,0ecaa5967403d082aa24f35e1b516d23) [PhysX] Initialized MultithreadedTaskDispatcher with 28 workers.
 -> (artifact id: '8ff67fbd2219ed75545f4136a3b458f8') in 0.002833 seconds
Number of updated asset objects reloaded before import = 0
Number of asset objects unloaded after import = 1
========================================================================
Received Import Request.
  Time since last request: 0.000082 seconds.
  path: Assets/sts/audio/sound/SOTE_SFX_ShopRugOpen_v1.ogg.import
  artifactKey: Guid(efdcef4336b8d944ca6d952e0487432f) Importer(2089858483,0ecaa5967403d082aa24f35e1b516d23)
Start importing Assets/sts/audio/sound/SOTE_SFX_ShopRugOpen_v1.ogg.import using Guid(efdcef4336b8d944ca6d952e0487432f) Importer(2089858483,0ecaa5967403d082aa24f35e1b516d23) [PhysX] Initialized MultithreadedTaskDispatcher with 28 workers.
 -> (artifact id: '082ea6996897974fd6ec87943f7b14a8') in 0.002479 seconds
Number of updated asset objects reloaded before import = 0
Number of asset objects unloaded after import = 1
========================================================================
Received Import Request.
  Time since last request: 0.000073 seconds.
  path: Assets/sts/audio/sound/SOTE_SFX_PlayerTurn_v4_3.ogg.import
  artifactKey: Guid(21c04f07e1392734d999a2a2e184f7a4) Importer(2089858483,0ecaa5967403d082aa24f35e1b516d23)
Start importing Assets/sts/audio/sound/SOTE_SFX_PlayerTurn_v4_3.ogg.import using Guid(21c04f07e1392734d999a2a2e184f7a4) Importer(2089858483,0ecaa5967403d082aa24f35e1b516d23) [PhysX] Initialized MultithreadedTaskDispatcher with 28 workers.
 -> (artifact id: '64bcc3450cdb90e5d1d4acdda1064ce3') in 0.003107 seconds
Number of updated asset objects reloaded before import = 0
Number of asset objects unloaded after import = 1
========================================================================
Received Import Request.
  Time since last request: 0.000011 seconds.
  path: Assets/sts/audio/sound/SOTE_SFX_Victory_v1.ogg
  artifactKey: Guid(cea327e3b86ca704da68d0340b80faad) Importer(2089858483,0ecaa5967403d082aa24f35e1b516d23)
Start importing Assets/sts/audio/sound/SOTE_SFX_Victory_v1.ogg using Guid(cea327e3b86ca704da68d0340b80faad) Importer(2089858483,0ecaa5967403d082aa24f35e1b516d23) [PhysX] Initialized MultithreadedTaskDispatcher with 28 workers.
 -> (artifact id: 'a5902e19a5a931a0ff68dfd50b109052') in 0.017689 seconds
Number of updated asset objects reloaded before import = 0
Number of asset objects unloaded after import = 1
========================================================================
Received Import Request.
  Time since last request: 0.000018 seconds.
  path: Assets/sts/audio/sound/SOTE_SFX_UI_Parchment_3_v1.ogg
  artifactKey: Guid(58dfa85491f24224297f8b404d5b1145) Importer(2089858483,0ecaa5967403d082aa24f35e1b516d23)
Start importing Assets/sts/audio/sound/SOTE_SFX_UI_Parchment_3_v1.ogg using Guid(58dfa85491f24224297f8b404d5b1145) Importer(2089858483,0ecaa5967403d082aa24f35e1b516d23) [PhysX] Initialized MultithreadedTaskDispatcher with 28 workers.
 -> (artifact id: '8445f0c7fc3595d024511e6e3fdc76e2') in 0.017961 seconds
Number of updated asset objects reloaded before import = 0
Number of asset objects unloaded after import = 1
========================================================================
Received Import Request.
  Time since last request: 0.000069 seconds.
  path: Assets/sts/audio/sound/SOTE_SFX_PlayerTurn_v2.ogg.import
  artifactKey: Guid(71f14d03b2efa83489409956fa6030ad) Importer(2089858483,0ecaa5967403d082aa24f35e1b516d23)
Start importing Assets/sts/audio/sound/SOTE_SFX_PlayerTurn_v2.ogg.import using Guid(71f14d03b2efa83489409956fa6030ad) Importer(2089858483,0ecaa5967403d082aa24f35e1b516d23) [PhysX] Initialized MultithreadedTaskDispatcher with 28 workers.
 -> (artifact id: '6d79d57131fb0d7f618ecaef3a2a308c') in 0.002240 seconds
Number of updated asset objects reloaded before import = 0
Number of asset objects unloaded after import = 1
========================================================================
Received Import Request.
  Time since last request: 0.000058 seconds.
  path: Assets/sts/audio/sound/SOTE_SFX_SlimeAtk_2_v1.ogg.import
  artifactKey: Guid(ceb5f7c1d17bb0a4bb4f3ff5ada9b3ef) Importer(2089858483,0ecaa5967403d082aa24f35e1b516d23)
Start importing Assets/sts/audio/sound/SOTE_SFX_SlimeAtk_2_v1.ogg.import using Guid(ceb5f7c1d17bb0a4bb4f3ff5ada9b3ef) Importer(2089858483,0ecaa5967403d082aa24f35e1b516d23) [PhysX] Initialized MultithreadedTaskDispatcher with 28 workers.
 -> (artifact id: 'aae00a6ca3a0390e1efd9857f2603312') in 0.002652 seconds
Number of updated asset objects reloaded before import = 0
Number of asset objects unloaded after import = 1
========================================================================
Received Import Request.
  Time since last request: 0.000032 seconds.
  path: Assets/sts/audio/sound/STS_SFX_AncientWriting_v1.ogg
  artifactKey: Guid(fc8aa0f4a3a18a84d8589116e176d2cf) Importer(2089858483,0ecaa5967403d082aa24f35e1b516d23)
Start importing Assets/sts/audio/sound/STS_SFX_AncientWriting_v1.ogg using Guid(fc8aa0f4a3a18a84d8589116e176d2cf) Importer(2089858483,0ecaa5967403d082aa24f35e1b516d23) [PhysX] Initialized MultithreadedTaskDispatcher with 28 workers.
 -> (artifact id: '43fd3745a5a54f0103be7c5454029841') in 0.019087 seconds
Number of updated asset objects reloaded before import = 0
Number of asset objects unloaded after import = 1
========================================================================
Received Import Request.
  Time since last request: 0.000014 seconds.
  path: Assets/sts/audio/sound/SOTE_SFX_WindAmb_v1.ogg.import
  artifactKey: Guid(eb8c6f0489f1c52418af75ee5a986122) Importer(2089858483,0ecaa5967403d082aa24f35e1b516d23)
Start importing Assets/sts/audio/sound/SOTE_SFX_WindAmb_v1.ogg.import using Guid(eb8c6f0489f1c52418af75ee5a986122) Importer(2089858483,0ecaa5967403d082aa24f35e1b516d23) [PhysX] Initialized MultithreadedTaskDispatcher with 28 workers.
 -> (artifact id: 'cdd84cc9e2901ea37b3b8ff3ce8dfb82') in 0.002939 seconds
Number of updated asset objects reloaded before import = 0
Number of asset objects unloaded after import = 1
========================================================================
Received Import Request.
  Time since last request: 0.000077 seconds.
  path: Assets/sts/audio/sound/STS_BossVictoryStinger_1_v3_SFX.ogg.import
  artifactKey: Guid(982baedbb4579574f8d99b38a5df0db6) Importer(2089858483,0ecaa5967403d082aa24f35e1b516d23)
Start importing Assets/sts/audio/sound/STS_BossVictoryStinger_1_v3_SFX.ogg.import using Guid(982baedbb4579574f8d99b38a5df0db6) Importer(2089858483,0ecaa5967403d082aa24f35e1b516d23) [PhysX] Initialized MultithreadedTaskDispatcher with 28 workers.
 -> (artifact id: 'f0c05f0e2662e3eac96575fffd9e3864') in 0.002687 seconds
Number of updated asset objects reloaded before import = 0
Number of asset objects unloaded after import = 1
========================================================================
Received Import Request.
  Time since last request: 0.000079 seconds.
  path: Assets/sts/audio/sound/SOTE_SFX_SlowMagic_Beam_v1.ogg
  artifactKey: Guid(1d318df229b96d247bb2dd9b80e3cabb) Importer(2089858483,0ecaa5967403d082aa24f35e1b516d23)
Start importing Assets/sts/audio/sound/SOTE_SFX_SlowMagic_Beam_v1.ogg using Guid(1d318df229b96d247bb2dd9b80e3cabb) Importer(2089858483,0ecaa5967403d082aa24f35e1b516d23) [PhysX] Initialized MultithreadedTaskDispatcher with 28 workers.
 -> (artifact id: '6f0eb1406aeaa484f87db0dc782d4740') in 0.020685 seconds
Number of updated asset objects reloaded before import = 0
Number of asset objects unloaded after import = 1
========================================================================
Received Import Request.
  Time since last request: 0.000019 seconds.
  path: Assets/sts/audio/sound/SOTE_SFX_Relic_PrayerBowl_Mystical.ogg
  artifactKey: Guid(8cf4e35150350d448ada70a38f449ece) Importer(2089858483,0ecaa5967403d082aa24f35e1b516d23)
Start importing Assets/sts/audio/sound/SOTE_SFX_Relic_PrayerBowl_Mystical.ogg using Guid(8cf4e35150350d448ada70a38f449ece) Importer(2089858483,0ecaa5967403d082aa24f35e1b516d23) [PhysX] Initialized MultithreadedTaskDispatcher with 28 workers.
 -> (artifact id: '32bf083e63cd5a6d7782e615ea90f86a') in 0.019815 seconds
Number of updated asset objects reloaded before import = 0
Number of asset objects unloaded after import = 1
========================================================================
Received Import Request.
  Time since last request: 0.000029 seconds.
  path: Assets/sts/audio/sound/SOTE_SFX_ObtainCard_v2.ogg.import
  artifactKey: Guid(59ce0f1736deb264092bc9676e7cfa02) Importer(2089858483,0ecaa5967403d082aa24f35e1b516d23)
Start importing Assets/sts/audio/sound/SOTE_SFX_ObtainCard_v2.ogg.import using Guid(59ce0f1736deb264092bc9676e7cfa02) Importer(2089858483,0ecaa5967403d082aa24f35e1b516d23) [PhysX] Initialized MultithreadedTaskDispatcher with 28 workers.
 -> (artifact id: 'be523b42ef742b22a86a999d2d3223be') in 0.003445 seconds
Number of updated asset objects reloaded before import = 0
Number of asset objects unloaded after import = 1
========================================================================
Received Import Request.
  Time since last request: 0.000030 seconds.
  path: Assets/sts/audio/sound/SOTE_SFX_Map_1_v3.ogg.import
  artifactKey: Guid(ce55950a680950e49a4a0cd8ca36b97d) Importer(2089858483,0ecaa5967403d082aa24f35e1b516d23)
Start importing Assets/sts/audio/sound/SOTE_SFX_Map_1_v3.ogg.import using Guid(ce55950a680950e49a4a0cd8ca36b97d) Importer(2089858483,0ecaa5967403d082aa24f35e1b516d23) [PhysX] Initialized MultithreadedTaskDispatcher with 28 workers.
 -> (artifact id: 'b655b05cf822b533daaa9a86af607d9a') in 0.002300 seconds
Number of updated asset objects reloaded before import = 0
Number of asset objects unloaded after import = 1
========================================================================
Received Import Request.
  Time since last request: 0.000031 seconds.
  path: Assets/sts/audio/sound/SOTE_SFX_RageCard_v1.ogg
  artifactKey: Guid(33816b47452106648b11696def99051e) Importer(2089858483,0ecaa5967403d082aa24f35e1b516d23)
Start importing Assets/sts/audio/sound/SOTE_SFX_RageCard_v1.ogg using Guid(33816b47452106648b11696def99051e) Importer(2089858483,0ecaa5967403d082aa24f35e1b516d23) [PhysX] Initialized MultithreadedTaskDispatcher with 28 workers.
 -> (artifact id: 'e2042d918e0af7dda97aba30394523c7') in 0.020374 seconds
Number of updated asset objects reloaded before import = 0
Number of asset objects unloaded after import = 1
========================================================================
Received Import Request.
  Time since last request: 0.000062 seconds.
  path: Assets/sts/audio/sound/SOTE_SFX_UIHover_v2.wav.import
  artifactKey: Guid(f06d9c4d108dc1d48b13a8d39c4c5172) Importer(2089858483,0ecaa5967403d082aa24f35e1b516d23)
Start importing Assets/sts/audio/sound/SOTE_SFX_UIHover_v2.wav.import using Guid(f06d9c4d108dc1d48b13a8d39c4c5172) Importer(2089858483,0ecaa5967403d082aa24f35e1b516d23) [PhysX] Initialized MultithreadedTaskDispatcher with 28 workers.
 -> (artifact id: '22e0bc85b30e0ae4b7f4af132e460539') in 0.003446 seconds
Number of updated asset objects reloaded before import = 0
Number of asset objects unloaded after import = 1
========================================================================
Received Import Request.
  Time since last request: 0.000090 seconds.
  path: Assets/sts/audio/sound/SOTE_SFX_SlowMagic_BeamShort_v1.ogg
  artifactKey: Guid(766f2b51f4e9321418aadd83144529cf) Importer(2089858483,0ecaa5967403d082aa24f35e1b516d23)
Start importing Assets/sts/audio/sound/SOTE_SFX_SlowMagic_BeamShort_v1.ogg using Guid(766f2b51f4e9321418aadd83144529cf) Importer(2089858483,0ecaa5967403d082aa24f35e1b516d23) [PhysX] Initialized MultithreadedTaskDispatcher with 28 workers.
 -> (artifact id: '8c0fa3e722e4b06ea39c18077a794d6e') in 0.021186 seconds
Number of updated asset objects reloaded before import = 0
Number of asset objects unloaded after import = 1
========================================================================
Received Import Request.
  Time since last request: 0.000021 seconds.
  path: Assets/sts/audio/sound/SOTE_SFX_SlowThrow_1_v1.ogg.import
  artifactKey: Guid(861250c7a2df28f41a4fe96e7b77930b) Importer(2089858483,0ecaa5967403d082aa24f35e1b516d23)
Start importing Assets/sts/audio/sound/SOTE_SFX_SlowThrow_1_v1.ogg.import using Guid(861250c7a2df28f41a4fe96e7b77930b) Importer(2089858483,0ecaa5967403d082aa24f35e1b516d23) [PhysX] Initialized MultithreadedTaskDispatcher with 28 workers.
 -> (artifact id: 'b16d7c03fd510fec9ddc53c6c0022208') in 0.002677 seconds
Number of updated asset objects reloaded before import = 0
Number of asset objects unloaded after import = 1
========================================================================
Received Import Request.
  Time since last request: 0.000036 seconds.
  path: Assets/sts/audio/sound/SOTE_SFX_Relic_PrayerBowl_Mystical.ogg.import
  artifactKey: Guid(65909f165d007c445931888b7a69559f) Importer(2089858483,0ecaa5967403d082aa24f35e1b516d23)
Start importing Assets/sts/audio/sound/SOTE_SFX_Relic_PrayerBowl_Mystical.ogg.import using Guid(65909f165d007c445931888b7a69559f) Importer(2089858483,0ecaa5967403d082aa24f35e1b516d23) [PhysX] Initialized MultithreadedTaskDispatcher with 28 workers.
 -> (artifact id: '11e79016f0a78a8f8161bdea7d5744c1') in 0.003282 seconds
Number of updated asset objects reloaded before import = 0
Number of asset objects unloaded after import = 1
========================================================================
Received Import Request.
  Time since last request: 0.000071 seconds.
  path: Assets/sts/audio/sound/SOTE_SFX_SlimeSplit_v1.ogg.import
  artifactKey: Guid(e7d19b727091a1346ad963c7f58a95d2) Importer(2089858483,0ecaa5967403d082aa24f35e1b516d23)
Start importing Assets/sts/audio/sound/SOTE_SFX_SlimeSplit_v1.ogg.import using Guid(e7d19b727091a1346ad963c7f58a95d2) Importer(2089858483,0ecaa5967403d082aa24f35e1b516d23) [PhysX] Initialized MultithreadedTaskDispatcher with 28 workers.
 -> (artifact id: '084c43494bb011c8204cc362daf47e9e') in 0.002381 seconds
Number of updated asset objects reloaded before import = 0
Number of asset objects unloaded after import = 1
========================================================================
Received Import Request.
  Time since last request: 0.000013 seconds.
  path: Assets/sts/audio/sound/STS_SFX_BattleStart_Boss_v1.ogg.import
  artifactKey: Guid(e187373ec2c89344b9f304b999b71d38) Importer(2089858483,0ecaa5967403d082aa24f35e1b516d23)
Start importing Assets/sts/audio/sound/STS_SFX_BattleStart_Boss_v1.ogg.import using Guid(e187373ec2c89344b9f304b999b71d38) Importer(2089858483,0ecaa5967403d082aa24f35e1b516d23) [PhysX] Initialized MultithreadedTaskDispatcher with 28 workers.
 -> (artifact id: 'e30a0421ffd7441cb3de8680f4c41408') in 0.003467 seconds
Number of updated asset objects reloaded before import = 0
Number of asset objects unloaded after import = 1
========================================================================
Received Import Request.
  Time since last request: 0.000062 seconds.
  path: Assets/sts/audio/sound/SOTE_SFX_PoisonCard_2_v1.ogg
  artifactKey: Guid(1d5938b0e8d642849b8c1d548f67709f) Importer(2089858483,0ecaa5967403d082aa24f35e1b516d23)
Start importing Assets/sts/audio/sound/SOTE_SFX_PoisonCard_2_v1.ogg using Guid(1d5938b0e8d642849b8c1d548f67709f) Importer(2089858483,0ecaa5967403d082aa24f35e1b516d23) [PhysX] Initialized MultithreadedTaskDispatcher with 28 workers.
 -> (artifact id: '2ed8461ee52c6f5da59b371b54f07ae4') in 0.018361 seconds
Number of updated asset objects reloaded before import = 0
Number of asset objects unloaded after import = 1
========================================================================
Received Prepare
Caller must complete domain reload
Begin MonoManager ReloadAssembly
Symbol file LoadedFromMemory is not a mono symbol file
- Loaded All Assemblies, in  0.517 seconds
Native extension for WindowsStandalone target not found
[ScriptCompilation] NOT recompiling all scripts because this is an import worker process. Reason to compile was: Define symbols changed
[Package Manager] Server::EnsureServerProcessIsRunning -- launch failed, reason: Unity was launched with the -noUpm command-line argument
[Package Manager] UpmClient::Send -- Unable to send message (not connected to UPM process).
[Package Manager] Cannot connect to Unity Package Manager local server
Mono: successfully reloaded assembly
- Finished resetting the current domain, in  0.395 seconds
Domain Reload Profiling: 913ms
	BeginReloadAssembly (317ms)
		ExecutionOrderSort (0ms)
		DisableScriptedObjects (224ms)
		BackupInstance (0ms)
		ReleaseScriptingObjects (0ms)
		CreateAndSetChildDomain (23ms)
	RebuildCommonClasses (20ms)
	RebuildNativeTypeToScriptingClass (6ms)
	initialDomainReloadingComplete (19ms)
	LoadAllAssembliesAndSetupDomain (156ms)
		LoadAssemblies (191ms)
		RebuildTransferFunctionScriptingTraits (0ms)
		AnalyzeDomain (12ms)
			TypeCache.Refresh (6ms)
				TypeCache.ScanAssembly (0ms)
			ScanForSourceGeneratedMonoScriptInfo (0ms)
			ResolveRequiredComponents (5ms)
	FinalizeReload (396ms)
		ReleaseScriptCaches (0ms)
		RebuildScriptCaches (0ms)
		SetupLoadedEditorAssemblies (267ms)
			LogAssemblyErrors (0ms)
			InitializePlatformSupportModulesInManaged (3ms)
			SetLoadedEditorAssemblies (3ms)
			RefreshPlugins (0ms)
			BeforeProcessingInitializeOnLoad (42ms)
			ProcessInitializeOnLoadAttributes (183ms)
			ProcessInitializeOnLoadMethodAttributes (35ms)
			AfterProcessingInitializeOnLoad (1ms)
			EditorAssembliesLoaded (0ms)
		ExecutionOrderSort2 (0ms)
		AwakeInstancesAfterBackupRestoration (8ms)
Refreshing native plugins compatible for Editor in 4.12 ms, found 4 plugins.
Preloading 0 native plugins for Editor in 0.00 ms.
Unloading 4307 Unused Serialized files (Serialized files now loaded: 0)
Unloading 28 unused Assets / (215.7 KB). Loaded Objects now: 4779.
Memory consumption went from 153.2 MB to 153.0 MB.
Total: 2.990200 ms (FindLiveObjects: 0.196900 ms CreateObjectMapping: 0.064800 ms MarkObjects: 2.529200 ms  DeleteObjects: 0.198200 ms)

Prepare: number of updated asset objects reloaded= 0
AssetImportParameters requested are different than current active one (requested -> active):
  custom:container-demuxer-ogg: 62fdf1f143b41e24485cea50d1cbac27 -> 
  custom:video-codec-MediaFoundation-h265: 746d11721c4dcdbdad8f713fa42b33f4 -> 
  custom:video-decoder-ogg-theora: a1e56fd34408186e4bbccfd4996cb3dc -> 
  custom:framework-win-MediaFoundation: 216162199b28c13a410421893ffa2e32 -> 
  custom:CustomObjectIndexerAttribute: 9a22284fe3817be447336de3de66b15e -> 
  custom:container-demuxer-webm: 4f35f7cbe854078d1ac9338744f61a02 -> 
  custom:container-muxer-webm: aa71ff27fc2769a1b78a27578f13a17b -> 
  custom:video-decoder-webm-vp8: 9c59270c3fd7afecdb556c50c9e8de78 -> 
  custom:SearchIndexIgnoredProperties: e643bd26f0fe6173181afceb89e7c659 -> 
  custom:AudioImporter_EditorPlatform: d09bf68614088b80899f8185d706f6e7 -> 
  custom:video-encoder-webm-vp8: eb34c28f22e8b96e1ab97ce403110664 -> 
  custom:audio-decoder-ogg-vorbis: bf7c407c2cedff20999df2af8eb42d56 -> 
  custom:audio-encoder-webm-vorbis: bf7c407c2cedff20999df2af8eb42d56 -> 
Editor requested this worker to shutdown with reason: Scaling down because of idle timeout
TcpMessagingSession - receive error: operation aborted. errorcode: 995, details:  I/O 
AssetImportWorker is now disconnected from the server
Process exiting
Exiting without the bug reporter. Application will terminate with return code 0