Using pre-set license
Built from '2022.3/china_unity/release' branch; Version is '2022.3.62f2c1 (92e6e6be66dc) revision 9627366'; Using compiler version '192829333'; Build Type 'Release'
OS: 'Windows 11  (10.0.26100) 64bit CoreCountrySpecific' Language: 'zh' Physical Memory: 32481 MB
BatchMode: 1, IsHumanControllingUs: 0, StartBugReporterOnCrash: 0, Is64bit: 1, IsPro: 1

COMMAND LINE ARGUMENTS:
D:\unity\2022.3.62f2c1\Editor\Unity.exe
-adb2
-batchMode
-noUpm
-name
AssetImportWorker4
-projectPath
C:/Users/szpro/Desktop/SZ/game/joeys-nightmare-2/joeys-nightmare2
-logFile
Logs/AssetImportWorker4.log
-srvPort
6082
Successfully changed project path to: C:/Users/szpro/Desktop/SZ/game/joeys-nightmare-2/joeys-nightmare2
C:/Users/szpro/Desktop/SZ/game/joeys-nightmare-2/joeys-nightmare2
[UnityMemory] Configuration Parameters - Can be set up in boot.config
    "memorysetup-bucket-allocator-granularity=16"
    "memorysetup-bucket-allocator-bucket-count=8"
    "memorysetup-bucket-allocator-block-size=33554432"
    "memorysetup-bucket-allocator-block-count=8"
    "memorysetup-main-allocator-block-size=16777216"
    "memorysetup-thread-allocator-block-size=16777216"
    "memorysetup-gfx-main-allocator-block-size=16777216"
    "memorysetup-gfx-thread-allocator-block-size=16777216"
    "memorysetup-cache-allocator-block-size=4194304"
    "memorysetup-typetree-allocator-block-size=2097152"
    "memorysetup-profiler-bucket-allocator-granularity=16"
    "memorysetup-profiler-bucket-allocator-bucket-count=8"
    "memorysetup-profiler-bucket-allocator-block-size=33554432"
    "memorysetup-profiler-bucket-allocator-block-count=8"
    "memorysetup-profiler-allocator-block-size=16777216"
    "memorysetup-profiler-editor-allocator-block-size=1048576"
    "memorysetup-temp-allocator-size-main=16777216"
    "memorysetup-job-temp-allocator-block-size=2097152"
    "memorysetup-job-temp-allocator-block-size-background=1048576"
    "memorysetup-job-temp-allocator-reduction-small-platforms=262144"
    "memorysetup-allocator-temp-initial-block-size-main=262144"
    "memorysetup-allocator-temp-initial-block-size-worker=262144"
    "memorysetup-temp-allocator-size-background-worker=32768"
    "memorysetup-temp-allocator-size-job-worker=262144"
    "memorysetup-temp-allocator-size-preload-manager=33554432"
    "memorysetup-temp-allocator-size-nav-mesh-worker=65536"
    "memorysetup-temp-allocator-size-audio-worker=65536"
    "memorysetup-temp-allocator-size-cloud-worker=32768"
    "memorysetup-temp-allocator-size-gi-baking-worker=262144"
    "memorysetup-temp-allocator-size-gfx=262144"
Player connection [28224]  Target information:

Player connection [28224]  * "[IP] 192.168.3.14 [Port] 0 [Flags] 2 [Guid] 3724683913 [EditorId] 3724683913 [Version] 1048832 [Id] WindowsEditor(7,SZ) [Debug] 1 [PackageName] WindowsEditor [ProjectName] Editor" 

Player connection [28224] Host joined multi-casting on [225.0.0.222:54997]...
Player connection [28224] Host joined alternative multi-casting on [225.0.0.222:34997]...
Input System module state changed to: Initialized.
[PhysX] Initialized MultithreadedTaskDispatcher with 28 workers.
Refreshing native plugins compatible for Editor in 6.70 ms, found 4 plugins.
Preloading 0 native plugins for Editor in 0.00 ms.
Initialize engine version: 2022.3.62f2c1 (92e6e6be66dc)
[Subsystems] Discovering subsystems at path D:/unity/2022.3.62f2c1/Editor/Data/Resources/UnitySubsystems
[Subsystems] Discovering subsystems at path C:/Users/szpro/Desktop/SZ/game/joeys-nightmare-2/joeys-nightmare2/Assets
GfxDevice: creating device client; threaded=0; jobified=0
Direct3D:
    Version:  Direct3D 11.0 [level 11.1]
    Renderer: NVIDIA GeForce RTX 4070 SUPER (ID=0x2783)
    Vendor:   NVIDIA
    VRAM:     11999 MB
    Driver:   32.0.15.7296
Initialize mono
Mono path[0] = 'D:/unity/2022.3.62f2c1/Editor/Data/Managed'
Mono path[1] = 'D:/unity/2022.3.62f2c1/Editor/Data/MonoBleedingEdge/lib/mono/unityjit-win32'
Mono config path = 'D:/unity/2022.3.62f2c1/Editor/Data/MonoBleedingEdge/etc'
Using monoOptions --debugger-agent=transport=dt_socket,embedding=1,server=y,suspend=n,address=127.0.0.1:56816
Begin MonoManager ReloadAssembly
Registering precompiled unity dll's ...
Register platform support module: D:/unity/2022.3.62f2c1/Editor/Data/PlaybackEngines/WindowsStandaloneSupport/UnityEditor.WindowsStandalone.Extensions.dll
Registered in 0.001991 seconds.
- Loaded All Assemblies, in  0.186 seconds
Native extension for WindowsStandalone target not found
Mono: successfully reloaded assembly
- Finished resetting the current domain, in  0.158 seconds
Domain Reload Profiling: 344ms
	BeginReloadAssembly (54ms)
		ExecutionOrderSort (0ms)
		DisableScriptedObjects (0ms)
		BackupInstance (0ms)
		ReleaseScriptingObjects (0ms)
		CreateAndSetChildDomain (0ms)
	RebuildCommonClasses (18ms)
	RebuildNativeTypeToScriptingClass (5ms)
	initialDomainReloadingComplete (27ms)
	LoadAllAssembliesAndSetupDomain (80ms)
		LoadAssemblies (54ms)
		RebuildTransferFunctionScriptingTraits (0ms)
		AnalyzeDomain (79ms)
			TypeCache.Refresh (79ms)
				TypeCache.ScanAssembly (71ms)
			ScanForSourceGeneratedMonoScriptInfo (0ms)
			ResolveRequiredComponents (0ms)
	FinalizeReload (158ms)
		ReleaseScriptCaches (0ms)
		RebuildScriptCaches (0ms)
		SetupLoadedEditorAssemblies (131ms)
			LogAssemblyErrors (0ms)
			InitializePlatformSupportModulesInManaged (5ms)
			SetLoadedEditorAssemblies (4ms)
			RefreshPlugins (0ms)
			BeforeProcessingInitializeOnLoad (1ms)
			ProcessInitializeOnLoadAttributes (89ms)
			ProcessInitializeOnLoadMethodAttributes (31ms)
			AfterProcessingInitializeOnLoad (0ms)
			EditorAssembliesLoaded (0ms)
		ExecutionOrderSort2 (0ms)
		AwakeInstancesAfterBackupRestoration (0ms)
========================================================================
Worker process is ready to serve import requests
Caller must complete domain reload
Begin MonoManager ReloadAssembly
Symbol file LoadedFromMemory is not a mono symbol file
- Loaded All Assemblies, in  0.376 seconds
Native extension for WindowsStandalone target not found
Package Manager log level set to [2]
[Package Manager] Server::EnsureServerProcessIsRunning -- launch failed, reason: Unity was launched with the -noUpm command-line argument
[Package Manager] UpmClient::Send -- Unable to send message (not connected to UPM process).
[Package Manager] Cannot connect to Unity Package Manager local server
Mono: successfully reloaded assembly
- Finished resetting the current domain, in  0.378 seconds
Domain Reload Profiling: 754ms
	BeginReloadAssembly (78ms)
		ExecutionOrderSort (0ms)
		DisableScriptedObjects (3ms)
		BackupInstance (0ms)
		ReleaseScriptingObjects (0ms)
		CreateAndSetChildDomain (14ms)
	RebuildCommonClasses (18ms)
	RebuildNativeTypeToScriptingClass (7ms)
	initialDomainReloadingComplete (26ms)
	LoadAllAssembliesAndSetupDomain (247ms)
		LoadAssemblies (177ms)
		RebuildTransferFunctionScriptingTraits (0ms)
		AnalyzeDomain (112ms)
			TypeCache.Refresh (94ms)
				TypeCache.ScanAssembly (83ms)
			ScanForSourceGeneratedMonoScriptInfo (14ms)
			ResolveRequiredComponents (3ms)
	FinalizeReload (379ms)
		ReleaseScriptCaches (0ms)
		RebuildScriptCaches (0ms)
		SetupLoadedEditorAssemblies (290ms)
			LogAssemblyErrors (0ms)
			InitializePlatformSupportModulesInManaged (3ms)
			SetLoadedEditorAssemblies (2ms)
			RefreshPlugins (0ms)
			BeforeProcessingInitializeOnLoad (39ms)
			ProcessInitializeOnLoadAttributes (213ms)
			ProcessInitializeOnLoadMethodAttributes (31ms)
			AfterProcessingInitializeOnLoad (2ms)
			EditorAssembliesLoaded (0ms)
		ExecutionOrderSort2 (0ms)
		AwakeInstancesAfterBackupRestoration (5ms)
Launched and connected shader compiler UnityShaderCompiler.exe after 0.05 seconds
Refreshing native plugins compatible for Editor in 3.78 ms, found 4 plugins.
Preloading 0 native plugins for Editor in 0.00 ms.
Unloading 4436 Unused Serialized files (Serialized files now loaded: 0)
Unloading 41 unused Assets / (243.4 KB). Loaded Objects now: 4898.
Memory consumption went from 157.0 MB to 156.8 MB.
Total: 2.657400 ms (FindLiveObjects: 0.248400 ms CreateObjectMapping: 0.099300 ms MarkObjects: 2.149100 ms  DeleteObjects: 0.159700 ms)

AssetImportParameters requested are different than current active one (requested -> active):
  custom:container-demuxer-ogg: 62fdf1f143b41e24485cea50d1cbac27 -> 
  custom:video-codec-MediaFoundation-h265: 746d11721c4dcdbdad8f713fa42b33f4 -> 
  custom:video-decoder-ogg-theora: a1e56fd34408186e4bbccfd4996cb3dc -> 
  custom:framework-win-MediaFoundation: 216162199b28c13a410421893ffa2e32 -> 
  custom:CustomObjectIndexerAttribute: 9a22284fe3817be447336de3de66b15e -> 
  custom:container-demuxer-webm: 4f35f7cbe854078d1ac9338744f61a02 -> 
  custom:container-muxer-webm: aa71ff27fc2769a1b78a27578f13a17b -> 
  custom:video-decoder-webm-vp8: 9c59270c3fd7afecdb556c50c9e8de78 -> 
  custom:SearchIndexIgnoredProperties: e643bd26f0fe6173181afceb89e7c659 -> 
  custom:AudioImporter_EditorPlatform: d09bf68614088b80899f8185d706f6e7 -> 
  custom:video-encoder-webm-vp8: eb34c28f22e8b96e1ab97ce403110664 -> 
  custom:audio-decoder-ogg-vorbis: bf7c407c2cedff20999df2af8eb42d56 -> 
  custom:audio-encoder-webm-vorbis: bf7c407c2cedff20999df2af8eb42d56 -> 
========================================================================
Received Import Request.
  Time since last request: 848162.071356 seconds.
  path: Assets/sts/images/ui/topPanel/blue/1.png
  artifactKey: Guid(c9ee5653dd373cf45af94cb762752fc8) Importer(815301076,1909f56bfc062723c751e8b465ee728b)
Start importing Assets/sts/images/ui/topPanel/blue/1.png using Guid(c9ee5653dd373cf45af94cb762752fc8) Importer(815301076,1909f56bfc062723c751e8b465ee728b) [PhysX] Initialized MultithreadedTaskDispatcher with 28 workers.
[PhysX] Initialized MultithreadedTaskDispatcher with 28 workers.
 -> (artifact id: '388a5e9db8aaa97403c169a0e6ce1b20') in 0.055313 seconds
Number of updated asset objects reloaded before import = 0
Number of asset objects unloaded after import = 3
========================================================================
Received Import Request.
  Time since last request: 1.269901 seconds.
  path: Assets/sts/images/ui/topPanel/blue/3.png
  artifactKey: Guid(5ac3e64e9cbe9c64a9b59a971c6d8513) Importer(815301076,1909f56bfc062723c751e8b465ee728b)
Start importing Assets/sts/images/ui/topPanel/blue/3.png using Guid(5ac3e64e9cbe9c64a9b59a971c6d8513) Importer(815301076,1909f56bfc062723c751e8b465ee728b) [PhysX] Initialized MultithreadedTaskDispatcher with 28 workers.
[PhysX] Initialized MultithreadedTaskDispatcher with 28 workers.
 -> (artifact id: 'd17911c7217b93705834e0d61cdfa6d9') in 0.006579 seconds
Number of updated asset objects reloaded before import = 0
Number of asset objects unloaded after import = 3
========================================================================
Received Import Request.
  Time since last request: 0.030369 seconds.
  path: Assets/sts/images/ui/intent/tip/3.png
  artifactKey: Guid(889e684b9979f204ea3964e404583f40) Importer(815301076,1909f56bfc062723c751e8b465ee728b)
Start importing Assets/sts/images/ui/intent/tip/3.png using Guid(889e684b9979f204ea3964e404583f40) Importer(815301076,1909f56bfc062723c751e8b465ee728b) [PhysX] Initialized MultithreadedTaskDispatcher with 28 workers.
[PhysX] Initialized MultithreadedTaskDispatcher with 28 workers.
 -> (artifact id: '337fea9292a2110b115eb1d0a1bf7be2') in 0.006076 seconds
Number of updated asset objects reloaded before import = 0
Number of asset objects unloaded after import = 3
========================================================================
Received Import Request.
  Time since last request: 0.036046 seconds.
  path: Assets/sts/images/ui/topPanel/blue/4.png
  artifactKey: Guid(e737fb5004ee4a744a242955150ced5e) Importer(815301076,1909f56bfc062723c751e8b465ee728b)
Start importing Assets/sts/images/ui/topPanel/blue/4.png using Guid(e737fb5004ee4a744a242955150ced5e) Importer(815301076,1909f56bfc062723c751e8b465ee728b) [PhysX] Initialized MultithreadedTaskDispatcher with 28 workers.
[PhysX] Initialized MultithreadedTaskDispatcher with 28 workers.
 -> (artifact id: '34f85aff7982fccdb59e54990368c39c') in 0.005582 seconds
Number of updated asset objects reloaded before import = 0
Number of asset objects unloaded after import = 3
========================================================================
Received Import Request.
  Time since last request: 0.417590 seconds.
  path: Assets/sts/images/ui/topPanel/blue/4d.png
  artifactKey: Guid(f75b2d4d7c736184cbe5b04fc034914b) Importer(815301076,1909f56bfc062723c751e8b465ee728b)
Start importing Assets/sts/images/ui/topPanel/blue/4d.png using Guid(f75b2d4d7c736184cbe5b04fc034914b) Importer(815301076,1909f56bfc062723c751e8b465ee728b) [PhysX] Initialized MultithreadedTaskDispatcher with 28 workers.
[PhysX] Initialized MultithreadedTaskDispatcher with 28 workers.
 -> (artifact id: '4c58829ac61f172286bc63c731eb0ab5') in 0.006688 seconds
Number of updated asset objects reloaded before import = 0
Number of asset objects unloaded after import = 3
========================================================================
Received Import Request.
  Time since last request: 0.017073 seconds.
  path: Assets/sts/images/ui/intent/tip/5.png
  artifactKey: Guid(1b5124f0c7929a64090a4c2cc7d86392) Importer(815301076,1909f56bfc062723c751e8b465ee728b)
Start importing Assets/sts/images/ui/intent/tip/5.png using Guid(1b5124f0c7929a64090a4c2cc7d86392) Importer(815301076,1909f56bfc062723c751e8b465ee728b) [PhysX] Initialized MultithreadedTaskDispatcher with 28 workers.
[PhysX] Initialized MultithreadedTaskDispatcher with 28 workers.
 -> (artifact id: 'a04e6794273ad8f51dd6d4b462bedc08') in 0.024586 seconds
Number of updated asset objects reloaded before import = 0
Number of asset objects unloaded after import = 3
========================================================================
Received Import Request.
  Time since last request: 0.009782 seconds.
  path: Assets/sts/images/ui/intent/tip/6.png
  artifactKey: Guid(649469baa5ab5b5409d8446bb07cd129) Importer(815301076,1909f56bfc062723c751e8b465ee728b)
Start importing Assets/sts/images/ui/intent/tip/6.png using Guid(649469baa5ab5b5409d8446bb07cd129) Importer(815301076,1909f56bfc062723c751e8b465ee728b) [PhysX] Initialized MultithreadedTaskDispatcher with 28 workers.
[PhysX] Initialized MultithreadedTaskDispatcher with 28 workers.
 -> (artifact id: '7cfd627211a26ef85b312ed59a8d01df') in 0.004502 seconds
Number of updated asset objects reloaded before import = 0
Number of asset objects unloaded after import = 3
========================================================================
Received Import Request.
  Time since last request: 0.979275 seconds.
  path: Assets/sts/images/ui/controller/switch/a.png
  artifactKey: Guid(90a75d95d2c536f4d8b3c34ea3523a13) Importer(815301076,1909f56bfc062723c751e8b465ee728b)
Start importing Assets/sts/images/ui/controller/switch/a.png using Guid(90a75d95d2c536f4d8b3c34ea3523a13) Importer(815301076,1909f56bfc062723c751e8b465ee728b) [PhysX] Initialized MultithreadedTaskDispatcher with 28 workers.
[PhysX] Initialized MultithreadedTaskDispatcher with 28 workers.
 -> (artifact id: '63c6c7a68c431b904562f633f6329c3f') in 0.005925 seconds
Number of updated asset objects reloaded before import = 0
Number of asset objects unloaded after import = 3
========================================================================
Received Import Request.
  Time since last request: 0.013239 seconds.
  path: Assets/sts/images/ui/controller/ps4/a.png
  artifactKey: Guid(2269277d01ad70147bfc8b420ce4b604) Importer(815301076,1909f56bfc062723c751e8b465ee728b)
Start importing Assets/sts/images/ui/controller/ps4/a.png using Guid(2269277d01ad70147bfc8b420ce4b604) Importer(815301076,1909f56bfc062723c751e8b465ee728b) [PhysX] Initialized MultithreadedTaskDispatcher with 28 workers.
[PhysX] Initialized MultithreadedTaskDispatcher with 28 workers.
 -> (artifact id: '7bf24d70e6e73c14d66cb0d218b8fe9b') in 0.005145 seconds
Number of updated asset objects reloaded before import = 0
Number of asset objects unloaded after import = 3
========================================================================
Received Import Request.
  Time since last request: 0.010951 seconds.
  path: Assets/sts/images/1024Portraits/green/power/a_thousand_cuts.png
  artifactKey: Guid(d846624fb862d1d4996c7081368f1f5f) Importer(815301076,1909f56bfc062723c751e8b465ee728b)
Start importing Assets/sts/images/1024Portraits/green/power/a_thousand_cuts.png using Guid(d846624fb862d1d4996c7081368f1f5f) Importer(815301076,1909f56bfc062723c751e8b465ee728b) [PhysX] Initialized MultithreadedTaskDispatcher with 28 workers.
[PhysX] Initialized MultithreadedTaskDispatcher with 28 workers.
 -> (artifact id: 'adfe0505161c25fa61528dec55a4b340') in 0.007125 seconds
Number of updated asset objects reloaded before import = 0
Number of asset objects unloaded after import = 3
========================================================================
Received Import Request.
  Time since last request: 224.275745 seconds.
  path: Assets/sts
  artifactKey: Guid(6da055c5a0a42e646aa337e0045d5ed5) Importer(815301076,1909f56bfc062723c751e8b465ee728b)
Start importing Assets/sts using Guid(6da055c5a0a42e646aa337e0045d5ed5) Importer(815301076,1909f56bfc062723c751e8b465ee728b) [PhysX] Initialized MultithreadedTaskDispatcher with 28 workers.
 -> (artifact id: '74e49ed8c62be060fb0aaa9e26d67b97') in 0.000471 seconds
Number of updated asset objects reloaded before import = 0
Number of asset objects unloaded after import = 0
========================================================================
Received Import Request.
  Time since last request: 3.464832 seconds.
  path: Assets/sts/cardui
  artifactKey: Guid(7109607863d4e4e4887dafc1457ff430) Importer(815301076,1909f56bfc062723c751e8b465ee728b)
Start importing Assets/sts/cardui using Guid(7109607863d4e4e4887dafc1457ff430) Importer(815301076,1909f56bfc062723c751e8b465ee728b) [PhysX] Initialized MultithreadedTaskDispatcher with 28 workers.
 -> (artifact id: '63ea4d2759964b2409478d1f38bc8d46') in 0.000393 seconds
Number of updated asset objects reloaded before import = 0
Number of asset objects unloaded after import = 0
========================================================================
Received Import Request.
  Time since last request: 0.069349 seconds.
  path: Assets/sts/cardui/cardui.png
  artifactKey: Guid(2a41251a7dc11384d80382d35e223af7) Importer(815301076,1909f56bfc062723c751e8b465ee728b)
Start importing Assets/sts/cardui/cardui.png using Guid(2a41251a7dc11384d80382d35e223af7) Importer(815301076,1909f56bfc062723c751e8b465ee728b) [PhysX] Initialized MultithreadedTaskDispatcher with 28 workers.
[PhysX] Initialized MultithreadedTaskDispatcher with 28 workers.
 -> (artifact id: '642a751f6bd0bdd6027735741794c218') in 0.024231 seconds
Number of updated asset objects reloaded before import = 0
Number of asset objects unloaded after import = 3
========================================================================
Received Import Request.
  Time since last request: 0.000072 seconds.
  path: Assets/sts/cardui/cardui4.png
  artifactKey: Guid(1ff127e1ee4a2f64f83fb7de4978c00e) Importer(815301076,1909f56bfc062723c751e8b465ee728b)
Start importing Assets/sts/cardui/cardui4.png using Guid(1ff127e1ee4a2f64f83fb7de4978c00e) Importer(815301076,1909f56bfc062723c751e8b465ee728b) [PhysX] Initialized MultithreadedTaskDispatcher with 28 workers.
[PhysX] Initialized MultithreadedTaskDispatcher with 28 workers.
 -> (artifact id: 'a958ddcfa1f25530a01583ae8b7e1bd3') in 0.027185 seconds
Number of updated asset objects reloaded before import = 0
Number of asset objects unloaded after import = 3
========================================================================
Received Import Request.
  Time since last request: 17.698152 seconds.
  path: Assets/sts/cardui/cardui2.png.import
  artifactKey: Guid(1c87bb3907611fb4eb38e54592ecbbc2) Importer(815301076,1909f56bfc062723c751e8b465ee728b)
Start importing Assets/sts/cardui/cardui2.png.import using Guid(1c87bb3907611fb4eb38e54592ecbbc2) Importer(815301076,1909f56bfc062723c751e8b465ee728b) [PhysX] Initialized MultithreadedTaskDispatcher with 28 workers.
 -> (artifact id: '77721453a9ee6e1d2cd6f533cf53454e') in 0.000799 seconds
Number of updated asset objects reloaded before import = 0
Number of asset objects unloaded after import = 1
========================================================================
Received Import Request.
  Time since last request: 4.203647 seconds.
  path: Assets/sts/cardui/cardui4.png.import
  artifactKey: Guid(4a98082b3b1045c47af6e3a250dff180) Importer(815301076,1909f56bfc062723c751e8b465ee728b)
Start importing Assets/sts/cardui/cardui4.png.import using Guid(4a98082b3b1045c47af6e3a250dff180) Importer(815301076,1909f56bfc062723c751e8b465ee728b) [PhysX] Initialized MultithreadedTaskDispatcher with 28 workers.
 -> (artifact id: 'ab7a9adcc8e382a045028a08d4a09d9e') in 0.000931 seconds
Number of updated asset objects reloaded before import = 0
Number of asset objects unloaded after import = 1
========================================================================
Received Import Request.
  Time since last request: 3.614375 seconds.
  path: Assets/sts/cardui/cardui.png.import
  artifactKey: Guid(539c586b42de81346891fc5481af534f) Importer(815301076,1909f56bfc062723c751e8b465ee728b)
Start importing Assets/sts/cardui/cardui.png.import using Guid(539c586b42de81346891fc5481af534f) Importer(815301076,1909f56bfc062723c751e8b465ee728b) [PhysX] Initialized MultithreadedTaskDispatcher with 28 workers.
 -> (artifact id: '1c4010f0fd51d96741354956e5b89b8d') in 0.000743 seconds
Number of updated asset objects reloaded before import = 0
Number of asset objects unloaded after import = 1
========================================================================
Received Import Request.
  Time since last request: 10.155157 seconds.
  path: Assets/sts/cards
  artifactKey: Guid(84b0d42699844f8499123210be481b9d) Importer(815301076,1909f56bfc062723c751e8b465ee728b)
Start importing Assets/sts/cards using Guid(84b0d42699844f8499123210be481b9d) Importer(815301076,1909f56bfc062723c751e8b465ee728b) [PhysX] Initialized MultithreadedTaskDispatcher with 28 workers.
 -> (artifact id: '6a4c026eeb35dff3696985c859fe613e') in 0.000698 seconds
Number of updated asset objects reloaded before import = 0
Number of asset objects unloaded after import = 0
========================================================================
Received Import Request.
  Time since last request: 0.064122 seconds.
  path: Assets/sts/cards/cards.png
  artifactKey: Guid(4881d8ee847be9a46bc3b28b2d57b689) Importer(815301076,1909f56bfc062723c751e8b465ee728b)
Start importing Assets/sts/cards/cards.png using Guid(4881d8ee847be9a46bc3b28b2d57b689) Importer(815301076,1909f56bfc062723c751e8b465ee728b) [PhysX] Initialized MultithreadedTaskDispatcher with 28 workers.
[PhysX] Initialized MultithreadedTaskDispatcher with 28 workers.
 -> (artifact id: 'a20f8e33efc946ddc3bac4996765ce05') in 0.008869 seconds
Number of updated asset objects reloaded before import = 0
Number of asset objects unloaded after import = 3
========================================================================
Received Import Request.
  Time since last request: 0.000015 seconds.
  path: Assets/sts/cards/cards3.png
  artifactKey: Guid(f08e91dd2f0788a49b04fadf9ff95dbe) Importer(815301076,1909f56bfc062723c751e8b465ee728b)
Start importing Assets/sts/cards/cards3.png using Guid(f08e91dd2f0788a49b04fadf9ff95dbe) Importer(815301076,1909f56bfc062723c751e8b465ee728b) [PhysX] Initialized MultithreadedTaskDispatcher with 28 workers.
[PhysX] Initialized MultithreadedTaskDispatcher with 28 workers.
 -> (artifact id: 'ca64316f68cb63cc9e34e45ca27e2d37') in 0.010045 seconds
Number of updated asset objects reloaded before import = 0
Number of asset objects unloaded after import = 3
========================================================================
Received Import Request.
  Time since last request: 0.000027 seconds.
  path: Assets/sts/cards/cards5.png
  artifactKey: Guid(9bac7826f019e8a45b02d6b9b35aafd8) Importer(815301076,1909f56bfc062723c751e8b465ee728b)
Start importing Assets/sts/cards/cards5.png using Guid(9bac7826f019e8a45b02d6b9b35aafd8) Importer(815301076,1909f56bfc062723c751e8b465ee728b) [PhysX] Initialized MultithreadedTaskDispatcher with 28 workers.
[PhysX] Initialized MultithreadedTaskDispatcher with 28 workers.
 -> (artifact id: '2d214bb41636d078df49e7c04ac8b5ed') in 0.007736 seconds
Number of updated asset objects reloaded before import = 0
Number of asset objects unloaded after import = 3
========================================================================
Received Import Request.
  Time since last request: 194.686230 seconds.
  path: Assets/sts/images/1024Portraits/red/attack/carnage.png
  artifactKey: Guid(4fd82b07cba62784faf2bdce5f34f509) Importer(815301076,1909f56bfc062723c751e8b465ee728b)
Start importing Assets/sts/images/1024Portraits/red/attack/carnage.png using Guid(4fd82b07cba62784faf2bdce5f34f509) Importer(815301076,1909f56bfc062723c751e8b465ee728b) [PhysX] Initialized MultithreadedTaskDispatcher with 28 workers.
[PhysX] Initialized MultithreadedTaskDispatcher with 28 workers.
 -> (artifact id: '3c8c5f5a0f05b6b34d703bb16ea6db42') in 0.034343 seconds
Number of updated asset objects reloaded before import = 0
Number of asset objects unloaded after import = 3
========================================================================
Received Import Request.
  Time since last request: 0.000018 seconds.
  path: Assets/sts/images/1024Portraits/green/skill/catalyst.png
  artifactKey: Guid(eea687d70fa58714893a3c9805d3c4f1) Importer(815301076,1909f56bfc062723c751e8b465ee728b)
Start importing Assets/sts/images/1024Portraits/green/skill/catalyst.png using Guid(eea687d70fa58714893a3c9805d3c4f1) Importer(815301076,1909f56bfc062723c751e8b465ee728b) [PhysX] Initialized MultithreadedTaskDispatcher with 28 workers.
[PhysX] Initialized MultithreadedTaskDispatcher with 28 workers.
 -> (artifact id: 'ea8a018a5f0e6bb1553ffeb915111367') in 0.026192 seconds
Number of updated asset objects reloaded before import = 0
Number of asset objects unloaded after import = 3
========================================================================
Received Import Request.
  Time since last request: 3.900071 seconds.
  path: Assets/sts/images/tinyCards/cardBack.png
  artifactKey: Guid(f4415581a4fc55d4982c82f3bedcfc2e) Importer(815301076,1909f56bfc062723c751e8b465ee728b)
Start importing Assets/sts/images/tinyCards/cardBack.png using Guid(f4415581a4fc55d4982c82f3bedcfc2e) Importer(815301076,1909f56bfc062723c751e8b465ee728b) [PhysX] Initialized MultithreadedTaskDispatcher with 28 workers.
[PhysX] Initialized MultithreadedTaskDispatcher with 28 workers.
 -> (artifact id: '2a21b9279b2093434528ba56e429976a') in 0.008961 seconds
Number of updated asset objects reloaded before import = 0
Number of asset objects unloaded after import = 3
========================================================================
Received Import Request.
  Time since last request: 0.373764 seconds.
  path: Assets/sts/images/relics/captain_wheel.png
  artifactKey: Guid(fd2c5dfb42972f7448e927f62ec7edf5) Importer(815301076,1909f56bfc062723c751e8b465ee728b)
Start importing Assets/sts/images/relics/captain_wheel.png using Guid(fd2c5dfb42972f7448e927f62ec7edf5) Importer(815301076,1909f56bfc062723c751e8b465ee728b) [PhysX] Initialized MultithreadedTaskDispatcher with 28 workers.
[PhysX] Initialized MultithreadedTaskDispatcher with 28 workers.
 -> (artifact id: '82979f09cccf392346e35a5cd6816b4d') in 0.010411 seconds
Number of updated asset objects reloaded before import = 0
Number of asset objects unloaded after import = 3
========================================================================
Received Import Request.
  Time since last request: 0.017986 seconds.
  path: Assets/sts/images/largeRelics/captain_wheel.png
  artifactKey: Guid(f9411bfb1e3f15240809628823cf33ed) Importer(815301076,1909f56bfc062723c751e8b465ee728b)
Start importing Assets/sts/images/largeRelics/captain_wheel.png using Guid(f9411bfb1e3f15240809628823cf33ed) Importer(815301076,1909f56bfc062723c751e8b465ee728b) [PhysX] Initialized MultithreadedTaskDispatcher with 28 workers.
[PhysX] Initialized MultithreadedTaskDispatcher with 28 workers.
 -> (artifact id: 'd1f8ebe6f4ce9557cb96db5138ea518f') in 0.010193 seconds
Number of updated asset objects reloaded before import = 0
Number of asset objects unloaded after import = 3
========================================================================
Received Import Request.
  Time since last request: 0.021594 seconds.
  path: Assets/sts/images/relics/outline/cantUseRelic.png
  artifactKey: Guid(3f20bfac2f07d7e4c8b6d6c463acf1e1) Importer(815301076,1909f56bfc062723c751e8b465ee728b)
Start importing Assets/sts/images/relics/outline/cantUseRelic.png using Guid(3f20bfac2f07d7e4c8b6d6c463acf1e1) Importer(815301076,1909f56bfc062723c751e8b465ee728b) [PhysX] Initialized MultithreadedTaskDispatcher with 28 workers.
[PhysX] Initialized MultithreadedTaskDispatcher with 28 workers.
 -> (artifact id: '4622f471e45a4d5e9855dee771766c6d') in 0.007510 seconds
Number of updated asset objects reloaded before import = 0
Number of asset objects unloaded after import = 3
========================================================================
Received Import Request.
  Time since last request: 0.758838 seconds.
  path: Assets/sts/images/relics/outline/calipers.png
  artifactKey: Guid(493a43ea9cf4e2046a77eee2f4d7ce20) Importer(815301076,1909f56bfc062723c751e8b465ee728b)
Start importing Assets/sts/images/relics/outline/calipers.png using Guid(493a43ea9cf4e2046a77eee2f4d7ce20) Importer(815301076,1909f56bfc062723c751e8b465ee728b) [PhysX] Initialized MultithreadedTaskDispatcher with 28 workers.
[PhysX] Initialized MultithreadedTaskDispatcher with 28 workers.
 -> (artifact id: '2cf7455f3469ac5fd006a450f4761bf3') in 0.006218 seconds
Number of updated asset objects reloaded before import = 0
Number of asset objects unloaded after import = 3
========================================================================
Received Import Request.
  Time since last request: 0.000068 seconds.
  path: Assets/sts/images/ui/topPanel/cancelButton.png
  artifactKey: Guid(bed60bb78b190904fb6c20c984b7469d) Importer(815301076,1909f56bfc062723c751e8b465ee728b)
Start importing Assets/sts/images/ui/topPanel/cancelButton.png using Guid(bed60bb78b190904fb6c20c984b7469d) Importer(815301076,1909f56bfc062723c751e8b465ee728b) [PhysX] Initialized MultithreadedTaskDispatcher with 28 workers.
[PhysX] Initialized MultithreadedTaskDispatcher with 28 workers.
 -> (artifact id: 'e8452b39dd254edd7cb55c432bfbc660') in 0.004478 seconds
Number of updated asset objects reloaded before import = 0
Number of asset objects unloaded after import = 3
========================================================================
Received Import Request.
  Time since last request: 0.002139 seconds.
  path: Assets/sts/images/ui/topPanel/cancelButtonOutline.png
  artifactKey: Guid(0cf555a477bc7364389197ea014a888c) Importer(815301076,1909f56bfc062723c751e8b465ee728b)
Start importing Assets/sts/images/ui/topPanel/cancelButtonOutline.png using Guid(0cf555a477bc7364389197ea014a888c) Importer(815301076,1909f56bfc062723c751e8b465ee728b) [PhysX] Initialized MultithreadedTaskDispatcher with 28 workers.
[PhysX] Initialized MultithreadedTaskDispatcher with 28 workers.
 -> (artifact id: '5bc9f2518098e1b6fddc23c7a35d0274') in 0.009319 seconds
Number of updated asset objects reloaded before import = 0
Number of asset objects unloaded after import = 3
========================================================================
Received Import Request.
  Time since last request: 0.000013 seconds.
  path: Assets/sts/images/1024Portraits/green/power/caltrops.png
  artifactKey: Guid(0c613b7e779829d4ab4f24de9cd5a027) Importer(815301076,1909f56bfc062723c751e8b465ee728b)
Start importing Assets/sts/images/1024Portraits/green/power/caltrops.png using Guid(0c613b7e779829d4ab4f24de9cd5a027) Importer(815301076,1909f56bfc062723c751e8b465ee728b) [PhysX] Initialized MultithreadedTaskDispatcher with 28 workers.
[PhysX] Initialized MultithreadedTaskDispatcher with 28 workers.
 -> (artifact id: '96d473a76dbac743fc1412bc7ce15bd7') in 0.014264 seconds
Number of updated asset objects reloaded before import = 0
Number of asset objects unloaded after import = 3
========================================================================
Received Import Request.
  Time since last request: 0.003561 seconds.
  path: Assets/sts/images/1024Portraits/status/burn.png
  artifactKey: Guid(ca2a7bc1fa9904d41bdca01d55911ae5) Importer(815301076,1909f56bfc062723c751e8b465ee728b)
Start importing Assets/sts/images/1024Portraits/status/burn.png using Guid(ca2a7bc1fa9904d41bdca01d55911ae5) Importer(815301076,1909f56bfc062723c751e8b465ee728b) [PhysX] Initialized MultithreadedTaskDispatcher with 28 workers.
[PhysX] Initialized MultithreadedTaskDispatcher with 28 workers.
 -> (artifact id: '090d1666f46904db5ae5de6462c457ce') in 0.009040 seconds
Number of updated asset objects reloaded before import = 0
Number of asset objects unloaded after import = 3
========================================================================
Received Import Request.
  Time since last request: 0.000018 seconds.
  path: Assets/sts/images/ui/intent/buffVFX3.png
  artifactKey: Guid(64e3588714a2fde45b1d9c17b1243e77) Importer(815301076,1909f56bfc062723c751e8b465ee728b)
Start importing Assets/sts/images/ui/intent/buffVFX3.png using Guid(64e3588714a2fde45b1d9c17b1243e77) Importer(815301076,1909f56bfc062723c751e8b465ee728b) [PhysX] Initialized MultithreadedTaskDispatcher with 28 workers.
[PhysX] Initialized MultithreadedTaskDispatcher with 28 workers.
 -> (artifact id: '3b301768a8c43a7ec186dd27f4306954') in 0.014743 seconds
Number of updated asset objects reloaded before import = 0
Number of asset objects unloaded after import = 3
========================================================================
Received Import Request.
  Time since last request: 0.001833 seconds.
  path: Assets/sts/images/potion/bottle/body.png
  artifactKey: Guid(ab5b0a2721d048c49912cfb129742b24) Importer(815301076,1909f56bfc062723c751e8b465ee728b)
Start importing Assets/sts/images/potion/bottle/body.png using Guid(ab5b0a2721d048c49912cfb129742b24) Importer(815301076,1909f56bfc062723c751e8b465ee728b) [PhysX] Initialized MultithreadedTaskDispatcher with 28 workers.
[PhysX] Initialized MultithreadedTaskDispatcher with 28 workers.
 -> (artifact id: 'ca2ebf3cd3d283b21f5a9959fc71cbc7') in 0.010564 seconds
Number of updated asset objects reloaded before import = 0
Number of asset objects unloaded after import = 3
========================================================================
Received Import Request.
  Time since last request: 0.000022 seconds.
  path: Assets/sts/images/ui/cardlibrary/blueTab.png
  artifactKey: Guid(d9bf881465dcd5647a5c117db04571e1) Importer(815301076,1909f56bfc062723c751e8b465ee728b)
Start importing Assets/sts/images/ui/cardlibrary/blueTab.png using Guid(d9bf881465dcd5647a5c117db04571e1) Importer(815301076,1909f56bfc062723c751e8b465ee728b) [PhysX] Initialized MultithreadedTaskDispatcher with 28 workers.
[PhysX] Initialized MultithreadedTaskDispatcher with 28 workers.
 -> (artifact id: 'e0d780fdb08c07dcfd22a80f855bf593') in 0.017057 seconds
Number of updated asset objects reloaded before import = 0
Number of asset objects unloaded after import = 3
========================================================================
Received Import Request.
  Time since last request: 0.000017 seconds.
  path: Assets/sts/images/blank.png
  artifactKey: Guid(38a55a438a2215648b3be3ca5f4ea0f0) Importer(815301076,1909f56bfc062723c751e8b465ee728b)
Start importing Assets/sts/images/blank.png using Guid(38a55a438a2215648b3be3ca5f4ea0f0) Importer(815301076,1909f56bfc062723c751e8b465ee728b) [PhysX] Initialized MultithreadedTaskDispatcher with 28 workers.
[PhysX] Initialized MultithreadedTaskDispatcher with 28 workers.
 -> (artifact id: 'c5d06c4ab784ce4cd51e473f8c2e183c') in 0.017381 seconds
Number of updated asset objects reloaded before import = 0
Number of asset objects unloaded after import = 3
========================================================================
Received Import Request.
  Time since last request: 0.000020 seconds.
  path: Assets/sts/images/relics/bird_urn.png
  artifactKey: Guid(5b142c66c79100c489d7622594522486) Importer(815301076,1909f56bfc062723c751e8b465ee728b)
Start importing Assets/sts/images/relics/bird_urn.png using Guid(5b142c66c79100c489d7622594522486) Importer(815301076,1909f56bfc062723c751e8b465ee728b) [PhysX] Initialized MultithreadedTaskDispatcher with 28 workers.
[PhysX] Initialized MultithreadedTaskDispatcher with 28 workers.
 -> (artifact id: '9410ac239542d4b8a51e049c6e0e1984') in 0.008503 seconds
Number of updated asset objects reloaded before import = 0
Number of asset objects unloaded after import = 3
========================================================================
Received Import Request.
  Time since last request: 0.000022 seconds.
  path: Assets/sts/images/1024Portraits/blue/attack/blizzard.png
  artifactKey: Guid(ab2b5fe73a31de64c9362c50f11c9598) Importer(815301076,1909f56bfc062723c751e8b465ee728b)
Start importing Assets/sts/images/1024Portraits/blue/attack/blizzard.png using Guid(ab2b5fe73a31de64c9362c50f11c9598) Importer(815301076,1909f56bfc062723c751e8b465ee728b) [PhysX] Initialized MultithreadedTaskDispatcher with 28 workers.
[PhysX] Initialized MultithreadedTaskDispatcher with 28 workers.
 -> (artifact id: 'c28818731a7566bb5d6077fdafb25a17') in 0.015800 seconds
Number of updated asset objects reloaded before import = 0
Number of asset objects unloaded after import = 3
========================================================================
Received Import Request.
  Time since last request: 0.000025 seconds.
  path: Assets/sts/images/1024Portraits/blue/power/biased_cognition.png
  artifactKey: Guid(3229e1a4f65482741a55b2de2a35a9eb) Importer(815301076,1909f56bfc062723c751e8b465ee728b)
Start importing Assets/sts/images/1024Portraits/blue/power/biased_cognition.png using Guid(3229e1a4f65482741a55b2de2a35a9eb) Importer(815301076,1909f56bfc062723c751e8b465ee728b) [PhysX] Initialized MultithreadedTaskDispatcher with 28 workers.
[PhysX] Initialized MultithreadedTaskDispatcher with 28 workers.
 -> (artifact id: '2277c4268cb83bbdc14b86f3c2e487d5') in 0.026136 seconds
Number of updated asset objects reloaded before import = 0
Number of asset objects unloaded after import = 3
========================================================================
Received Import Request.
  Time since last request: 0.000036 seconds.
  path: Assets/sts/images/1024Portraits/green/attack/backstab.png
  artifactKey: Guid(02c7ab6a1ab264d44a9145b274d3d9fd) Importer(815301076,1909f56bfc062723c751e8b465ee728b)
Start importing Assets/sts/images/1024Portraits/green/attack/backstab.png using Guid(02c7ab6a1ab264d44a9145b274d3d9fd) Importer(815301076,1909f56bfc062723c751e8b465ee728b) [PhysX] Initialized MultithreadedTaskDispatcher with 28 workers.
[PhysX] Initialized MultithreadedTaskDispatcher with 28 workers.
 -> (artifact id: '43508faa824578d6d4f1485520819ff0') in 0.008834 seconds
Number of updated asset objects reloaded before import = 0
Number of asset objects unloaded after import = 3
========================================================================
Received Import Request.
  Time since last request: 0.000163 seconds.
  path: Assets/sts/images/ui/combat/block.png
  artifactKey: Guid(9994e821fa5d58844b32ba14f52495cb) Importer(815301076,1909f56bfc062723c751e8b465ee728b)
Start importing Assets/sts/images/ui/combat/block.png using Guid(9994e821fa5d58844b32ba14f52495cb) Importer(815301076,1909f56bfc062723c751e8b465ee728b) [PhysX] Initialized MultithreadedTaskDispatcher with 28 workers.
[PhysX] Initialized MultithreadedTaskDispatcher with 28 workers.
 -> (artifact id: 'e3b2ee42ed57cdd5b5508807abc431b2') in 0.013688 seconds
Number of updated asset objects reloaded before import = 0
Number of asset objects unloaded after import = 3
========================================================================
Received Import Request.
  Time since last request: 0.000028 seconds.
  path: Assets/sts/images/monsters/theForest/awakenedOne/AwakenedOne.png
  artifactKey: Guid(61f0634b1f2e775458453a41c7b014c7) Importer(815301076,1909f56bfc062723c751e8b465ee728b)
Start importing Assets/sts/images/monsters/theForest/awakenedOne/AwakenedOne.png using Guid(61f0634b1f2e775458453a41c7b014c7) Importer(815301076,1909f56bfc062723c751e8b465ee728b) [PhysX] Initialized MultithreadedTaskDispatcher with 28 workers.
[PhysX] Initialized MultithreadedTaskDispatcher with 28 workers.
 -> (artifact id: 'e6971e7ff26441a365c0a60224bb3c87') in 0.012473 seconds
Number of updated asset objects reloaded before import = 0
Number of asset objects unloaded after import = 3
========================================================================
Received Import Request.
  Time since last request: 0.000014 seconds.
  path: Assets/sts/images/ui/controller/switch/b.png
  artifactKey: Guid(0c0eb3ce505e9b543bd69ebebadd5bfb) Importer(815301076,1909f56bfc062723c751e8b465ee728b)
Start importing Assets/sts/images/ui/controller/switch/b.png using Guid(0c0eb3ce505e9b543bd69ebebadd5bfb) Importer(815301076,1909f56bfc062723c751e8b465ee728b) [PhysX] Initialized MultithreadedTaskDispatcher with 28 workers.
[PhysX] Initialized MultithreadedTaskDispatcher with 28 workers.
 -> (artifact id: 'ff8591f3ba7f2884a8b22b22eaabe7dc') in 0.008062 seconds
Number of updated asset objects reloaded before import = 0
Number of asset objects unloaded after import = 3
========================================================================
Received Import Request.
  Time since last request: 0.000028 seconds.
  path: Assets/sts/images/ui/map/bossOutline/automaton.png
  artifactKey: Guid(ea995043b12a6264ea25d94d3cac074c) Importer(815301076,1909f56bfc062723c751e8b465ee728b)
Start importing Assets/sts/images/ui/map/bossOutline/automaton.png using Guid(ea995043b12a6264ea25d94d3cac074c) Importer(815301076,1909f56bfc062723c751e8b465ee728b) [PhysX] Initialized MultithreadedTaskDispatcher with 28 workers.
[PhysX] Initialized MultithreadedTaskDispatcher with 28 workers.
 -> (artifact id: '172158175777face4da7ae0d24f12367') in 0.016965 seconds
Number of updated asset objects reloaded before import = 0
Number of asset objects unloaded after import = 3
========================================================================
Received Import Request.
  Time since last request: 0.000018 seconds.
  path: Assets/sts/images/blights/ancient.png
  artifactKey: Guid(355b4f0960b04a5478d9b93bcc6b8425) Importer(815301076,1909f56bfc062723c751e8b465ee728b)
Start importing Assets/sts/images/blights/ancient.png using Guid(355b4f0960b04a5478d9b93bcc6b8425) Importer(815301076,1909f56bfc062723c751e8b465ee728b) [PhysX] Initialized MultithreadedTaskDispatcher with 28 workers.
[PhysX] Initialized MultithreadedTaskDispatcher with 28 workers.
 -> (artifact id: '178874fa3b78217533d5dff0df1f0a4e') in 0.007738 seconds
Number of updated asset objects reloaded before import = 0
Number of asset objects unloaded after import = 3
========================================================================
Received Import Request.
  Time since last request: 0.000020 seconds.
  path: Assets/sts/images/relics/outline/anvil.png
  artifactKey: Guid(2d94cd8e3d0e4f046a658c0764207975) Importer(815301076,1909f56bfc062723c751e8b465ee728b)
Start importing Assets/sts/images/relics/outline/anvil.png using Guid(2d94cd8e3d0e4f046a658c0764207975) Importer(815301076,1909f56bfc062723c751e8b465ee728b) [PhysX] Initialized MultithreadedTaskDispatcher with 28 workers.
[PhysX] Initialized MultithreadedTaskDispatcher with 28 workers.
 -> (artifact id: '0c8a73bfbfc89215c22e79221d50cb4e') in 0.007214 seconds
Number of updated asset objects reloaded before import = 0
Number of asset objects unloaded after import = 3
========================================================================
Received Import Request.
  Time since last request: 0.000015 seconds.
  path: Assets/sts/images/1024Portraits/colorless/attack/bite.png
  artifactKey: Guid(1b421e7a02084c34f989d5b7adeaaed5) Importer(815301076,1909f56bfc062723c751e8b465ee728b)
Start importing Assets/sts/images/1024Portraits/colorless/attack/bite.png using Guid(1b421e7a02084c34f989d5b7adeaaed5) Importer(815301076,1909f56bfc062723c751e8b465ee728b) [PhysX] Initialized MultithreadedTaskDispatcher with 28 workers.
[PhysX] Initialized MultithreadedTaskDispatcher with 28 workers.
 -> (artifact id: 'fcf79290b0297d18dc7d13308eb7fa51') in 0.005820 seconds
Number of updated asset objects reloaded before import = 0
Number of asset objects unloaded after import = 3
========================================================================
Received Import Request.
  Time since last request: 0.000014 seconds.
  path: Assets/sts/images/ui/intent/buffVFX1.png
  artifactKey: Guid(f44962e7e386009498b50ae4fc7f1904) Importer(815301076,1909f56bfc062723c751e8b465ee728b)
Start importing Assets/sts/images/ui/intent/buffVFX1.png using Guid(f44962e7e386009498b50ae4fc7f1904) Importer(815301076,1909f56bfc062723c751e8b465ee728b) [PhysX] Initialized MultithreadedTaskDispatcher with 28 workers.
[PhysX] Initialized MultithreadedTaskDispatcher with 28 workers.
 -> (artifact id: '39dc0aeab9f87669376d95c546346bb5') in 0.005239 seconds
Number of updated asset objects reloaded before import = 0
Number of asset objects unloaded after import = 3
========================================================================
Received Import Request.
  Time since last request: 0.000017 seconds.
  path: Assets/sts/images/relics/burnHammer.png
  artifactKey: Guid(f09da9296fd71f8448b56be108d63b23) Importer(815301076,1909f56bfc062723c751e8b465ee728b)
Start importing Assets/sts/images/relics/burnHammer.png using Guid(f09da9296fd71f8448b56be108d63b23) Importer(815301076,1909f56bfc062723c751e8b465ee728b) [PhysX] Initialized MultithreadedTaskDispatcher with 28 workers.
[PhysX] Initialized MultithreadedTaskDispatcher with 28 workers.
 -> (artifact id: '0e21beb0118b2e72aec942748badf2a2') in 0.006495 seconds
Number of updated asset objects reloaded before import = 0
Number of asset objects unloaded after import = 3
========================================================================
Received Import Request.
  Time since last request: 0.000014 seconds.
  path: Assets/sts/images/relics/outline/bluePill.png
  artifactKey: Guid(854f4b0d82b3f054bb5709c8f30651eb) Importer(815301076,1909f56bfc062723c751e8b465ee728b)
Start importing Assets/sts/images/relics/outline/bluePill.png using Guid(854f4b0d82b3f054bb5709c8f30651eb) Importer(815301076,1909f56bfc062723c751e8b465ee728b) [PhysX] Initialized MultithreadedTaskDispatcher with 28 workers.
[PhysX] Initialized MultithreadedTaskDispatcher with 28 workers.
 -> (artifact id: 'aa4177bf6dba6854c3398baf0a72eab8') in 0.005050 seconds
Number of updated asset objects reloaded before import = 0
Number of asset objects unloaded after import = 3
========================================================================
Received Import Request.
  Time since last request: 0.000022 seconds.
  path: Assets/sts/images/ui/topPanel/bar.png
  artifactKey: Guid(e52a48649f38a7443816ef486f6d2c1c) Importer(815301076,1909f56bfc062723c751e8b465ee728b)
Start importing Assets/sts/images/ui/topPanel/bar.png using Guid(e52a48649f38a7443816ef486f6d2c1c) Importer(815301076,1909f56bfc062723c751e8b465ee728b) [PhysX] Initialized MultithreadedTaskDispatcher with 28 workers.
[PhysX] Initialized MultithreadedTaskDispatcher with 28 workers.
 -> (artifact id: '43330f89b59a9ee7b07b5097f3c8ea82') in 0.006050 seconds
Number of updated asset objects reloaded before import = 0
Number of asset objects unloaded after import = 3
========================================================================
Received Import Request.
  Time since last request: 0.000014 seconds.
  path: Assets/sts/images/ui/combat/blockBody3.png
  artifactKey: Guid(e658f1e0d7e7c7f4488adcfc87be0a88) Importer(815301076,1909f56bfc062723c751e8b465ee728b)
Start importing Assets/sts/images/ui/combat/blockBody3.png using Guid(e658f1e0d7e7c7f4488adcfc87be0a88) Importer(815301076,1909f56bfc062723c751e8b465ee728b) [PhysX] Initialized MultithreadedTaskDispatcher with 28 workers.
[PhysX] Initialized MultithreadedTaskDispatcher with 28 workers.
 -> (artifact id: 'ff9bb4b0145745737f7c0b3eaf441917') in 0.005764 seconds
Number of updated asset objects reloaded before import = 0
Number of asset objects unloaded after import = 3
========================================================================
Received Import Request.
  Time since last request: 0.000017 seconds.
  path: Assets/sts/images/largeRelics/bigSpoon.png
  artifactKey: Guid(6a80551dce00813489bdfe968ed16f7e) Importer(815301076,1909f56bfc062723c751e8b465ee728b)
Start importing Assets/sts/images/largeRelics/bigSpoon.png using Guid(6a80551dce00813489bdfe968ed16f7e) Importer(815301076,1909f56bfc062723c751e8b465ee728b) [PhysX] Initialized MultithreadedTaskDispatcher with 28 workers.
[PhysX] Initialized MultithreadedTaskDispatcher with 28 workers.
 -> (artifact id: 'c2c091d091e3301cbb2f81da9c0c864d') in 0.004978 seconds
Number of updated asset objects reloaded before import = 0
Number of asset objects unloaded after import = 3
========================================================================
Received Import Request.
  Time since last request: 0.000022 seconds.
  path: Assets/sts/images/monsters/theForest/boss/anglerFlower.png
  artifactKey: Guid(69796e8da91ea5c449a592982296bcc3) Importer(815301076,1909f56bfc062723c751e8b465ee728b)
Start importing Assets/sts/images/monsters/theForest/boss/anglerFlower.png using Guid(69796e8da91ea5c449a592982296bcc3) Importer(815301076,1909f56bfc062723c751e8b465ee728b) [PhysX] Initialized MultithreadedTaskDispatcher with 28 workers.
[PhysX] Initialized MultithreadedTaskDispatcher with 28 workers.
 -> (artifact id: 'e772a8ec6606a775ac77d069746aa5c3') in 0.005706 seconds
Number of updated asset objects reloaded before import = 0
Number of asset objects unloaded after import = 3
========================================================================
Received Import Request.
  Time since last request: 0.000014 seconds.
  path: Assets/sts/images/1024Portraits/purple/skill/blasphemy.png
  artifactKey: Guid(aa4de913ca9e13345a3134e0e3f1e868) Importer(815301076,1909f56bfc062723c751e8b465ee728b)
Start importing Assets/sts/images/1024Portraits/purple/skill/blasphemy.png using Guid(aa4de913ca9e13345a3134e0e3f1e868) Importer(815301076,1909f56bfc062723c751e8b465ee728b) [PhysX] Initialized MultithreadedTaskDispatcher with 28 workers.
[PhysX] Initialized MultithreadedTaskDispatcher with 28 workers.
 -> (artifact id: '2e7581a19b8e86e10e3087d6b1967774') in 0.007842 seconds
Number of updated asset objects reloaded before import = 0
Number of asset objects unloaded after import = 3
========================================================================
Received Import Request.
  Time since last request: 0.000021 seconds.
  path: Assets/sts/images/relics/blackBlood.png
  artifactKey: Guid(17eacfda877c7a34ea57c81323dc2515) Importer(815301076,1909f56bfc062723c751e8b465ee728b)
Start importing Assets/sts/images/relics/blackBlood.png using Guid(17eacfda877c7a34ea57c81323dc2515) Importer(815301076,1909f56bfc062723c751e8b465ee728b) [PhysX] Initialized MultithreadedTaskDispatcher with 28 workers.
[PhysX] Initialized MultithreadedTaskDispatcher with 28 workers.
 -> (artifact id: 'd4abe08d4754cbf6cffcd9cf4d8f1406') in 0.005589 seconds
Number of updated asset objects reloaded before import = 0
Number of asset objects unloaded after import = 3
========================================================================
Received Import Request.
  Time since last request: 0.000023 seconds.
  path: Assets/sts/images/events/bgShrooms.png
  artifactKey: Guid(f5c64ee1b96d31948b33ad6e880bb6d5) Importer(815301076,1909f56bfc062723c751e8b465ee728b)
Start importing Assets/sts/images/events/bgShrooms.png using Guid(f5c64ee1b96d31948b33ad6e880bb6d5) Importer(815301076,1909f56bfc062723c751e8b465ee728b) [PhysX] Initialized MultithreadedTaskDispatcher with 28 workers.
[PhysX] Initialized MultithreadedTaskDispatcher with 28 workers.
 -> (artifact id: 'eea07fa1ca591d157d86570799ef3a4f') in 0.007328 seconds
Number of updated asset objects reloaded before import = 0
Number of asset objects unloaded after import = 3
========================================================================
Received Import Request.
  Time since last request: 0.000013 seconds.
  path: Assets/sts/images/potion/anvil/body.png
  artifactKey: Guid(55180074569f00847b731aaf3a882d5b) Importer(815301076,1909f56bfc062723c751e8b465ee728b)
Start importing Assets/sts/images/potion/anvil/body.png using Guid(55180074569f00847b731aaf3a882d5b) Importer(815301076,1909f56bfc062723c751e8b465ee728b) [PhysX] Initialized MultithreadedTaskDispatcher with 28 workers.
[PhysX] Initialized MultithreadedTaskDispatcher with 28 workers.
 -> (artifact id: 'fd06b18e342b31ddc3b7fbb7deb2d697') in 0.005142 seconds
Number of updated asset objects reloaded before import = 0
Number of asset objects unloaded after import = 3
========================================================================
Received Import Request.
  Time since last request: 0.000119 seconds.
  path: Assets/sts/images/ui/intent/attack/attack_intent_7.png
  artifactKey: Guid(108297b903e21a14493d244c9db61d94) Importer(815301076,1909f56bfc062723c751e8b465ee728b)
Start importing Assets/sts/images/ui/intent/attack/attack_intent_7.png using Guid(108297b903e21a14493d244c9db61d94) Importer(815301076,1909f56bfc062723c751e8b465ee728b) [PhysX] Initialized MultithreadedTaskDispatcher with 28 workers.
[PhysX] Initialized MultithreadedTaskDispatcher with 28 workers.
 -> (artifact id: '714ee88a5407d9776869b3400246598e') in 0.005068 seconds
Number of updated asset objects reloaded before import = 0
Number of asset objects unloaded after import = 3
========================================================================
Received Import Request.
  Time since last request: 0.000016 seconds.
  path: Assets/sts/images/potion/jar/body.png
  artifactKey: Guid(cb0ea1100280f6546b00cc91dcaf8939) Importer(815301076,1909f56bfc062723c751e8b465ee728b)
Start importing Assets/sts/images/potion/jar/body.png using Guid(cb0ea1100280f6546b00cc91dcaf8939) Importer(815301076,1909f56bfc062723c751e8b465ee728b) [PhysX] Initialized MultithreadedTaskDispatcher with 28 workers.
[PhysX] Initialized MultithreadedTaskDispatcher with 28 workers.
 -> (artifact id: '9524e8edbd95a6423f5fc0ee382443dd') in 0.004472 seconds
Number of updated asset objects reloaded before import = 0
Number of asset objects unloaded after import = 3
========================================================================
Received Import Request.
  Time since last request: 0.000021 seconds.
  path: Assets/sts/images/ui/intent/attack/attack_intent_2.png
  artifactKey: Guid(c3efd6c4befc72a49ba16bd25eb36fab) Importer(815301076,1909f56bfc062723c751e8b465ee728b)
Start importing Assets/sts/images/ui/intent/attack/attack_intent_2.png using Guid(c3efd6c4befc72a49ba16bd25eb36fab) Importer(815301076,1909f56bfc062723c751e8b465ee728b) [PhysX] Initialized MultithreadedTaskDispatcher with 28 workers.
[PhysX] Initialized MultithreadedTaskDispatcher with 28 workers.
 -> (artifact id: '07cd5a01af05db47a57a318bf2d7b4f0') in 0.004448 seconds
Number of updated asset objects reloaded before import = 0
Number of asset objects unloaded after import = 3
========================================================================
Received Import Request.
  Time since last request: 0.000016 seconds.
  path: Assets/sts/images/relics/bag_of_prep.png
  artifactKey: Guid(34df0a746405876469c12f5b7a5908c4) Importer(815301076,1909f56bfc062723c751e8b465ee728b)
Start importing Assets/sts/images/relics/bag_of_prep.png using Guid(34df0a746405876469c12f5b7a5908c4) Importer(815301076,1909f56bfc062723c751e8b465ee728b) [PhysX] Initialized MultithreadedTaskDispatcher with 28 workers.
[PhysX] Initialized MultithreadedTaskDispatcher with 28 workers.
 -> (artifact id: 'fb4ea573a62fa7a5e7237afc5cc4e4b3') in 0.005686 seconds
Number of updated asset objects reloaded before import = 0
Number of asset objects unloaded after import = 3
========================================================================
Received Import Request.
  Time since last request: 0.000014 seconds.
  path: Assets/sts/images/largeRelics/bag_of_prep.png
  artifactKey: Guid(3453b02e8a17c464d92b73676191a16f) Importer(815301076,1909f56bfc062723c751e8b465ee728b)
Start importing Assets/sts/images/largeRelics/bag_of_prep.png using Guid(3453b02e8a17c464d92b73676191a16f) Importer(815301076,1909f56bfc062723c751e8b465ee728b) [PhysX] Initialized MultithreadedTaskDispatcher with 28 workers.
[PhysX] Initialized MultithreadedTaskDispatcher with 28 workers.
 -> (artifact id: 'e70241d8e83355b399c859c67962d1b9') in 0.006071 seconds
Number of updated asset objects reloaded before import = 0
Number of asset objects unloaded after import = 3
========================================================================
Received Import Request.
  Time since last request: 0.000028 seconds.
  path: Assets/sts/images/1024Portraits/red/power/barricade.png
  artifactKey: Guid(1c8ede0f99d7b864b922eb33e637efec) Importer(815301076,1909f56bfc062723c751e8b465ee728b)
Start importing Assets/sts/images/1024Portraits/red/power/barricade.png using Guid(1c8ede0f99d7b864b922eb33e637efec) Importer(815301076,1909f56bfc062723c751e8b465ee728b) [PhysX] Initialized MultithreadedTaskDispatcher with 28 workers.
[PhysX] Initialized MultithreadedTaskDispatcher with 28 workers.
 -> (artifact id: '2cbb8f9eb21cf64bab8b1ca267928622') in 0.007062 seconds
Number of updated asset objects reloaded before import = 0
Number of asset objects unloaded after import = 3
========================================================================
Received Import Request.
  Time since last request: 0.000016 seconds.
  path: Assets/sts/images/ui/intent/attack/attack_intent_5.png
  artifactKey: Guid(5431c7fe855803741b854f102d26e367) Importer(815301076,1909f56bfc062723c751e8b465ee728b)
Start importing Assets/sts/images/ui/intent/attack/attack_intent_5.png using Guid(5431c7fe855803741b854f102d26e367) Importer(815301076,1909f56bfc062723c751e8b465ee728b) [PhysX] Initialized MultithreadedTaskDispatcher with 28 workers.
[PhysX] Initialized MultithreadedTaskDispatcher with 28 workers.
 -> (artifact id: 'a255559002f2ff22b2626fb8ee1cf6b2') in 0.005733 seconds
Number of updated asset objects reloaded before import = 0
Number of asset objects unloaded after import = 3
========================================================================
Received Import Request.
  Time since last request: 0.000025 seconds.
  path: Assets/sts/images/relics/outline/bark.png
  artifactKey: Guid(a7d8f0e31fdced04a9edefba21991b34) Importer(815301076,1909f56bfc062723c751e8b465ee728b)
Start importing Assets/sts/images/relics/outline/bark.png using Guid(a7d8f0e31fdced04a9edefba21991b34) Importer(815301076,1909f56bfc062723c751e8b465ee728b) [PhysX] Initialized MultithreadedTaskDispatcher with 28 workers.
[PhysX] Initialized MultithreadedTaskDispatcher with 28 workers.
 -> (artifact id: 'e6c7ccf4516f1967523533bb427db1a1') in 0.005750 seconds
Number of updated asset objects reloaded before import = 0
Number of asset objects unloaded after import = 3
========================================================================
Received Import Request.
  Time since last request: 0.000014 seconds.
  path: Assets/sts/images/1024Portraits/colorless/skill/apotheosis.png
  artifactKey: Guid(336ef05a28d682b4a9619fd38aba81be) Importer(815301076,1909f56bfc062723c751e8b465ee728b)
Start importing Assets/sts/images/1024Portraits/colorless/skill/apotheosis.png using Guid(336ef05a28d682b4a9619fd38aba81be) Importer(815301076,1909f56bfc062723c751e8b465ee728b) [PhysX] Initialized MultithreadedTaskDispatcher with 28 workers.
[PhysX] Initialized MultithreadedTaskDispatcher with 28 workers.
 -> (artifact id: '20debb6fdebac5e8053af4df4960a20a') in 0.006659 seconds
Number of updated asset objects reloaded before import = 0
Number of asset objects unloaded after import = 3
========================================================================
Received Import Request.
  Time since last request: 0.000015 seconds.
  path: Assets/sts/images/ui/discardButton/base.png
  artifactKey: Guid(e01384f2847601a468f7a7e0725b7c77) Importer(815301076,1909f56bfc062723c751e8b465ee728b)
Start importing Assets/sts/images/ui/discardButton/base.png using Guid(e01384f2847601a468f7a7e0725b7c77) Importer(815301076,1909f56bfc062723c751e8b465ee728b) [PhysX] Initialized MultithreadedTaskDispatcher with 28 workers.
[PhysX] Initialized MultithreadedTaskDispatcher with 28 workers.
 -> (artifact id: '6031819237ee6796021ccbd22dc3ceb0') in 0.006892 seconds
Number of updated asset objects reloaded before import = 0
Number of asset objects unloaded after import = 3
========================================================================
Received Import Request.
  Time since last request: 0.000051 seconds.
  path: Assets/sts/images/events/backToBasics.jpg
  artifactKey: Guid(b80815006cbf91c46b84b0c03e11336c) Importer(815301076,1909f56bfc062723c751e8b465ee728b)
Start importing Assets/sts/images/events/backToBasics.jpg using Guid(b80815006cbf91c46b84b0c03e11336c) Importer(815301076,1909f56bfc062723c751e8b465ee728b) [PhysX] Initialized MultithreadedTaskDispatcher with 28 workers.
[PhysX] Initialized MultithreadedTaskDispatcher with 28 workers.
 -> (artifact id: '1fcfebd1237742b3701a476dbc1a9679') in 0.007993 seconds
Number of updated asset objects reloaded before import = 0
Number of asset objects unloaded after import = 3
========================================================================
Received Import Request.
  Time since last request: 0.000013 seconds.
  path: Assets/sts/images/1024Portraits/green/skill/backflip.png
  artifactKey: Guid(0509c7345d4a00c4e8f1c5babfa938d8) Importer(815301076,1909f56bfc062723c751e8b465ee728b)
Start importing Assets/sts/images/1024Portraits/green/skill/backflip.png using Guid(0509c7345d4a00c4e8f1c5babfa938d8) Importer(815301076,1909f56bfc062723c751e8b465ee728b) [PhysX] Initialized MultithreadedTaskDispatcher with 28 workers.
[PhysX] Initialized MultithreadedTaskDispatcher with 28 workers.
 -> (artifact id: '7db60c80a6054368861f97c4c88de959') in 0.007092 seconds
Number of updated asset objects reloaded before import = 0
Number of asset objects unloaded after import = 3
========================================================================
Received Import Request.
  Time since last request: 0.000023 seconds.
  path: Assets/sts/images/ui/map/bossOutline/awakened.png
  artifactKey: Guid(8f5f6f37662ee8643966f6866cc93e26) Importer(815301076,1909f56bfc062723c751e8b465ee728b)
Start importing Assets/sts/images/ui/map/bossOutline/awakened.png using Guid(8f5f6f37662ee8643966f6866cc93e26) Importer(815301076,1909f56bfc062723c751e8b465ee728b) [PhysX] Initialized MultithreadedTaskDispatcher with 28 workers.
[PhysX] Initialized MultithreadedTaskDispatcher with 28 workers.
 -> (artifact id: 'd2f9fd3442b65d60ba7d63f56dc2d37a') in 0.005022 seconds
Number of updated asset objects reloaded before import = 0
Number of asset objects unloaded after import = 3
========================================================================
Received Import Request.
  Time since last request: 0.000013 seconds.
  path: Assets/sts/images/blights/outline/ancient.png
  artifactKey: Guid(68c35202fec60574781f8f019986cba1) Importer(815301076,1909f56bfc062723c751e8b465ee728b)
Start importing Assets/sts/images/blights/outline/ancient.png using Guid(68c35202fec60574781f8f019986cba1) Importer(815301076,1909f56bfc062723c751e8b465ee728b) [PhysX] Initialized MultithreadedTaskDispatcher with 28 workers.
[PhysX] Initialized MultithreadedTaskDispatcher with 28 workers.
 -> (artifact id: '8faa57f71b196f736bb2b7accaa28c83') in 0.005081 seconds
Number of updated asset objects reloaded before import = 0
Number of asset objects unloaded after import = 3
========================================================================
Received Import Request.
  Time since last request: 0.000014 seconds.
  path: Assets/sts/images/relics/outline/bagOfPreparation.png
  artifactKey: Guid(2a4e8a188f69cd248a00e9e316712340) Importer(815301076,1909f56bfc062723c751e8b465ee728b)
Start importing Assets/sts/images/relics/outline/bagOfPreparation.png using Guid(2a4e8a188f69cd248a00e9e316712340) Importer(815301076,1909f56bfc062723c751e8b465ee728b) [PhysX] Initialized MultithreadedTaskDispatcher with 28 workers.
[PhysX] Initialized MultithreadedTaskDispatcher with 28 workers.
 -> (artifact id: 'fb0385b7e8a5eff6703b34df7719dc26') in 0.005412 seconds
Number of updated asset objects reloaded before import = 0
Number of asset objects unloaded after import = 3
========================================================================
Received Import Request.
  Time since last request: 0.000030 seconds.
  path: Assets/sts/images/relics/outline/blackBlood.png
  artifactKey: Guid(f6ada9bd574bfc34aa1f2947e2b2effb) Importer(815301076,1909f56bfc062723c751e8b465ee728b)
Start importing Assets/sts/images/relics/outline/blackBlood.png using Guid(f6ada9bd574bfc34aa1f2947e2b2effb) Importer(815301076,1909f56bfc062723c751e8b465ee728b) [PhysX] Initialized MultithreadedTaskDispatcher with 28 workers.
[PhysX] Initialized MultithreadedTaskDispatcher with 28 workers.
 -> (artifact id: '3f0d1f09ad00b090789c6fe8ea91f779') in 0.004974 seconds
Number of updated asset objects reloaded before import = 0
Number of asset objects unloaded after import = 3
========================================================================
Received Import Request.
  Time since last request: 0.000014 seconds.
  path: Assets/sts/images/1024Portraits/green/skill/blur.png
  artifactKey: Guid(0cdcca39f663189498afc4a1b9f30177) Importer(815301076,1909f56bfc062723c751e8b465ee728b)
Start importing Assets/sts/images/1024Portraits/green/skill/blur.png using Guid(0cdcca39f663189498afc4a1b9f30177) Importer(815301076,1909f56bfc062723c751e8b465ee728b) [PhysX] Initialized MultithreadedTaskDispatcher with 28 workers.
[PhysX] Initialized MultithreadedTaskDispatcher with 28 workers.
 -> (artifact id: '503177609376bbb1d44e6a5c5e293fe9') in 0.006917 seconds
Number of updated asset objects reloaded before import = 0
Number of asset objects unloaded after import = 3
Editor requested this worker to shutdown with reason: Scaling down because of idle timeout
TcpMessagingSession - receive error: operation aborted. errorcode: 995, details:  I/O 
AssetImportWorker is now disconnected from the server
Process exiting
Exiting without the bug reporter. Application will terminate with return code 0