Using pre-set license
Built from '2022.3/china_unity/release' branch; Version is '2022.3.62f2c1 (92e6e6be66dc) revision 9627366'; Using compiler version '192829333'; Build Type 'Release'
OS: 'Windows 11  (10.0.26100) 64bit CoreCountrySpecific' Language: 'zh' Physical Memory: 32481 MB
BatchMode: 1, IsHumanControllingUs: 0, StartBugReporterOnCrash: 0, Is64bit: 1, IsPro: 1

COMMAND LINE ARGUMENTS:
D:\unity\2022.3.62f2c1\Editor\Unity.exe
-adb2
-batchMode
-noUpm
-name
AssetImportWorker5
-projectPath
C:/Users/szpro/Desktop/SZ/game/joeys-nightmare-2/joeys-nightmare2
-logFile
Logs/AssetImportWorker5.log
-srvPort
11969
Successfully changed project path to: C:/Users/szpro/Desktop/SZ/game/joeys-nightmare-2/joeys-nightmare2
C:/Users/szpro/Desktop/SZ/game/joeys-nightmare-2/joeys-nightmare2
[UnityMemory] Configuration Parameters - Can be set up in boot.config
    "memorysetup-bucket-allocator-granularity=16"
    "memorysetup-bucket-allocator-bucket-count=8"
    "memorysetup-bucket-allocator-block-size=33554432"
    "memorysetup-bucket-allocator-block-count=8"
    "memorysetup-main-allocator-block-size=16777216"
    "memorysetup-thread-allocator-block-size=16777216"
    "memorysetup-gfx-main-allocator-block-size=16777216"
    "memorysetup-gfx-thread-allocator-block-size=16777216"
    "memorysetup-cache-allocator-block-size=4194304"
    "memorysetup-typetree-allocator-block-size=2097152"
    "memorysetup-profiler-bucket-allocator-granularity=16"
    "memorysetup-profiler-bucket-allocator-bucket-count=8"
    "memorysetup-profiler-bucket-allocator-block-size=33554432"
    "memorysetup-profiler-bucket-allocator-block-count=8"
    "memorysetup-profiler-allocator-block-size=16777216"
    "memorysetup-profiler-editor-allocator-block-size=1048576"
    "memorysetup-temp-allocator-size-main=16777216"
    "memorysetup-job-temp-allocator-block-size=2097152"
    "memorysetup-job-temp-allocator-block-size-background=1048576"
    "memorysetup-job-temp-allocator-reduction-small-platforms=262144"
    "memorysetup-allocator-temp-initial-block-size-main=262144"
    "memorysetup-allocator-temp-initial-block-size-worker=262144"
    "memorysetup-temp-allocator-size-background-worker=32768"
    "memorysetup-temp-allocator-size-job-worker=262144"
    "memorysetup-temp-allocator-size-preload-manager=33554432"
    "memorysetup-temp-allocator-size-nav-mesh-worker=65536"
    "memorysetup-temp-allocator-size-audio-worker=65536"
    "memorysetup-temp-allocator-size-cloud-worker=32768"
    "memorysetup-temp-allocator-size-gi-baking-worker=262144"
    "memorysetup-temp-allocator-size-gfx=262144"
Player connection [42428]  Target information:

Player connection [42428]  * "[IP] 192.168.3.14 [Port] 0 [Flags] 2 [Guid] 2176604701 [EditorId] 2176604701 [Version] 1048832 [Id] WindowsEditor(7,SZ) [Debug] 1 [PackageName] WindowsEditor [ProjectName] Editor" 

Player connection [42428] Host joined multi-casting on [225.0.0.222:54997]...
Player connection [42428] Host joined alternative multi-casting on [225.0.0.222:34997]...
Input System module state changed to: Initialized.
[PhysX] Initialized MultithreadedTaskDispatcher with 28 workers.
Refreshing native plugins compatible for Editor in 6.78 ms, found 4 plugins.
Preloading 0 native plugins for Editor in 0.00 ms.
Initialize engine version: 2022.3.62f2c1 (92e6e6be66dc)
[Subsystems] Discovering subsystems at path D:/unity/2022.3.62f2c1/Editor/Data/Resources/UnitySubsystems
[Subsystems] Discovering subsystems at path C:/Users/szpro/Desktop/SZ/game/joeys-nightmare-2/joeys-nightmare2/Assets
GfxDevice: creating device client; threaded=0; jobified=0
Direct3D:
    Version:  Direct3D 11.0 [level 11.1]
    Renderer: NVIDIA GeForce RTX 4070 SUPER (ID=0x2783)
    Vendor:   NVIDIA
    VRAM:     11999 MB
    Driver:   32.0.15.7296
Initialize mono
Mono path[0] = 'D:/unity/2022.3.62f2c1/Editor/Data/Managed'
Mono path[1] = 'D:/unity/2022.3.62f2c1/Editor/Data/MonoBleedingEdge/lib/mono/unityjit-win32'
Mono config path = 'D:/unity/2022.3.62f2c1/Editor/Data/MonoBleedingEdge/etc'
Using monoOptions --debugger-agent=transport=dt_socket,embedding=1,server=y,suspend=n,address=127.0.0.1:56352
Begin MonoManager ReloadAssembly
Registering precompiled unity dll's ...
Register platform support module: D:/unity/2022.3.62f2c1/Editor/Data/PlaybackEngines/WindowsStandaloneSupport/UnityEditor.WindowsStandalone.Extensions.dll
Registered in 0.001456 seconds.
- Loaded All Assemblies, in  0.187 seconds
Native extension for WindowsStandalone target not found
Mono: successfully reloaded assembly
- Finished resetting the current domain, in  0.163 seconds
Domain Reload Profiling: 350ms
	BeginReloadAssembly (55ms)
		ExecutionOrderSort (0ms)
		DisableScriptedObjects (0ms)
		BackupInstance (0ms)
		ReleaseScriptingObjects (0ms)
		CreateAndSetChildDomain (0ms)
	RebuildCommonClasses (18ms)
	RebuildNativeTypeToScriptingClass (6ms)
	initialDomainReloadingComplete (26ms)
	LoadAllAssembliesAndSetupDomain (82ms)
		LoadAssemblies (54ms)
		RebuildTransferFunctionScriptingTraits (0ms)
		AnalyzeDomain (81ms)
			TypeCache.Refresh (80ms)
				TypeCache.ScanAssembly (71ms)
			ScanForSourceGeneratedMonoScriptInfo (0ms)
			ResolveRequiredComponents (0ms)
	FinalizeReload (163ms)
		ReleaseScriptCaches (0ms)
		RebuildScriptCaches (0ms)
		SetupLoadedEditorAssemblies (133ms)
			LogAssemblyErrors (0ms)
			InitializePlatformSupportModulesInManaged (5ms)
			SetLoadedEditorAssemblies (5ms)
			RefreshPlugins (0ms)
			BeforeProcessingInitializeOnLoad (1ms)
			ProcessInitializeOnLoadAttributes (89ms)
			ProcessInitializeOnLoadMethodAttributes (33ms)
			AfterProcessingInitializeOnLoad (0ms)
			EditorAssembliesLoaded (0ms)
		ExecutionOrderSort2 (0ms)
		AwakeInstancesAfterBackupRestoration (0ms)
========================================================================
Worker process is ready to serve import requests
Caller must complete domain reload
Begin MonoManager ReloadAssembly
Symbol file LoadedFromMemory is not a mono symbol file
- Loaded All Assemblies, in  0.448 seconds
Native extension for WindowsStandalone target not found
[ScriptCompilation] NOT recompiling all scripts because this is an import worker process. Reason to compile was: Define symbols changed
Package Manager log level set to [2]
[Package Manager] Server::EnsureServerProcessIsRunning -- launch failed, reason: Unity was launched with the -noUpm command-line argument
[Package Manager] UpmClient::Send -- Unable to send message (not connected to UPM process).
[Package Manager] Cannot connect to Unity Package Manager local server
Mono: successfully reloaded assembly
- Finished resetting the current domain, in  0.410 seconds
Domain Reload Profiling: 857ms
	BeginReloadAssembly (97ms)
		ExecutionOrderSort (0ms)
		DisableScriptedObjects (3ms)
		BackupInstance (0ms)
		ReleaseScriptingObjects (0ms)
		CreateAndSetChildDomain (17ms)
	RebuildCommonClasses (26ms)
	RebuildNativeTypeToScriptingClass (8ms)
	initialDomainReloadingComplete (21ms)
	LoadAllAssembliesAndSetupDomain (295ms)
		LoadAssemblies (214ms)
		RebuildTransferFunctionScriptingTraits (0ms)
		AnalyzeDomain (137ms)
			TypeCache.Refresh (118ms)
				TypeCache.ScanAssembly (104ms)
			ScanForSourceGeneratedMonoScriptInfo (14ms)
			ResolveRequiredComponents (3ms)
	FinalizeReload (410ms)
		ReleaseScriptCaches (0ms)
		RebuildScriptCaches (0ms)
		SetupLoadedEditorAssemblies (305ms)
			LogAssemblyErrors (0ms)
			InitializePlatformSupportModulesInManaged (3ms)
			SetLoadedEditorAssemblies (3ms)
			RefreshPlugins (0ms)
			BeforeProcessingInitializeOnLoad (44ms)
			ProcessInitializeOnLoadAttributes (217ms)
			ProcessInitializeOnLoadMethodAttributes (36ms)
			AfterProcessingInitializeOnLoad (1ms)
			EditorAssembliesLoaded (0ms)
		ExecutionOrderSort2 (0ms)
		AwakeInstancesAfterBackupRestoration (6ms)
Launched and connected shader compiler UnityShaderCompiler.exe after 0.06 seconds
Refreshing native plugins compatible for Editor in 4.99 ms, found 4 plugins.
Preloading 0 native plugins for Editor in 0.00 ms.
Unloading 4313 Unused Serialized files (Serialized files now loaded: 0)
Unloading 41 unused Assets / (243.7 KB). Loaded Objects now: 4773.
Memory consumption went from 154.7 MB to 154.5 MB.
Total: 2.798400 ms (FindLiveObjects: 0.271200 ms CreateObjectMapping: 0.069400 ms MarkObjects: 2.265000 ms  DeleteObjects: 0.191400 ms)

AssetImportParameters requested are different than current active one (requested -> active):
  custom:container-demuxer-ogg: 62fdf1f143b41e24485cea50d1cbac27 -> 
  custom:video-codec-MediaFoundation-h265: 746d11721c4dcdbdad8f713fa42b33f4 -> 
  custom:video-decoder-ogg-theora: a1e56fd34408186e4bbccfd4996cb3dc -> 
  custom:framework-win-MediaFoundation: 216162199b28c13a410421893ffa2e32 -> 
  custom:CustomObjectIndexerAttribute: 9a22284fe3817be447336de3de66b15e -> 
  custom:container-demuxer-webm: 4f35f7cbe854078d1ac9338744f61a02 -> 
  custom:container-muxer-webm: aa71ff27fc2769a1b78a27578f13a17b -> 
  custom:video-decoder-webm-vp8: 9c59270c3fd7afecdb556c50c9e8de78 -> 
  custom:SearchIndexIgnoredProperties: e643bd26f0fe6173181afceb89e7c659 -> 
  custom:AudioImporter_EditorPlatform: d09bf68614088b80899f8185d706f6e7 -> 
  custom:video-encoder-webm-vp8: eb34c28f22e8b96e1ab97ce403110664 -> 
  custom:audio-decoder-ogg-vorbis: bf7c407c2cedff20999df2af8eb42d56 -> 
  custom:audio-encoder-webm-vorbis: bf7c407c2cedff20999df2af8eb42d56 -> 
========================================================================
Received Import Request.
  Time since last request: 847138.271171 seconds.
  path: Assets/sts/images/whiteSquare32.png.import
  artifactKey: Guid(df494f16b8bfd07448300c89e95b20e4) Importer(2089858483,0ecaa5967403d082aa24f35e1b516d23)
Start importing Assets/sts/images/whiteSquare32.png.import using Guid(df494f16b8bfd07448300c89e95b20e4) Importer(2089858483,0ecaa5967403d082aa24f35e1b516d23) [PhysX] Initialized MultithreadedTaskDispatcher with 28 workers.
 -> (artifact id: '5dfe4ea725d744249d84038d09bd55d1') in 0.058428 seconds
Number of updated asset objects reloaded before import = 0
Number of asset objects unloaded after import = 1
========================================================================
Received Import Request.
  Time since last request: 0.000025 seconds.
  path: Assets/test_sz/card_info.csv
  artifactKey: Guid(2fd915e582ed76245bf36baca71d4677) Importer(2089858483,0ecaa5967403d082aa24f35e1b516d23)
Start importing Assets/test_sz/card_info.csv using Guid(2fd915e582ed76245bf36baca71d4677) Importer(2089858483,0ecaa5967403d082aa24f35e1b516d23) [PhysX] Initialized MultithreadedTaskDispatcher with 28 workers.
 -> (artifact id: '24f2af5bf37f597f1bd371d893d558cb') in 0.004124 seconds
Number of updated asset objects reloaded before import = 0
Number of asset objects unloaded after import = 1
========================================================================
Received Import Request.
  Time since last request: 0.000015 seconds.
  path: Assets/sts/bottomScene/scene.jpg
  artifactKey: Guid(8f8e31a2858775b48aab4b069c4ac59a) Importer(2089858483,0ecaa5967403d082aa24f35e1b516d23)
Start importing Assets/sts/bottomScene/scene.jpg using Guid(8f8e31a2858775b48aab4b069c4ac59a) Importer(2089858483,0ecaa5967403d082aa24f35e1b516d23) [PhysX] Initialized MultithreadedTaskDispatcher with 28 workers.
 -> (artifact id: '9c3b6feee284d43f08ab101f9d211cc0') in 0.060800 seconds
Number of updated asset objects reloaded before import = 0
Number of asset objects unloaded after import = 3
========================================================================
Received Import Request.
  Time since last request: 0.000016 seconds.
  path: Assets/sts/images/dottedSquare.png.import
  artifactKey: Guid(dcc5b59c74416394eba3bf57b3ab666a) Importer(2089858483,0ecaa5967403d082aa24f35e1b516d23)
Start importing Assets/sts/images/dottedSquare.png.import using Guid(dcc5b59c74416394eba3bf57b3ab666a) Importer(2089858483,0ecaa5967403d082aa24f35e1b516d23) [PhysX] Initialized MultithreadedTaskDispatcher with 28 workers.
 -> (artifact id: 'fb6c98e771f1880dedde8d6dda0d70ff') in 0.002207 seconds
Number of updated asset objects reloaded before import = 0
Number of asset objects unloaded after import = 1
========================================================================
Received Import Request.
  Time since last request: 0.000068 seconds.
  path: Assets/sts/bottomScene/scene.png
  artifactKey: Guid(d0176097663bf6046b841bbb09f17ffe) Importer(2089858483,0ecaa5967403d082aa24f35e1b516d23)
Start importing Assets/sts/bottomScene/scene.png using Guid(d0176097663bf6046b841bbb09f17ffe) Importer(2089858483,0ecaa5967403d082aa24f35e1b516d23) [PhysX] Initialized MultithreadedTaskDispatcher with 28 workers.
 -> (artifact id: 'cc553eee140933ff8cd4a635940a23ee') in 0.011059 seconds
Number of updated asset objects reloaded before import = 0
Number of asset objects unloaded after import = 3
========================================================================
Received Import Request.
  Time since last request: 0.000068 seconds.
  path: Assets/sts/cards/cards2.png
  artifactKey: Guid(2f8b7141ca4f57f4c897118556603055) Importer(2089858483,0ecaa5967403d082aa24f35e1b516d23)
Start importing Assets/sts/cards/cards2.png using Guid(2f8b7141ca4f57f4c897118556603055) Importer(2089858483,0ecaa5967403d082aa24f35e1b516d23) [PhysX] Initialized MultithreadedTaskDispatcher with 28 workers.
 -> (artifact id: 'da171b378fb217573313117ecee1e0a8') in 0.009399 seconds
Number of updated asset objects reloaded before import = 0
Number of asset objects unloaded after import = 3
========================================================================
Received Import Request.
  Time since last request: 0.000016 seconds.
  path: Assets/sts/beyondScene/scene.jpg
  artifactKey: Guid(afa79be2440b2f94ca8d54e087d66a4c) Importer(2089858483,0ecaa5967403d082aa24f35e1b516d23)
Start importing Assets/sts/beyondScene/scene.jpg using Guid(afa79be2440b2f94ca8d54e087d66a4c) Importer(2089858483,0ecaa5967403d082aa24f35e1b516d23) [PhysX] Initialized MultithreadedTaskDispatcher with 28 workers.
 -> (artifact id: '5b11b931e5f8c9ee557c7736ef7ca31c') in 0.008383 seconds
Number of updated asset objects reloaded before import = 0
Number of asset objects unloaded after import = 3
========================================================================
Received Import Request.
  Time since last request: 0.000019 seconds.
  path: Assets/sts/cardui/cardui3.png.import
  artifactKey: Guid(09e53b03a00cdd142b94bbe095e9c0d0) Importer(2089858483,0ecaa5967403d082aa24f35e1b516d23)
Start importing Assets/sts/cardui/cardui3.png.import using Guid(09e53b03a00cdd142b94bbe095e9c0d0) Importer(2089858483,0ecaa5967403d082aa24f35e1b516d23) [PhysX] Initialized MultithreadedTaskDispatcher with 28 workers.
 -> (artifact id: '1b8a748130a6f20e92e97a64db88d038') in 0.002715 seconds
Number of updated asset objects reloaded before import = 0
Number of asset objects unloaded after import = 1
========================================================================
Received Import Request.
  Time since last request: 0.000014 seconds.
  path: Assets/Scenes/test_sz/card_background.tscn
  artifactKey: Guid(50197331bed1b8842a4f206908a241f0) Importer(2089858483,0ecaa5967403d082aa24f35e1b516d23)
Start importing Assets/Scenes/test_sz/card_background.tscn using Guid(50197331bed1b8842a4f206908a241f0) Importer(2089858483,0ecaa5967403d082aa24f35e1b516d23) [PhysX] Initialized MultithreadedTaskDispatcher with 28 workers.
 -> (artifact id: '96ab947b6f40047347dd135dad110c52') in 0.002038 seconds
Number of updated asset objects reloaded before import = 0
Number of asset objects unloaded after import = 1
========================================================================
Received Import Request.
  Time since last request: 0.000018 seconds.
  path: Assets/sts/achievements/achievements.png
  artifactKey: Guid(2615a24920496e246a2d6bbd38099530) Importer(2089858483,0ecaa5967403d082aa24f35e1b516d23)
Start importing Assets/sts/achievements/achievements.png using Guid(2615a24920496e246a2d6bbd38099530) Importer(2089858483,0ecaa5967403d082aa24f35e1b516d23) [PhysX] Initialized MultithreadedTaskDispatcher with 28 workers.
 -> (artifact id: '6f96c16fa684fbfef68db3ecc3bbcbc1') in 0.009526 seconds
Number of updated asset objects reloaded before import = 0
Number of asset objects unloaded after import = 3
========================================================================
Received Import Request.
  Time since last request: 0.000047 seconds.
  path: Assets/UOSLauncherEncrypt/Unity.UOS.Encrypt.asmdef
  artifactKey: Guid(df8402a41257b4458a62b073d1e36b7e) Importer(2089858483,0ecaa5967403d082aa24f35e1b516d23)
Start importing Assets/UOSLauncherEncrypt/Unity.UOS.Encrypt.asmdef using Guid(df8402a41257b4458a62b073d1e36b7e) Importer(2089858483,0ecaa5967403d082aa24f35e1b516d23) [PhysX] Initialized MultithreadedTaskDispatcher with 28 workers.
 -> (artifact id: 'da93afcfa3b0ba2e0818e317bfbc0d49') in 0.004115 seconds
Number of updated asset objects reloaded before import = 0
Number of asset objects unloaded after import = 1
========================================================================
Received Import Request.
  Time since last request: 0.000016 seconds.
  path: Assets/sts/cards/cards3.png.import
  artifactKey: Guid(b6d048180ba309f4b9700a0d9a07692c) Importer(2089858483,0ecaa5967403d082aa24f35e1b516d23)
Start importing Assets/sts/cards/cards3.png.import using Guid(b6d048180ba309f4b9700a0d9a07692c) Importer(2089858483,0ecaa5967403d082aa24f35e1b516d23) [PhysX] Initialized MultithreadedTaskDispatcher with 28 workers.
 -> (artifact id: '622c832ffe3c961ea7a1f965122bbc31') in 0.004152 seconds
Number of updated asset objects reloaded before import = 0
Number of asset objects unloaded after import = 1
========================================================================
Received Import Request.
  Time since last request: 0.000050 seconds.
  path: Assets/sts/beyondScene/scene.png
  artifactKey: Guid(acfd2686b9ab0f44f9051b4afce34a00) Importer(2089858483,0ecaa5967403d082aa24f35e1b516d23)
Start importing Assets/sts/beyondScene/scene.png using Guid(acfd2686b9ab0f44f9051b4afce34a00) Importer(2089858483,0ecaa5967403d082aa24f35e1b516d23) [PhysX] Initialized MultithreadedTaskDispatcher with 28 workers.
 -> (artifact id: '710b1c158c7d76ef90a748753d4ca8fe') in 0.008451 seconds
Number of updated asset objects reloaded before import = 0
Number of asset objects unloaded after import = 3
========================================================================
Received Import Request.
  Time since last request: 1.964609 seconds.
  path: Assets/sts/title/title2.png
  artifactKey: Guid(c8309d564ef9551499dcf728b075e901) Importer(2089858483,0ecaa5967403d082aa24f35e1b516d23)
Start importing Assets/sts/title/title2.png using Guid(c8309d564ef9551499dcf728b075e901) Importer(2089858483,0ecaa5967403d082aa24f35e1b516d23) [PhysX] Initialized MultithreadedTaskDispatcher with 28 workers.
 -> (artifact id: '9608f15ad6401cdeb2f704bdc63650b3') in 0.012984 seconds
Number of updated asset objects reloaded before import = 0
Number of asset objects unloaded after import = 3
========================================================================
Received Import Request.
  Time since last request: 0.000095 seconds.
  path: Assets/sprites/card/ui/block.png
  artifactKey: Guid(0abb9a6eb55c746418958b173e75f17f) Importer(2089858483,0ecaa5967403d082aa24f35e1b516d23)
Start importing Assets/sprites/card/ui/block.png using Guid(0abb9a6eb55c746418958b173e75f17f) Importer(2089858483,0ecaa5967403d082aa24f35e1b516d23) [PhysX] Initialized MultithreadedTaskDispatcher with 28 workers.
 -> (artifact id: '7fbd8daf1ad5202b492d4bd8fa11bc2e') in 0.008311 seconds
Number of updated asset objects reloaded before import = 0
Number of asset objects unloaded after import = 3
========================================================================
Received Import Request.
  Time since last request: 0.000019 seconds.
  path: Assets/sts/title/title4.png.import
  artifactKey: Guid(906a06b8d91f9b240b3ade08990059b9) Importer(2089858483,0ecaa5967403d082aa24f35e1b516d23)
Start importing Assets/sts/title/title4.png.import using Guid(906a06b8d91f9b240b3ade08990059b9) Importer(2089858483,0ecaa5967403d082aa24f35e1b516d23) [PhysX] Initialized MultithreadedTaskDispatcher with 28 workers.
 -> (artifact id: '69d8cd7742618f78339f9416cbfec0a2') in 0.002491 seconds
Number of updated asset objects reloaded before import = 0
Number of asset objects unloaded after import = 1
========================================================================
Received Import Request.
  Time since last request: 0.000077 seconds.
  path: Assets/sts/audio/music/MenuTheme_NewMix_v1.ogg.import
  artifactKey: Guid(235fa2aa892197f40b64326b845553dd) Importer(2089858483,0ecaa5967403d082aa24f35e1b516d23)
Start importing Assets/sts/audio/music/MenuTheme_NewMix_v1.ogg.import using Guid(235fa2aa892197f40b64326b845553dd) Importer(2089858483,0ecaa5967403d082aa24f35e1b516d23) [PhysX] Initialized MultithreadedTaskDispatcher with 28 workers.
 -> (artifact id: 'e4569cc1ca3e794a4396b0af1e25f675') in 0.002199 seconds
Number of updated asset objects reloaded before import = 0
Number of asset objects unloaded after import = 1
========================================================================
Received Import Request.
  Time since last request: 0.000039 seconds.
  path: Assets/sts/vfx/vfx2.png.import
  artifactKey: Guid(2d951432a125e294ebb0edb6d4cf4701) Importer(2089858483,0ecaa5967403d082aa24f35e1b516d23)
Start importing Assets/sts/vfx/vfx2.png.import using Guid(2d951432a125e294ebb0edb6d4cf4701) Importer(2089858483,0ecaa5967403d082aa24f35e1b516d23) [PhysX] Initialized MultithreadedTaskDispatcher with 28 workers.
 -> (artifact id: '7c65221a6978dd386abdfac694f85c93') in 0.001739 seconds
Number of updated asset objects reloaded before import = 0
Number of asset objects unloaded after import = 1
========================================================================
Received Import Request.
  Time since last request: 0.000011 seconds.
  path: Assets/sprites/card/ui/damage.png.import
  artifactKey: Guid(8cf487ba3150f79489c1a7edac4aed47) Importer(2089858483,0ecaa5967403d082aa24f35e1b516d23)
Start importing Assets/sprites/card/ui/damage.png.import using Guid(8cf487ba3150f79489c1a7edac4aed47) Importer(2089858483,0ecaa5967403d082aa24f35e1b516d23) [PhysX] Initialized MultithreadedTaskDispatcher with 28 workers.
 -> (artifact id: '857e140c7a64fd2bb8cc73051789f4d0') in 0.001731 seconds
Number of updated asset objects reloaded before import = 0
Number of asset objects unloaded after import = 1
========================================================================
Received Import Request.
  Time since last request: 0.000190 seconds.
  path: Assets/sts/title/title3.png.import
  artifactKey: Guid(4045587c71610c5498f18deedb99f723) Importer(2089858483,0ecaa5967403d082aa24f35e1b516d23)
Start importing Assets/sts/title/title3.png.import using Guid(4045587c71610c5498f18deedb99f723) Importer(2089858483,0ecaa5967403d082aa24f35e1b516d23) [PhysX] Initialized MultithreadedTaskDispatcher with 28 workers.
 -> (artifact id: 'd4aee221f98de00e32565c291eac02b3') in 0.001803 seconds
Number of updated asset objects reloaded before import = 0
Number of asset objects unloaded after import = 1
========================================================================
Received Import Request.
  Time since last request: 0.000029 seconds.
  path: Assets/sts/audio/music/Shrine_v2.ogg.import
  artifactKey: Guid(dd8ca044868ba33478d6d2dacd0a1a0e) Importer(2089858483,0ecaa5967403d082aa24f35e1b516d23)
Start importing Assets/sts/audio/music/Shrine_v2.ogg.import using Guid(dd8ca044868ba33478d6d2dacd0a1a0e) Importer(2089858483,0ecaa5967403d082aa24f35e1b516d23) [PhysX] Initialized MultithreadedTaskDispatcher with 28 workers.
 -> (artifact id: '066c324bcd8a545ba4e81852537f1cab') in 0.002676 seconds
Number of updated asset objects reloaded before import = 0
Number of asset objects unloaded after import = 1
========================================================================
Received Import Request.
  Time since last request: 0.000047 seconds.
  path: Assets/sts/audio/music/ALTLevel_v1.ogg.import
  artifactKey: Guid(7f6efa63fa9fee644bd2ac04bbf2ef15) Importer(2089858483,0ecaa5967403d082aa24f35e1b516d23)
Start importing Assets/sts/audio/music/ALTLevel_v1.ogg.import using Guid(7f6efa63fa9fee644bd2ac04bbf2ef15) Importer(2089858483,0ecaa5967403d082aa24f35e1b516d23) [PhysX] Initialized MultithreadedTaskDispatcher with 28 workers.
 -> (artifact id: '89e70f5cb42fc3964e3b77762d1a48ef') in 0.002247 seconds
Number of updated asset objects reloaded before import = 0
Number of asset objects unloaded after import = 1
========================================================================
Received Import Request.
  Time since last request: 0.000022 seconds.
  path: Assets/sprites/card/ui/cost.png
  artifactKey: Guid(978715038951e914e94b33de0a0f4a93) Importer(2089858483,0ecaa5967403d082aa24f35e1b516d23)
Start importing Assets/sprites/card/ui/cost.png using Guid(978715038951e914e94b33de0a0f4a93) Importer(2089858483,0ecaa5967403d082aa24f35e1b516d23) [PhysX] Initialized MultithreadedTaskDispatcher with 28 workers.
 -> (artifact id: 'b051fabe67c119e6a02ee61fca6930e1') in 0.006512 seconds
Number of updated asset objects reloaded before import = 0
Number of asset objects unloaded after import = 3
========================================================================
Received Import Request.
  Time since last request: 0.000016 seconds.
  path: Assets/sprites/card/ui/utility.png.import
  artifactKey: Guid(1cc89294435ff6e46ae1f81f279397ff) Importer(2089858483,0ecaa5967403d082aa24f35e1b516d23)
Start importing Assets/sprites/card/ui/utility.png.import using Guid(1cc89294435ff6e46ae1f81f279397ff) Importer(2089858483,0ecaa5967403d082aa24f35e1b516d23) [PhysX] Initialized MultithreadedTaskDispatcher with 28 workers.
 -> (artifact id: 'c0de20e1e83dd09d3cc52dd621cf9a2c') in 0.002665 seconds
Number of updated asset objects reloaded before import = 0
Number of asset objects unloaded after import = 1
========================================================================
Received Import Request.
  Time since last request: 0.000078 seconds.
  path: Assets/sts/audio/music/Merchant_NewMix_v1.ogg.import
  artifactKey: Guid(2224cf6237db29942b6bb35007473250) Importer(2089858483,0ecaa5967403d082aa24f35e1b516d23)
Start importing Assets/sts/audio/music/Merchant_NewMix_v1.ogg.import using Guid(2224cf6237db29942b6bb35007473250) Importer(2089858483,0ecaa5967403d082aa24f35e1b516d23) [PhysX] Initialized MultithreadedTaskDispatcher with 28 workers.
 -> (artifact id: 'f89bef2f1f053860f1428a36fe548d8a') in 0.002517 seconds
Number of updated asset objects reloaded before import = 0
Number of asset objects unloaded after import = 1
========================================================================
Received Import Request.
  Time since last request: 0.000015 seconds.
  path: Assets/sts/audio/music/Merchant_v2.ogg.import
  artifactKey: Guid(a7dc399ce536b854387464d23f4b3c58) Importer(2089858483,0ecaa5967403d082aa24f35e1b516d23)
Start importing Assets/sts/audio/music/Merchant_v2.ogg.import using Guid(a7dc399ce536b854387464d23f4b3c58) Importer(2089858483,0ecaa5967403d082aa24f35e1b516d23) [PhysX] Initialized MultithreadedTaskDispatcher with 28 workers.
 -> (artifact id: 'b1cc66ce1459298121a6524172de5a32') in 0.002241 seconds
Number of updated asset objects reloaded before import = 0
Number of asset objects unloaded after import = 1
========================================================================
Received Import Request.
  Time since last request: 0.000074 seconds.
  path: Assets/sts/audio/music/DeathStinger_2_v3_MUSIC.ogg.import
  artifactKey: Guid(d2cf97c438952bc4493a86f4b6671ae0) Importer(2089858483,0ecaa5967403d082aa24f35e1b516d23)
Start importing Assets/sts/audio/music/DeathStinger_2_v3_MUSIC.ogg.import using Guid(d2cf97c438952bc4493a86f4b6671ae0) Importer(2089858483,0ecaa5967403d082aa24f35e1b516d23) [PhysX] Initialized MultithreadedTaskDispatcher with 28 workers.
 -> (artifact id: 'ed630da08bc951b26a38f7302d0d73f9') in 0.002974 seconds
Number of updated asset objects reloaded before import = 0
Number of asset objects unloaded after import = 1
========================================================================
Received Import Request.
  Time since last request: 0.000026 seconds.
  path: Assets/sprites/card/ui/utility.png
  artifactKey: Guid(7a2213a7be40ddb43ae7bc7273ea4dc8) Importer(2089858483,0ecaa5967403d082aa24f35e1b516d23)
Start importing Assets/sprites/card/ui/utility.png using Guid(7a2213a7be40ddb43ae7bc7273ea4dc8) Importer(2089858483,0ecaa5967403d082aa24f35e1b516d23) [PhysX] Initialized MultithreadedTaskDispatcher with 28 workers.
 -> (artifact id: '0bc890d2e71c59328a2f03c20d496e30') in 0.007175 seconds
Number of updated asset objects reloaded before import = 0
Number of asset objects unloaded after import = 3
========================================================================
Received Import Request.
  Time since last request: 0.000014 seconds.
  path: Assets/sts/audio/music/DeathStinger_3_v3_MUSIC.ogg
  artifactKey: Guid(2008c219a318a024fb778a2c04f6fd49) Importer(2089858483,0ecaa5967403d082aa24f35e1b516d23)
Start importing Assets/sts/audio/music/DeathStinger_3_v3_MUSIC.ogg using Guid(2008c219a318a024fb778a2c04f6fd49) Importer(2089858483,0ecaa5967403d082aa24f35e1b516d23) [PhysX] Initialized MultithreadedTaskDispatcher with 28 workers.
 -> (artifact id: '1d63441b728088e3be9d8611147e2751') in 0.018815 seconds
Number of updated asset objects reloaded before import = 0
Number of asset objects unloaded after import = 1
========================================================================
Received Import Request.
  Time since last request: 0.000063 seconds.
  path: Assets/sts/audio/music/EndingStinger_v1.ogg.import
  artifactKey: Guid(45eb2e5c8a37c514bbfc9312ce23cffe) Importer(2089858483,0ecaa5967403d082aa24f35e1b516d23)
Start importing Assets/sts/audio/music/EndingStinger_v1.ogg.import using Guid(45eb2e5c8a37c514bbfc9312ce23cffe) Importer(2089858483,0ecaa5967403d082aa24f35e1b516d23) [PhysX] Initialized MultithreadedTaskDispatcher with 28 workers.
 -> (artifact id: '090255b6852fb99b151aec76713423b0') in 0.003474 seconds
Number of updated asset objects reloaded before import = 0
Number of asset objects unloaded after import = 1
========================================================================
Received Import Request.
  Time since last request: 0.000064 seconds.
  path: Assets/sts/title/title5.png.import
  artifactKey: Guid(aa7e5aa28bd159144ad794bbd976f10a) Importer(2089858483,0ecaa5967403d082aa24f35e1b516d23)
Start importing Assets/sts/title/title5.png.import using Guid(aa7e5aa28bd159144ad794bbd976f10a) Importer(2089858483,0ecaa5967403d082aa24f35e1b516d23) [PhysX] Initialized MultithreadedTaskDispatcher with 28 workers.
 -> (artifact id: 'eae63e78c70a31b05f49eda594ff2f53') in 0.002978 seconds
Number of updated asset objects reloaded before import = 0
Number of asset objects unloaded after import = 1
========================================================================
Received Import Request.
  Time since last request: 0.000029 seconds.
  path: Assets/sts/audio/music/BossVictoryStinger_2_v3_MUSIC.ogg
  artifactKey: Guid(c1ce725607a4fca4a9fa583497360bd6) Importer(2089858483,0ecaa5967403d082aa24f35e1b516d23)
Start importing Assets/sts/audio/music/BossVictoryStinger_2_v3_MUSIC.ogg using Guid(c1ce725607a4fca4a9fa583497360bd6) Importer(2089858483,0ecaa5967403d082aa24f35e1b516d23) [PhysX] Initialized MultithreadedTaskDispatcher with 28 workers.
 -> (artifact id: '8e6444971dc828dbc963f2faa79dd101') in 0.018263 seconds
Number of updated asset objects reloaded before import = 0
Number of asset objects unloaded after import = 1
========================================================================
Received Import Request.
  Time since last request: 0.000073 seconds.
  path: Assets/sts/audio/sound/damaru.ogg
  artifactKey: Guid(ad253bd50d306634a8842b06b324ac7b) Importer(2089858483,0ecaa5967403d082aa24f35e1b516d23)
Start importing Assets/sts/audio/sound/damaru.ogg using Guid(ad253bd50d306634a8842b06b324ac7b) Importer(2089858483,0ecaa5967403d082aa24f35e1b516d23) [PhysX] Initialized MultithreadedTaskDispatcher with 28 workers.
 -> (artifact id: '98220c5ccac7905241eb42e1a2151135') in 0.018302 seconds
Number of updated asset objects reloaded before import = 0
Number of asset objects unloaded after import = 1
========================================================================
Received Import Request.
  Time since last request: 0.000016 seconds.
  path: Assets/sts/audio/music/EliteBoss_NewMix_v1.ogg
  artifactKey: Guid(72308c20eb0b15b459fa987ed88ebc1b) Importer(2089858483,0ecaa5967403d082aa24f35e1b516d23)
Start importing Assets/sts/audio/music/EliteBoss_NewMix_v1.ogg using Guid(72308c20eb0b15b459fa987ed88ebc1b) Importer(2089858483,0ecaa5967403d082aa24f35e1b516d23) [PhysX] Initialized MultithreadedTaskDispatcher with 28 workers.
 -> (artifact id: '6fc2362a7b716c87d55848ed0de4bf46') in 0.018745 seconds
Number of updated asset objects reloaded before import = 0
Number of asset objects unloaded after import = 1
========================================================================
Received Import Request.
  Time since last request: 2.856997 seconds.
  path: Assets/sts/audio/sound/SOTE_SFX_BlockAtk_v2.ogg.import
  artifactKey: Guid(f4e6bc9ee46e9e44692ce480db7f7019) Importer(2089858483,0ecaa5967403d082aa24f35e1b516d23)
Start importing Assets/sts/audio/sound/SOTE_SFX_BlockAtk_v2.ogg.import using Guid(f4e6bc9ee46e9e44692ce480db7f7019) Importer(2089858483,0ecaa5967403d082aa24f35e1b516d23) [PhysX] Initialized MultithreadedTaskDispatcher with 28 workers.
 -> (artifact id: 'ef886a0a7664b03b388452674bfbde84') in 0.003973 seconds
Number of updated asset objects reloaded before import = 0
Number of asset objects unloaded after import = 1
========================================================================
Received Import Request.
  Time since last request: 0.000015 seconds.
  path: Assets/sts/audio/sound/SOTE_SFX_FireIgnite_2_v1.ogg.import
  artifactKey: Guid(0dd73732eb261324493b172b592385b7) Importer(2089858483,0ecaa5967403d082aa24f35e1b516d23)
Start importing Assets/sts/audio/sound/SOTE_SFX_FireIgnite_2_v1.ogg.import using Guid(0dd73732eb261324493b172b592385b7) Importer(2089858483,0ecaa5967403d082aa24f35e1b516d23) [PhysX] Initialized MultithreadedTaskDispatcher with 28 workers.
 -> (artifact id: '11fe71625f2f426ba35a3f7582206ba8') in 0.003855 seconds
Number of updated asset objects reloaded before import = 0
Number of asset objects unloaded after import = 1
========================================================================
Received Import Request.
  Time since last request: 0.000013 seconds.
  path: Assets/sts/audio/sound/SOTE_SFX_Buff_1_v1.ogg
  artifactKey: Guid(9b4d00b229d5fb34084ac46e5417dc8e) Importer(2089858483,0ecaa5967403d082aa24f35e1b516d23)
Start importing Assets/sts/audio/sound/SOTE_SFX_Buff_1_v1.ogg using Guid(9b4d00b229d5fb34084ac46e5417dc8e) Importer(2089858483,0ecaa5967403d082aa24f35e1b516d23) [PhysX] Initialized MultithreadedTaskDispatcher with 28 workers.
 -> (artifact id: '456f3ae4234015cd76fab4dbaecc2884') in 0.023102 seconds
Number of updated asset objects reloaded before import = 0
Number of asset objects unloaded after import = 1
========================================================================
Received Import Request.
  Time since last request: 0.000075 seconds.
  path: Assets/sts/audio/sound/SOTE_SFX_Buff_2_v1.ogg.import
  artifactKey: Guid(5e00cea365ae82e44973e0901312efd5) Importer(2089858483,0ecaa5967403d082aa24f35e1b516d23)
Start importing Assets/sts/audio/sound/SOTE_SFX_Buff_2_v1.ogg.import using Guid(5e00cea365ae82e44973e0901312efd5) Importer(2089858483,0ecaa5967403d082aa24f35e1b516d23) [PhysX] Initialized MultithreadedTaskDispatcher with 28 workers.
 -> (artifact id: '9db75b07b5079318c291a218128d6110') in 0.002835 seconds
Number of updated asset objects reloaded before import = 0
Number of asset objects unloaded after import = 1
========================================================================
Received Import Request.
  Time since last request: 0.000014 seconds.
  path: Assets/sts/audio/sound/SOTE_SFX_DropPotion_1_v1.ogg.import
  artifactKey: Guid(3d33a1c41493fd1449d07a3da93e69db) Importer(2089858483,0ecaa5967403d082aa24f35e1b516d23)
Start importing Assets/sts/audio/sound/SOTE_SFX_DropPotion_1_v1.ogg.import using Guid(3d33a1c41493fd1449d07a3da93e69db) Importer(2089858483,0ecaa5967403d082aa24f35e1b516d23) [PhysX] Initialized MultithreadedTaskDispatcher with 28 workers.
 -> (artifact id: 'fbf0e7e4478c01dbd8337404780ff639') in 0.002925 seconds
Number of updated asset objects reloaded before import = 0
Number of asset objects unloaded after import = 1
========================================================================
Received Import Request.
  Time since last request: 0.000103 seconds.
  path: Assets/sts/audio/sound/SOTE_SFX_CeilingDust2_Boom_v1.ogg
  artifactKey: Guid(a9a2155dfece6314a848c2a3fd895262) Importer(2089858483,0ecaa5967403d082aa24f35e1b516d23)
Start importing Assets/sts/audio/sound/SOTE_SFX_CeilingDust2_Boom_v1.ogg using Guid(a9a2155dfece6314a848c2a3fd895262) Importer(2089858483,0ecaa5967403d082aa24f35e1b516d23) [PhysX] Initialized MultithreadedTaskDispatcher with 28 workers.
 -> (artifact id: '9d7557b12d8086a152031714689fd23f') in 0.017114 seconds
Number of updated asset objects reloaded before import = 0
Number of asset objects unloaded after import = 1
========================================================================
Received Import Request.
  Time since last request: 0.000028 seconds.
  path: Assets/sts/audio/sound/SOTE_SFX_Gold_RR5_v3.ogg.import
  artifactKey: Guid(6ba701d6f0f4d21418dd47b5b317f4d9) Importer(2089858483,0ecaa5967403d082aa24f35e1b516d23)
Start importing Assets/sts/audio/sound/SOTE_SFX_Gold_RR5_v3.ogg.import using Guid(6ba701d6f0f4d21418dd47b5b317f4d9) Importer(2089858483,0ecaa5967403d082aa24f35e1b516d23) [PhysX] Initialized MultithreadedTaskDispatcher with 28 workers.
 -> (artifact id: '94ad681d47cb92e9175d7c7714b0aab8') in 0.003343 seconds
Number of updated asset objects reloaded before import = 0
Number of asset objects unloaded after import = 1
========================================================================
Received Import Request.
  Time since last request: 0.000013 seconds.
  path: Assets/sts/audio/sound/SOTE_SFX_CardReject_v1.ogg
  artifactKey: Guid(b5fd8fad2cf549f4990a7d38e4bcaeed) Importer(2089858483,0ecaa5967403d082aa24f35e1b516d23)
Start importing Assets/sts/audio/sound/SOTE_SFX_CardReject_v1.ogg using Guid(b5fd8fad2cf549f4990a7d38e4bcaeed) Importer(2089858483,0ecaa5967403d082aa24f35e1b516d23) [PhysX] Initialized MultithreadedTaskDispatcher with 28 workers.
 -> (artifact id: 'c75f6c6046e4e0f045bd7c624286db7a') in 0.018297 seconds
Number of updated asset objects reloaded before import = 0
Number of asset objects unloaded after import = 1
========================================================================
Received Import Request.
  Time since last request: 0.000065 seconds.
  path: Assets/sts/audio/sound/SOTE_SFX_EndTurn_v2.ogg
  artifactKey: Guid(3a985a2030930184aa8d965207f87158) Importer(2089858483,0ecaa5967403d082aa24f35e1b516d23)
Start importing Assets/sts/audio/sound/SOTE_SFX_EndTurn_v2.ogg using Guid(3a985a2030930184aa8d965207f87158) Importer(2089858483,0ecaa5967403d082aa24f35e1b516d23) [PhysX] Initialized MultithreadedTaskDispatcher with 28 workers.
 -> (artifact id: '6da0efb467336d740d8db75f73dd88c9') in 0.020052 seconds
Number of updated asset objects reloaded before import = 0
Number of asset objects unloaded after import = 1
========================================================================
Received Import Request.
  Time since last request: 0.000028 seconds.
  path: Assets/sts/audio/sound/SOTE_SFX_Gold_RR3_v3.ogg
  artifactKey: Guid(0bafd3050dcd41b43addd2d9dc4cca24) Importer(2089858483,0ecaa5967403d082aa24f35e1b516d23)
Start importing Assets/sts/audio/sound/SOTE_SFX_Gold_RR3_v3.ogg using Guid(0bafd3050dcd41b43addd2d9dc4cca24) Importer(2089858483,0ecaa5967403d082aa24f35e1b516d23) [PhysX] Initialized MultithreadedTaskDispatcher with 28 workers.
 -> (artifact id: '6c486ea5cd4309df4f22bc8c0b879ccb') in 0.021997 seconds
Number of updated asset objects reloaded before import = 0
Number of asset objects unloaded after import = 1
========================================================================
Received Import Request.
  Time since last request: 0.000073 seconds.
  path: Assets/sts/audio/sound/SOTE_SFX_MapHover_1_v1.ogg
  artifactKey: Guid(c4ed938f41d83cd46be222571d093ed9) Importer(2089858483,0ecaa5967403d082aa24f35e1b516d23)
Start importing Assets/sts/audio/sound/SOTE_SFX_MapHover_1_v1.ogg using Guid(c4ed938f41d83cd46be222571d093ed9) Importer(2089858483,0ecaa5967403d082aa24f35e1b516d23) [PhysX] Initialized MultithreadedTaskDispatcher with 28 workers.
 -> (artifact id: '10ebe077ec18c8476f292da884fdbd69') in 0.017248 seconds
Number of updated asset objects reloaded before import = 0
Number of asset objects unloaded after import = 1
========================================================================
Received Import Request.
  Time since last request: 0.000014 seconds.
  path: Assets/sts/audio/sound/SOTE_SFX_DungeonGate.ogg.import
  artifactKey: Guid(ab8dea21d736e4645a2d3498941e65f9) Importer(2089858483,0ecaa5967403d082aa24f35e1b516d23)
Start importing Assets/sts/audio/sound/SOTE_SFX_DungeonGate.ogg.import using Guid(ab8dea21d736e4645a2d3498941e65f9) Importer(2089858483,0ecaa5967403d082aa24f35e1b516d23) [PhysX] Initialized MultithreadedTaskDispatcher with 28 workers.
 -> (artifact id: '4d7060271362700e6ab2a2b4c9663f97') in 0.002062 seconds
Number of updated asset objects reloaded before import = 0
Number of asset objects unloaded after import = 1
========================================================================
Received Import Request.
  Time since last request: 0.000036 seconds.
  path: Assets/sts/audio/sound/SOTE_SFX_Gold_RR1_v3.ogg
  artifactKey: Guid(3d1e3244bcba9f04688c8058cbea1e1b) Importer(2089858483,0ecaa5967403d082aa24f35e1b516d23)
Start importing Assets/sts/audio/sound/SOTE_SFX_Gold_RR1_v3.ogg using Guid(3d1e3244bcba9f04688c8058cbea1e1b) Importer(2089858483,0ecaa5967403d082aa24f35e1b516d23) [PhysX] Initialized MultithreadedTaskDispatcher with 28 workers.
 -> (artifact id: '3087c53c1af23169aaf8252e03d289cf') in 0.018477 seconds
Number of updated asset objects reloaded before import = 0
Number of asset objects unloaded after import = 1
========================================================================
Received Import Request.
  Time since last request: 0.000015 seconds.
  path: Assets/sts/audio/sound/SOTE_SFX_BossGhostFireAtk_3_v1.ogg.import
  artifactKey: Guid(0e0250a0396028b41b2f4fb1bf44572a) Importer(2089858483,0ecaa5967403d082aa24f35e1b516d23)
Start importing Assets/sts/audio/sound/SOTE_SFX_BossGhostFireAtk_3_v1.ogg.import using Guid(0e0250a0396028b41b2f4fb1bf44572a) Importer(2089858483,0ecaa5967403d082aa24f35e1b516d23) [PhysX] Initialized MultithreadedTaskDispatcher with 28 workers.
 -> (artifact id: '7be9ce5afc0c22d738bc4f55f767bec2') in 0.002564 seconds
Number of updated asset objects reloaded before import = 0
Number of asset objects unloaded after import = 1
========================================================================
Received Import Request.
  Time since last request: 0.000055 seconds.
  path: Assets/sts/audio/sound/SOTE_SFX_HealShort_1_v2.ogg.import
  artifactKey: Guid(263f71bc548d9bb4595ec74c6ea39d6d) Importer(2089858483,0ecaa5967403d082aa24f35e1b516d23)
Start importing Assets/sts/audio/sound/SOTE_SFX_HealShort_1_v2.ogg.import using Guid(263f71bc548d9bb4595ec74c6ea39d6d) Importer(2089858483,0ecaa5967403d082aa24f35e1b516d23) [PhysX] Initialized MultithreadedTaskDispatcher with 28 workers.
 -> (artifact id: '0345d7c18084a83ad9f2e3f71e042d20') in 0.002538 seconds
Number of updated asset objects reloaded before import = 0
Number of asset objects unloaded after import = 1
========================================================================
Received Import Request.
  Time since last request: 0.000071 seconds.
  path: Assets/sts/audio/sound/SOTE_SFX_CeilingDust3_Boom_v1.ogg.import
  artifactKey: Guid(a7dd0e829cbd0454b9397761bfdf275e) Importer(2089858483,0ecaa5967403d082aa24f35e1b516d23)
Start importing Assets/sts/audio/sound/SOTE_SFX_CeilingDust3_Boom_v1.ogg.import using Guid(a7dd0e829cbd0454b9397761bfdf275e) Importer(2089858483,0ecaa5967403d082aa24f35e1b516d23) [PhysX] Initialized MultithreadedTaskDispatcher with 28 workers.
 -> (artifact id: '862fa59c239edb7c8164454a08267ba4') in 0.002257 seconds
Number of updated asset objects reloaded before import = 0
Number of asset objects unloaded after import = 1
========================================================================
Received Import Request.
  Time since last request: 0.000042 seconds.
  path: Assets/sts/audio/sound/SOTE_SFX_Blood_1_v2.ogg
  artifactKey: Guid(d4531bbe14a6aaf4487126f6561973cf) Importer(2089858483,0ecaa5967403d082aa24f35e1b516d23)
Start importing Assets/sts/audio/sound/SOTE_SFX_Blood_1_v2.ogg using Guid(d4531bbe14a6aaf4487126f6561973cf) Importer(2089858483,0ecaa5967403d082aa24f35e1b516d23) [PhysX] Initialized MultithreadedTaskDispatcher with 28 workers.
 -> (artifact id: '215ad59c59139ee1f78afe8b8d88e938') in 0.018445 seconds
Number of updated asset objects reloaded before import = 0
Number of asset objects unloaded after import = 1
========================================================================
Received Import Request.
  Time since last request: 0.000022 seconds.
  path: Assets/sts/audio/sound/SOTE_SFX_GainDefense_RR2_v3.ogg
  artifactKey: Guid(d49055ba6d4580c459c6de82bef107d1) Importer(2089858483,0ecaa5967403d082aa24f35e1b516d23)
Start importing Assets/sts/audio/sound/SOTE_SFX_GainDefense_RR2_v3.ogg using Guid(d49055ba6d4580c459c6de82bef107d1) Importer(2089858483,0ecaa5967403d082aa24f35e1b516d23) [PhysX] Initialized MultithreadedTaskDispatcher with 28 workers.
 -> (artifact id: '40737565d1b309518f7bada5f13f9888') in 0.022704 seconds
Number of updated asset objects reloaded before import = 0
Number of asset objects unloaded after import = 1
========================================================================
Received Import Request.
  Time since last request: 0.000070 seconds.
  path: Assets/sts/audio/sound/SOTE_SFX_HeavyAtk_v2.ogg
  artifactKey: Guid(f07bf602fcd696845b2fb370fc8902bc) Importer(2089858483,0ecaa5967403d082aa24f35e1b516d23)
Start importing Assets/sts/audio/sound/SOTE_SFX_HeavyAtk_v2.ogg using Guid(f07bf602fcd696845b2fb370fc8902bc) Importer(2089858483,0ecaa5967403d082aa24f35e1b516d23) [PhysX] Initialized MultithreadedTaskDispatcher with 28 workers.
 -> (artifact id: '87c81c5f12f7e04afebabdc0d0d323ea') in 0.018476 seconds
Number of updated asset objects reloaded before import = 0
Number of asset objects unloaded after import = 1
========================================================================
Received Import Request.
  Time since last request: 0.000078 seconds.
  path: Assets/sts/audio/sound/SOTE_SFX_Buff_3_v1.ogg
  artifactKey: Guid(a42ab0f32e976db4e960d679daff0f66) Importer(2089858483,0ecaa5967403d082aa24f35e1b516d23)
Start importing Assets/sts/audio/sound/SOTE_SFX_Buff_3_v1.ogg using Guid(a42ab0f32e976db4e960d679daff0f66) Importer(2089858483,0ecaa5967403d082aa24f35e1b516d23) [PhysX] Initialized MultithreadedTaskDispatcher with 28 workers.
 -> (artifact id: 'e1be2a2245d26737e91b0eecf1216b4c') in 0.023086 seconds
Number of updated asset objects reloaded before import = 0
Number of asset objects unloaded after import = 1
========================================================================
Received Import Request.
  Time since last request: 2.757254 seconds.
  path: Assets/sts/audio/sound/SOTE_SFX_MapSelect_4_v1.ogg
  artifactKey: Guid(10419ef3133d8a5449a5bb32541844bd) Importer(2089858483,0ecaa5967403d082aa24f35e1b516d23)
Start importing Assets/sts/audio/sound/SOTE_SFX_MapSelect_4_v1.ogg using Guid(10419ef3133d8a5449a5bb32541844bd) Importer(2089858483,0ecaa5967403d082aa24f35e1b516d23) [PhysX] Initialized MultithreadedTaskDispatcher with 28 workers.
 -> (artifact id: '55326ce91b0c6645d54af4c5ad5dce44') in 0.021320 seconds
Number of updated asset objects reloaded before import = 0
Number of asset objects unloaded after import = 1
========================================================================
Received Import Request.
  Time since last request: 0.000017 seconds.
  path: Assets/sts/audio/sound/SOTE_SFX_WaterDrips_v3.ogg
  artifactKey: Guid(49a1ad93fdd248f48a601d42fcf509d9) Importer(2089858483,0ecaa5967403d082aa24f35e1b516d23)
Start importing Assets/sts/audio/sound/SOTE_SFX_WaterDrips_v3.ogg using Guid(49a1ad93fdd248f48a601d42fcf509d9) Importer(2089858483,0ecaa5967403d082aa24f35e1b516d23) [PhysX] Initialized MultithreadedTaskDispatcher with 28 workers.
 -> (artifact id: '42d7ce8a39b4283b8fb721458535b26b') in 0.019768 seconds
Number of updated asset objects reloaded before import = 0
Number of asset objects unloaded after import = 1
========================================================================
Received Import Request.
  Time since last request: 0.000082 seconds.
  path: Assets/sts/audio/sound/SOTE_SFX_SlimeBlink_1_v2.ogg.import
  artifactKey: Guid(05f8445f51d91434d8c7685ae48bb2dd) Importer(2089858483,0ecaa5967403d082aa24f35e1b516d23)
Start importing Assets/sts/audio/sound/SOTE_SFX_SlimeBlink_1_v2.ogg.import using Guid(05f8445f51d91434d8c7685ae48bb2dd) Importer(2089858483,0ecaa5967403d082aa24f35e1b516d23) [PhysX] Initialized MultithreadedTaskDispatcher with 28 workers.
 -> (artifact id: '42da3f6827c4d33f5a3ab34389cbfe20') in 0.002923 seconds
Number of updated asset objects reloaded before import = 0
Number of asset objects unloaded after import = 1
========================================================================
Received Import Request.
  Time since last request: 0.000072 seconds.
  path: Assets/sts/audio/sound/SOTE_SFX_SlowThrow_1_v1.ogg
  artifactKey: Guid(dc17504c411875446b47f0f643a84e5b) Importer(2089858483,0ecaa5967403d082aa24f35e1b516d23)
Start importing Assets/sts/audio/sound/SOTE_SFX_SlowThrow_1_v1.ogg using Guid(dc17504c411875446b47f0f643a84e5b) Importer(2089858483,0ecaa5967403d082aa24f35e1b516d23) [PhysX] Initialized MultithreadedTaskDispatcher with 28 workers.
 -> (artifact id: '8e071aed90eb63c4b64a8c49a23b3f14') in 0.019312 seconds
Number of updated asset objects reloaded before import = 0
Number of asset objects unloaded after import = 1
========================================================================
Received Import Request.
  Time since last request: 0.000032 seconds.
  path: Assets/sts/audio/sound/SOTE_SFX_WaterDrips_1min_v1.ogg.import
  artifactKey: Guid(103e42f1590646944a18f913f23394ba) Importer(2089858483,0ecaa5967403d082aa24f35e1b516d23)
Start importing Assets/sts/audio/sound/SOTE_SFX_WaterDrips_1min_v1.ogg.import using Guid(103e42f1590646944a18f913f23394ba) Importer(2089858483,0ecaa5967403d082aa24f35e1b516d23) [PhysX] Initialized MultithreadedTaskDispatcher with 28 workers.
 -> (artifact id: '957ad7f6d13d6290c531b95a1cba1253') in 0.002046 seconds
Number of updated asset objects reloaded before import = 0
Number of asset objects unloaded after import = 1
========================================================================
Received Import Request.
  Time since last request: 0.000033 seconds.
  path: Assets/sts/audio/sound/STS_SFX_AutomatonOrbSpawn_v1.ogg
  artifactKey: Guid(2d1e38d73eafaae479ac0439beb819c5) Importer(2089858483,0ecaa5967403d082aa24f35e1b516d23)
Start importing Assets/sts/audio/sound/STS_SFX_AutomatonOrbSpawn_v1.ogg using Guid(2d1e38d73eafaae479ac0439beb819c5) Importer(2089858483,0ecaa5967403d082aa24f35e1b516d23) [PhysX] Initialized MultithreadedTaskDispatcher with 28 workers.
 -> (artifact id: 'd579c019c320b63b7b935bd19fcab5c7') in 0.019302 seconds
Number of updated asset objects reloaded before import = 0
Number of asset objects unloaded after import = 1
========================================================================
Received Import Request.
  Time since last request: 0.000018 seconds.
  path: Assets/sts/audio/sound/STS_SFX_BattleStart_1_v1.ogg.import
  artifactKey: Guid(b7f7dd904faf8474986aaa2f5ba1ab7e) Importer(2089858483,0ecaa5967403d082aa24f35e1b516d23)
Start importing Assets/sts/audio/sound/STS_SFX_BattleStart_1_v1.ogg.import using Guid(b7f7dd904faf8474986aaa2f5ba1ab7e) Importer(2089858483,0ecaa5967403d082aa24f35e1b516d23) [PhysX] Initialized MultithreadedTaskDispatcher with 28 workers.
 -> (artifact id: '501ea310d9694d29fff8e37ed5eb0f9b') in 0.003841 seconds
Number of updated asset objects reloaded before import = 0
Number of asset objects unloaded after import = 1
========================================================================
Received Import Request.
  Time since last request: 0.000051 seconds.
  path: Assets/sts/audio/sound/SOTE_SFX_SlimeBlink_1_v2.ogg
  artifactKey: Guid(726f872a09dbc614381f056b48546fd6) Importer(2089858483,0ecaa5967403d082aa24f35e1b516d23)
Start importing Assets/sts/audio/sound/SOTE_SFX_SlimeBlink_1_v2.ogg using Guid(726f872a09dbc614381f056b48546fd6) Importer(2089858483,0ecaa5967403d082aa24f35e1b516d23) [PhysX] Initialized MultithreadedTaskDispatcher with 28 workers.
 -> (artifact id: 'd9027cd4d394ab4ff9f01228d3e2dbcd') in 0.017368 seconds
Number of updated asset objects reloaded before import = 0
Number of asset objects unloaded after import = 1
========================================================================
Received Import Request.
  Time since last request: 0.000051 seconds.
  path: Assets/sts/audio/sound/SOTE_SFX_PlayerTurn_v4_1.ogg.import
  artifactKey: Guid(e5f25cbb9241dc447948588ab191bc06) Importer(2089858483,0ecaa5967403d082aa24f35e1b516d23)
Start importing Assets/sts/audio/sound/SOTE_SFX_PlayerTurn_v4_1.ogg.import using Guid(e5f25cbb9241dc447948588ab191bc06) Importer(2089858483,0ecaa5967403d082aa24f35e1b516d23) [PhysX] Initialized MultithreadedTaskDispatcher with 28 workers.
 -> (artifact id: '576dc80b0d6c0f2d41053d115114211d') in 0.002560 seconds
Number of updated asset objects reloaded before import = 0
Number of asset objects unloaded after import = 1
========================================================================
Received Import Request.
  Time since last request: 0.000026 seconds.
  path: Assets/sts/audio/sound/SOTE_SFX_SlowMagic_2_v1.ogg
  artifactKey: Guid(6b458ae2b5a4b98498aa4adbbf8fa25e) Importer(2089858483,0ecaa5967403d082aa24f35e1b516d23)
Start importing Assets/sts/audio/sound/SOTE_SFX_SlowMagic_2_v1.ogg using Guid(6b458ae2b5a4b98498aa4adbbf8fa25e) Importer(2089858483,0ecaa5967403d082aa24f35e1b516d23) [PhysX] Initialized MultithreadedTaskDispatcher with 28 workers.
 -> (artifact id: '1a81b2c98f20ac92e4dd456520d56f80') in 0.020749 seconds
Number of updated asset objects reloaded before import = 0
Number of asset objects unloaded after import = 1
========================================================================
Received Import Request.
  Time since last request: 0.000017 seconds.
  path: Assets/sts/audio/sound/SOTE_SFX_ObtainCard_v2.ogg
  artifactKey: Guid(84028d769aa977142b36e487c1ef8a91) Importer(2089858483,0ecaa5967403d082aa24f35e1b516d23)
Start importing Assets/sts/audio/sound/SOTE_SFX_ObtainCard_v2.ogg using Guid(84028d769aa977142b36e487c1ef8a91) Importer(2089858483,0ecaa5967403d082aa24f35e1b516d23) [PhysX] Initialized MultithreadedTaskDispatcher with 28 workers.
 -> (artifact id: 'f55d8546a8a10545a9ef151806a16e01') in 0.017551 seconds
Number of updated asset objects reloaded before import = 0
Number of asset objects unloaded after import = 1
========================================================================
Received Import Request.
  Time since last request: 0.000058 seconds.
  path: Assets/sts/audio/sound/SOTE_SFX_PlayerTurn_v3.ogg.import
  artifactKey: Guid(8cbef1ca92d07ac4aa799502ddf29a6e) Importer(2089858483,0ecaa5967403d082aa24f35e1b516d23)
Start importing Assets/sts/audio/sound/SOTE_SFX_PlayerTurn_v3.ogg.import using Guid(8cbef1ca92d07ac4aa799502ddf29a6e) Importer(2089858483,0ecaa5967403d082aa24f35e1b516d23) [PhysX] Initialized MultithreadedTaskDispatcher with 28 workers.
 -> (artifact id: 'c766227980f8076066539eb045ebc1e6') in 0.002163 seconds
Number of updated asset objects reloaded before import = 0
Number of asset objects unloaded after import = 1
========================================================================
Received Import Request.
  Time since last request: 0.000041 seconds.
  path: Assets/sts/audio/sound/SOTE_SFX_UI_Parchment_1_v2.ogg.import
  artifactKey: Guid(2fc2f03c3ce472744aa02162fec663e1) Importer(2089858483,0ecaa5967403d082aa24f35e1b516d23)
Start importing Assets/sts/audio/sound/SOTE_SFX_UI_Parchment_1_v2.ogg.import using Guid(2fc2f03c3ce472744aa02162fec663e1) Importer(2089858483,0ecaa5967403d082aa24f35e1b516d23) [PhysX] Initialized MultithreadedTaskDispatcher with 28 workers.
 -> (artifact id: '0b2d7903902497a0f551d55b58e957fe') in 0.002093 seconds
Number of updated asset objects reloaded before import = 0
Number of asset objects unloaded after import = 1
========================================================================
Received Import Request.
  Time since last request: 0.000058 seconds.
  path: Assets/sts/audio/sound/SOTE_SFX_ViewDeck_v1.ogg
  artifactKey: Guid(9e80a9ec8d159e84d9ed30feebb340da) Importer(2089858483,0ecaa5967403d082aa24f35e1b516d23)
Start importing Assets/sts/audio/sound/SOTE_SFX_ViewDeck_v1.ogg using Guid(9e80a9ec8d159e84d9ed30feebb340da) Importer(2089858483,0ecaa5967403d082aa24f35e1b516d23) [PhysX] Initialized MultithreadedTaskDispatcher with 28 workers.
 -> (artifact id: '4403bfd03b8d632a8209d32af1d1d7f7') in 0.017159 seconds
Number of updated asset objects reloaded before import = 0
Number of asset objects unloaded after import = 1
========================================================================
Received Import Request.
  Time since last request: 0.000016 seconds.
  path: Assets/sts/audio/sound/SOTE_SFX_Relic_Caxixi.ogg
  artifactKey: Guid(a3e64f4318fbdb54ca2671e47c7716d4) Importer(2089858483,0ecaa5967403d082aa24f35e1b516d23)
Start importing Assets/sts/audio/sound/SOTE_SFX_Relic_Caxixi.ogg using Guid(a3e64f4318fbdb54ca2671e47c7716d4) Importer(2089858483,0ecaa5967403d082aa24f35e1b516d23) [PhysX] Initialized MultithreadedTaskDispatcher with 28 workers.
 -> (artifact id: '855be72cf0cab061c051c7713a0273bb') in 0.018892 seconds
Number of updated asset objects reloaded before import = 0
Number of asset objects unloaded after import = 1
========================================================================
Received Import Request.
  Time since last request: 0.000049 seconds.
  path: Assets/sts/audio/sound/SOTE_SFX_Relic_Caxixi.ogg.import
  artifactKey: Guid(9f3266f66cd8cb347a26b4f8ed7a9df0) Importer(2089858483,0ecaa5967403d082aa24f35e1b516d23)
Start importing Assets/sts/audio/sound/SOTE_SFX_Relic_Caxixi.ogg.import using Guid(9f3266f66cd8cb347a26b4f8ed7a9df0) Importer(2089858483,0ecaa5967403d082aa24f35e1b516d23) [PhysX] Initialized MultithreadedTaskDispatcher with 28 workers.
 -> (artifact id: 'f86e118d0b67048b06ebee32b1b63244') in 0.001896 seconds
Number of updated asset objects reloaded before import = 0
Number of asset objects unloaded after import = 1
========================================================================
Received Import Request.
  Time since last request: 0.000028 seconds.
  path: Assets/sts/audio/sound/SOTE_SFX_SlimeSplit_v1.ogg
  artifactKey: Guid(c989a934280dbc443b2198291bc7231c) Importer(2089858483,0ecaa5967403d082aa24f35e1b516d23)
Start importing Assets/sts/audio/sound/SOTE_SFX_SlimeSplit_v1.ogg using Guid(c989a934280dbc443b2198291bc7231c) Importer(2089858483,0ecaa5967403d082aa24f35e1b516d23) [PhysX] Initialized MultithreadedTaskDispatcher with 28 workers.
 -> (artifact id: '7a5d4c7223c515c28729ac4c2341f9c4') in 0.018021 seconds
Number of updated asset objects reloaded before import = 0
Number of asset objects unloaded after import = 1
========================================================================
Received Import Request.
  Time since last request: 0.000013 seconds.
  path: Assets/sts/audio/sound/SOTE_SFX_UIClick_1_v2.wav.import
  artifactKey: Guid(868d166517497a54dbd6f741f8c945bf) Importer(2089858483,0ecaa5967403d082aa24f35e1b516d23)
Start importing Assets/sts/audio/sound/SOTE_SFX_UIClick_1_v2.wav.import using Guid(868d166517497a54dbd6f741f8c945bf) Importer(2089858483,0ecaa5967403d082aa24f35e1b516d23) [PhysX] Initialized MultithreadedTaskDispatcher with 28 workers.
 -> (artifact id: '2825b24b015ab9040742dc59a24c5d9d') in 0.003325 seconds
Number of updated asset objects reloaded before import = 0
Number of asset objects unloaded after import = 1
========================================================================
Received Import Request.
  Time since last request: 0.000036 seconds.
  path: Assets/sts/audio/sound/SOTE_SFX_SlimeAtk_1_v1.ogg.import
  artifactKey: Guid(005e705fc00573848bcf014eb2249199) Importer(2089858483,0ecaa5967403d082aa24f35e1b516d23)
Start importing Assets/sts/audio/sound/SOTE_SFX_SlimeAtk_1_v1.ogg.import using Guid(005e705fc00573848bcf014eb2249199) Importer(2089858483,0ecaa5967403d082aa24f35e1b516d23) [PhysX] Initialized MultithreadedTaskDispatcher with 28 workers.
 -> (artifact id: 'b4073a62a7be5ceca632dd10702fd3a3') in 0.003416 seconds
Number of updated asset objects reloaded before import = 0
Number of asset objects unloaded after import = 1
========================================================================
Received Import Request.
  Time since last request: 0.000065 seconds.
  path: Assets/sts/audio/sound/SOTE_SFX_Relic_Tingsha.ogg
  artifactKey: Guid(584532571ad31ad4b84a5571d8469cbc) Importer(2089858483,0ecaa5967403d082aa24f35e1b516d23)
Start importing Assets/sts/audio/sound/SOTE_SFX_Relic_Tingsha.ogg using Guid(584532571ad31ad4b84a5571d8469cbc) Importer(2089858483,0ecaa5967403d082aa24f35e1b516d23) [PhysX] Initialized MultithreadedTaskDispatcher with 28 workers.
 -> (artifact id: '6102bee3bacb8d953f82234f57d3ad95') in 0.019338 seconds
Number of updated asset objects reloaded before import = 0
Number of asset objects unloaded after import = 1
========================================================================
Received Prepare
Caller must complete domain reload
Begin MonoManager ReloadAssembly
Symbol file LoadedFromMemory is not a mono symbol file
- Loaded All Assemblies, in  0.510 seconds
Native extension for WindowsStandalone target not found
[ScriptCompilation] NOT recompiling all scripts because this is an import worker process. Reason to compile was: Define symbols changed
[Package Manager] Server::EnsureServerProcessIsRunning -- launch failed, reason: Unity was launched with the -noUpm command-line argument
[Package Manager] UpmClient::Send -- Unable to send message (not connected to UPM process).
[Package Manager] Cannot connect to Unity Package Manager local server
Mono: successfully reloaded assembly
- Finished resetting the current domain, in  0.368 seconds
Domain Reload Profiling: 878ms
	BeginReloadAssembly (305ms)
		ExecutionOrderSort (0ms)
		DisableScriptedObjects (207ms)
		BackupInstance (0ms)
		ReleaseScriptingObjects (0ms)
		CreateAndSetChildDomain (28ms)
	RebuildCommonClasses (18ms)
	RebuildNativeTypeToScriptingClass (9ms)
	initialDomainReloadingComplete (16ms)
	LoadAllAssembliesAndSetupDomain (161ms)
		LoadAssemblies (199ms)
		RebuildTransferFunctionScriptingTraits (0ms)
		AnalyzeDomain (10ms)
			TypeCache.Refresh (5ms)
				TypeCache.ScanAssembly (0ms)
			ScanForSourceGeneratedMonoScriptInfo (0ms)
			ResolveRequiredComponents (3ms)
	FinalizeReload (368ms)
		ReleaseScriptCaches (0ms)
		RebuildScriptCaches (0ms)
		SetupLoadedEditorAssemblies (259ms)
			LogAssemblyErrors (0ms)
			InitializePlatformSupportModulesInManaged (3ms)
			SetLoadedEditorAssemblies (3ms)
			RefreshPlugins (0ms)
			BeforeProcessingInitializeOnLoad (42ms)
			ProcessInitializeOnLoadAttributes (178ms)
			ProcessInitializeOnLoadMethodAttributes (32ms)
			AfterProcessingInitializeOnLoad (1ms)
			EditorAssembliesLoaded (0ms)
		ExecutionOrderSort2 (0ms)
		AwakeInstancesAfterBackupRestoration (8ms)
Refreshing native plugins compatible for Editor in 5.62 ms, found 4 plugins.
Preloading 0 native plugins for Editor in 0.00 ms.
Unloading 4307 Unused Serialized files (Serialized files now loaded: 0)
Unloading 28 unused Assets / (215.8 KB). Loaded Objects now: 4778.
Memory consumption went from 153.1 MB to 152.9 MB.
Total: 2.479100 ms (FindLiveObjects: 0.176300 ms CreateObjectMapping: 0.060800 ms MarkObjects: 2.110500 ms  DeleteObjects: 0.130700 ms)

Prepare: number of updated asset objects reloaded= 0
AssetImportParameters requested are different than current active one (requested -> active):
  custom:container-demuxer-ogg: 62fdf1f143b41e24485cea50d1cbac27 -> 
  custom:video-codec-MediaFoundation-h265: 746d11721c4dcdbdad8f713fa42b33f4 -> 
  custom:video-decoder-ogg-theora: a1e56fd34408186e4bbccfd4996cb3dc -> 
  custom:framework-win-MediaFoundation: 216162199b28c13a410421893ffa2e32 -> 
  custom:CustomObjectIndexerAttribute: 9a22284fe3817be447336de3de66b15e -> 
  custom:container-demuxer-webm: 4f35f7cbe854078d1ac9338744f61a02 -> 
  custom:container-muxer-webm: aa71ff27fc2769a1b78a27578f13a17b -> 
  custom:video-decoder-webm-vp8: 9c59270c3fd7afecdb556c50c9e8de78 -> 
  custom:SearchIndexIgnoredProperties: e643bd26f0fe6173181afceb89e7c659 -> 
  custom:AudioImporter_EditorPlatform: d09bf68614088b80899f8185d706f6e7 -> 
  custom:video-encoder-webm-vp8: eb34c28f22e8b96e1ab97ce403110664 -> 
  custom:audio-decoder-ogg-vorbis: bf7c407c2cedff20999df2af8eb42d56 -> 
  custom:audio-encoder-webm-vorbis: bf7c407c2cedff20999df2af8eb42d56 -> 
Editor requested this worker to shutdown with reason: Scaling down because of idle timeout
TcpMessagingSession - receive error: operation aborted. errorcode: 995, details:  I/O 
AssetImportWorker is now disconnected from the server
Process exiting
Exiting without the bug reporter. Application will terminate with return code 0