Using pre-set license
Built from '2022.3/china_unity/release' branch; Version is '2022.3.62f2c1 (92e6e6be66dc) revision 9627366'; Using compiler version '192829333'; Build Type 'Release'
OS: 'Windows 11  (10.0.26100) 64bit CoreCountrySpecific' Language: 'zh' Physical Memory: 32481 MB
BatchMode: 1, IsHumanControllingUs: 0, StartBugReporterOnCrash: 0, Is64bit: 1, IsPro: 1

COMMAND LINE ARGUMENTS:
D:\unity\2022.3.62f2c1\Editor\Unity.exe
-adb2
-batchMode
-noUpm
-name
AssetImportWorker3
-projectPath
C:/Users/szpro/Desktop/SZ/game/joeys-nightmare-2/joeys-nightmare2
-logFile
Logs/AssetImportWorker3.log
-srvPort
11969
Successfully changed project path to: C:/Users/szpro/Desktop/SZ/game/joeys-nightmare-2/joeys-nightmare2
C:/Users/szpro/Desktop/SZ/game/joeys-nightmare-2/joeys-nightmare2
[UnityMemory] Configuration Parameters - Can be set up in boot.config
    "memorysetup-bucket-allocator-granularity=16"
    "memorysetup-bucket-allocator-bucket-count=8"
    "memorysetup-bucket-allocator-block-size=33554432"
    "memorysetup-bucket-allocator-block-count=8"
    "memorysetup-main-allocator-block-size=16777216"
    "memorysetup-thread-allocator-block-size=16777216"
    "memorysetup-gfx-main-allocator-block-size=16777216"
    "memorysetup-gfx-thread-allocator-block-size=16777216"
    "memorysetup-cache-allocator-block-size=4194304"
    "memorysetup-typetree-allocator-block-size=2097152"
    "memorysetup-profiler-bucket-allocator-granularity=16"
    "memorysetup-profiler-bucket-allocator-bucket-count=8"
    "memorysetup-profiler-bucket-allocator-block-size=33554432"
    "memorysetup-profiler-bucket-allocator-block-count=8"
    "memorysetup-profiler-allocator-block-size=16777216"
    "memorysetup-profiler-editor-allocator-block-size=1048576"
    "memorysetup-temp-allocator-size-main=16777216"
    "memorysetup-job-temp-allocator-block-size=2097152"
    "memorysetup-job-temp-allocator-block-size-background=1048576"
    "memorysetup-job-temp-allocator-reduction-small-platforms=262144"
    "memorysetup-allocator-temp-initial-block-size-main=262144"
    "memorysetup-allocator-temp-initial-block-size-worker=262144"
    "memorysetup-temp-allocator-size-background-worker=32768"
    "memorysetup-temp-allocator-size-job-worker=262144"
    "memorysetup-temp-allocator-size-preload-manager=33554432"
    "memorysetup-temp-allocator-size-nav-mesh-worker=65536"
    "memorysetup-temp-allocator-size-audio-worker=65536"
    "memorysetup-temp-allocator-size-cloud-worker=32768"
    "memorysetup-temp-allocator-size-gi-baking-worker=262144"
    "memorysetup-temp-allocator-size-gfx=262144"
Player connection [8700]  Target information:

Player connection [8700]  * "[IP] 192.168.3.14 [Port] 0 [Flags] 2 [Guid] 1571020711 [EditorId] 1571020711 [Version] 1048832 [Id] WindowsEditor(7,SZ) [Debug] 1 [PackageName] WindowsEditor [ProjectName] Editor" 

Player connection [8700] Host joined multi-casting on [225.0.0.222:54997]...
Player connection [8700] Host joined alternative multi-casting on [225.0.0.222:34997]...
Input System module state changed to: Initialized.
[PhysX] Initialized MultithreadedTaskDispatcher with 28 workers.
Refreshing native plugins compatible for Editor in 8.47 ms, found 4 plugins.
Preloading 0 native plugins for Editor in 0.00 ms.
Initialize engine version: 2022.3.62f2c1 (92e6e6be66dc)
[Subsystems] Discovering subsystems at path D:/unity/2022.3.62f2c1/Editor/Data/Resources/UnitySubsystems
[Subsystems] Discovering subsystems at path C:/Users/szpro/Desktop/SZ/game/joeys-nightmare-2/joeys-nightmare2/Assets
GfxDevice: creating device client; threaded=0; jobified=0
Direct3D:
    Version:  Direct3D 11.0 [level 11.1]
    Renderer: NVIDIA GeForce RTX 4070 SUPER (ID=0x2783)
    Vendor:   NVIDIA
    VRAM:     11999 MB
    Driver:   32.0.15.7296
Initialize mono
Mono path[0] = 'D:/unity/2022.3.62f2c1/Editor/Data/Managed'
Mono path[1] = 'D:/unity/2022.3.62f2c1/Editor/Data/MonoBleedingEdge/lib/mono/unityjit-win32'
Mono config path = 'D:/unity/2022.3.62f2c1/Editor/Data/MonoBleedingEdge/etc'
Using monoOptions --debugger-agent=transport=dt_socket,embedding=1,server=y,suspend=n,address=127.0.0.1:56556
Begin MonoManager ReloadAssembly
Registering precompiled unity dll's ...
Register platform support module: D:/unity/2022.3.62f2c1/Editor/Data/PlaybackEngines/WindowsStandaloneSupport/UnityEditor.WindowsStandalone.Extensions.dll
Registered in 0.001580 seconds.
- Loaded All Assemblies, in  0.195 seconds
Native extension for WindowsStandalone target not found
Mono: successfully reloaded assembly
- Finished resetting the current domain, in  0.157 seconds
Domain Reload Profiling: 352ms
	BeginReloadAssembly (58ms)
		ExecutionOrderSort (0ms)
		DisableScriptedObjects (0ms)
		BackupInstance (0ms)
		ReleaseScriptingObjects (0ms)
		CreateAndSetChildDomain (0ms)
	RebuildCommonClasses (18ms)
	RebuildNativeTypeToScriptingClass (7ms)
	initialDomainReloadingComplete (27ms)
	LoadAllAssembliesAndSetupDomain (84ms)
		LoadAssemblies (58ms)
		RebuildTransferFunctionScriptingTraits (0ms)
		AnalyzeDomain (83ms)
			TypeCache.Refresh (82ms)
				TypeCache.ScanAssembly (74ms)
			ScanForSourceGeneratedMonoScriptInfo (0ms)
			ResolveRequiredComponents (0ms)
	FinalizeReload (158ms)
		ReleaseScriptCaches (0ms)
		RebuildScriptCaches (0ms)
		SetupLoadedEditorAssemblies (131ms)
			LogAssemblyErrors (0ms)
			InitializePlatformSupportModulesInManaged (5ms)
			SetLoadedEditorAssemblies (5ms)
			RefreshPlugins (0ms)
			BeforeProcessingInitializeOnLoad (1ms)
			ProcessInitializeOnLoadAttributes (89ms)
			ProcessInitializeOnLoadMethodAttributes (32ms)
			AfterProcessingInitializeOnLoad (0ms)
			EditorAssembliesLoaded (0ms)
		ExecutionOrderSort2 (0ms)
		AwakeInstancesAfterBackupRestoration (0ms)
========================================================================
Worker process is ready to serve import requests
Caller must complete domain reload
Begin MonoManager ReloadAssembly
Symbol file LoadedFromMemory is not a mono symbol file
- Loaded All Assemblies, in  0.436 seconds
Native extension for WindowsStandalone target not found
[ScriptCompilation] NOT recompiling all scripts because this is an import worker process. Reason to compile was: Define symbols changed
Package Manager log level set to [2]
[Package Manager] Server::EnsureServerProcessIsRunning -- launch failed, reason: Unity was launched with the -noUpm command-line argument
[Package Manager] UpmClient::Send -- Unable to send message (not connected to UPM process).
[Package Manager] Cannot connect to Unity Package Manager local server
Mono: successfully reloaded assembly
- Finished resetting the current domain, in  0.409 seconds
Domain Reload Profiling: 842ms
	BeginReloadAssembly (83ms)
		ExecutionOrderSort (0ms)
		DisableScriptedObjects (3ms)
		BackupInstance (0ms)
		ReleaseScriptingObjects (0ms)
		CreateAndSetChildDomain (14ms)
	RebuildCommonClasses (26ms)
	RebuildNativeTypeToScriptingClass (6ms)
	initialDomainReloadingComplete (28ms)
	LoadAllAssembliesAndSetupDomain (290ms)
		LoadAssemblies (210ms)
		RebuildTransferFunctionScriptingTraits (0ms)
		AnalyzeDomain (127ms)
			TypeCache.Refresh (105ms)
				TypeCache.ScanAssembly (92ms)
			ScanForSourceGeneratedMonoScriptInfo (16ms)
			ResolveRequiredComponents (3ms)
	FinalizeReload (409ms)
		ReleaseScriptCaches (0ms)
		RebuildScriptCaches (0ms)
		SetupLoadedEditorAssemblies (305ms)
			LogAssemblyErrors (0ms)
			InitializePlatformSupportModulesInManaged (3ms)
			SetLoadedEditorAssemblies (3ms)
			RefreshPlugins (0ms)
			BeforeProcessingInitializeOnLoad (44ms)
			ProcessInitializeOnLoadAttributes (217ms)
			ProcessInitializeOnLoadMethodAttributes (37ms)
			AfterProcessingInitializeOnLoad (1ms)
			EditorAssembliesLoaded (0ms)
		ExecutionOrderSort2 (0ms)
		AwakeInstancesAfterBackupRestoration (5ms)
Launched and connected shader compiler UnityShaderCompiler.exe after 0.04 seconds
Refreshing native plugins compatible for Editor in 5.02 ms, found 4 plugins.
Preloading 0 native plugins for Editor in 0.00 ms.
Unloading 4313 Unused Serialized files (Serialized files now loaded: 0)
Unloading 41 unused Assets / (243.5 KB). Loaded Objects now: 4773.
Memory consumption went from 154.7 MB to 154.5 MB.
Total: 2.487700 ms (FindLiveObjects: 0.226100 ms CreateObjectMapping: 0.069200 ms MarkObjects: 2.040800 ms  DeleteObjects: 0.150200 ms)

AssetImportParameters requested are different than current active one (requested -> active):
  custom:container-demuxer-ogg: 62fdf1f143b41e24485cea50d1cbac27 -> 
  custom:video-codec-MediaFoundation-h265: 746d11721c4dcdbdad8f713fa42b33f4 -> 
  custom:video-decoder-ogg-theora: a1e56fd34408186e4bbccfd4996cb3dc -> 
  custom:framework-win-MediaFoundation: 216162199b28c13a410421893ffa2e32 -> 
  custom:CustomObjectIndexerAttribute: 9a22284fe3817be447336de3de66b15e -> 
  custom:container-demuxer-webm: 4f35f7cbe854078d1ac9338744f61a02 -> 
  custom:container-muxer-webm: aa71ff27fc2769a1b78a27578f13a17b -> 
  custom:video-decoder-webm-vp8: 9c59270c3fd7afecdb556c50c9e8de78 -> 
  custom:SearchIndexIgnoredProperties: e643bd26f0fe6173181afceb89e7c659 -> 
  custom:AudioImporter_EditorPlatform: d09bf68614088b80899f8185d706f6e7 -> 
  custom:video-encoder-webm-vp8: eb34c28f22e8b96e1ab97ce403110664 -> 
  custom:audio-decoder-ogg-vorbis: bf7c407c2cedff20999df2af8eb42d56 -> 
  custom:audio-encoder-webm-vorbis: bf7c407c2cedff20999df2af8eb42d56 -> 
========================================================================
Received Import Request.
  Time since last request: 847138.223083 seconds.
  path: Assets/sts/endingScene/scene3.jpg
  artifactKey: Guid(23e5d5539ab07f0478c60d7d12f5ce47) Importer(2089858483,0ecaa5967403d082aa24f35e1b516d23)
Start importing Assets/sts/endingScene/scene3.jpg using Guid(23e5d5539ab07f0478c60d7d12f5ce47) Importer(2089858483,0ecaa5967403d082aa24f35e1b516d23) [PhysX] Initialized MultithreadedTaskDispatcher with 28 workers.
 -> (artifact id: '2bbd55fde11258f29cbda0e5acf1688a') in 0.116754 seconds
Number of updated asset objects reloaded before import = 0
Number of asset objects unloaded after import = 3
========================================================================
Received Import Request.
  Time since last request: 0.000023 seconds.
  path: Assets/sts/cards/cards5.png.import
  artifactKey: Guid(f662afdf3c9a9a54fbbe3c66576f570c) Importer(2089858483,0ecaa5967403d082aa24f35e1b516d23)
Start importing Assets/sts/cards/cards5.png.import using Guid(f662afdf3c9a9a54fbbe3c66576f570c) Importer(2089858483,0ecaa5967403d082aa24f35e1b516d23) [PhysX] Initialized MultithreadedTaskDispatcher with 28 workers.
 -> (artifact id: '5b780f1e41b4c401ba0447e1bee11393') in 0.004257 seconds
Number of updated asset objects reloaded before import = 0
Number of asset objects unloaded after import = 1
========================================================================
Received Import Request.
  Time since last request: 0.000025 seconds.
  path: Assets/sts/cardui/cardui.png
  artifactKey: Guid(2a41251a7dc11384d80382d35e223af7) Importer(2089858483,0ecaa5967403d082aa24f35e1b516d23)
Start importing Assets/sts/cardui/cardui.png using Guid(2a41251a7dc11384d80382d35e223af7) Importer(2089858483,0ecaa5967403d082aa24f35e1b516d23) [PhysX] Initialized MultithreadedTaskDispatcher with 28 workers.
 -> (artifact id: 'b77957f3d07a51e6c7170baafcd75fdc') in 0.012190 seconds
Number of updated asset objects reloaded before import = 0
Number of asset objects unloaded after import = 3
========================================================================
Received Import Request.
  Time since last request: 0.000017 seconds.
  path: Assets/sts/cardui/cardui4.png.import
  artifactKey: Guid(4a98082b3b1045c47af6e3a250dff180) Importer(2089858483,0ecaa5967403d082aa24f35e1b516d23)
Start importing Assets/sts/cardui/cardui4.png.import using Guid(4a98082b3b1045c47af6e3a250dff180) Importer(2089858483,0ecaa5967403d082aa24f35e1b516d23) [PhysX] Initialized MultithreadedTaskDispatcher with 28 workers.
 -> (artifact id: '054d31b438cb8c79e059e6f3f714c317') in 0.003614 seconds
Number of updated asset objects reloaded before import = 0
Number of asset objects unloaded after import = 1
========================================================================
Received Import Request.
  Time since last request: 0.000055 seconds.
  path: Assets/sts/beyondScene/scene2.jpg.import
  artifactKey: Guid(c7e77d82d1d72dd4c933063eb0474ad6) Importer(2089858483,0ecaa5967403d082aa24f35e1b516d23)
Start importing Assets/sts/beyondScene/scene2.jpg.import using Guid(c7e77d82d1d72dd4c933063eb0474ad6) Importer(2089858483,0ecaa5967403d082aa24f35e1b516d23) [PhysX] Initialized MultithreadedTaskDispatcher with 28 workers.
 -> (artifact id: '9d79c9413002af42b5976ee94b923d54') in 0.002834 seconds
Number of updated asset objects reloaded before import = 0
Number of asset objects unloaded after import = 1
========================================================================
Received Import Request.
  Time since last request: 0.000088 seconds.
  path: Assets/sts/font/ZillaSlab-RegularItalic.otf
  artifactKey: Guid(95349b4039f9fe94e86da4acab454ab8) Importer(2089858483,0ecaa5967403d082aa24f35e1b516d23)
Start importing Assets/sts/font/ZillaSlab-RegularItalic.otf using Guid(95349b4039f9fe94e86da4acab454ab8) Importer(2089858483,0ecaa5967403d082aa24f35e1b516d23) [PhysX] Initialized MultithreadedTaskDispatcher with 28 workers.
 -> (artifact id: 'd421136f3c25b5d1c4ff178756c59c11') in 0.012587 seconds
Number of updated asset objects reloaded before import = 0
Number of asset objects unloaded after import = 3
========================================================================
Received Import Request.
  Time since last request: 0.000019 seconds.
  path: Assets/sts/cardui/cardui3.png
  artifactKey: Guid(97a3aa71b3ef1c54899ce737a9cd6f5e) Importer(2089858483,0ecaa5967403d082aa24f35e1b516d23)
Start importing Assets/sts/cardui/cardui3.png using Guid(97a3aa71b3ef1c54899ce737a9cd6f5e) Importer(2089858483,0ecaa5967403d082aa24f35e1b516d23) [PhysX] Initialized MultithreadedTaskDispatcher with 28 workers.
 -> (artifact id: 'ca4c43221222d5c38fbf1931bde1d83f') in 0.007883 seconds
Number of updated asset objects reloaded before import = 0
Number of asset objects unloaded after import = 3
========================================================================
Received Import Request.
  Time since last request: 0.000024 seconds.
  path: Assets/sts/beyondScene/scene.jpg.import
  artifactKey: Guid(1d4e3f5678584484a922a9ff56141f93) Importer(2089858483,0ecaa5967403d082aa24f35e1b516d23)
Start importing Assets/sts/beyondScene/scene.jpg.import using Guid(1d4e3f5678584484a922a9ff56141f93) Importer(2089858483,0ecaa5967403d082aa24f35e1b516d23) [PhysX] Initialized MultithreadedTaskDispatcher with 28 workers.
 -> (artifact id: '463094f90a441ed2b382d49dc9d2e812') in 0.002572 seconds
Number of updated asset objects reloaded before import = 0
Number of asset objects unloaded after import = 1
========================================================================
Received Import Request.
  Time since last request: 0.000058 seconds.
  path: Assets/sts/cityScene/scene3.jpg.import
  artifactKey: Guid(37b05857876711042ad54dd7606e8529) Importer(2089858483,0ecaa5967403d082aa24f35e1b516d23)
Start importing Assets/sts/cityScene/scene3.jpg.import using Guid(37b05857876711042ad54dd7606e8529) Importer(2089858483,0ecaa5967403d082aa24f35e1b516d23) [PhysX] Initialized MultithreadedTaskDispatcher with 28 workers.
 -> (artifact id: '7a0ab297fb5920f2bfe84563652f437e') in 0.002196 seconds
Number of updated asset objects reloaded before import = 0
Number of asset objects unloaded after import = 1
========================================================================
Received Import Request.
  Time since last request: 0.000059 seconds.
  path: Assets/sts/endingScene/scene.jpg.import
  artifactKey: Guid(4ce441c332b78e94a9c1a5143d333ea1) Importer(2089858483,0ecaa5967403d082aa24f35e1b516d23)
Start importing Assets/sts/endingScene/scene.jpg.import using Guid(4ce441c332b78e94a9c1a5143d333ea1) Importer(2089858483,0ecaa5967403d082aa24f35e1b516d23) [PhysX] Initialized MultithreadedTaskDispatcher with 28 workers.
 -> (artifact id: '1b8ba9c5c5d208aa685db0774489fb17') in 0.003205 seconds
Number of updated asset objects reloaded before import = 0
Number of asset objects unloaded after import = 1
========================================================================
Received Import Request.
  Time since last request: 0.000016 seconds.
  path: Assets/sts/cityScene/scene.jpg.import
  artifactKey: Guid(fc002856a10ef314888cc7c0f04024b5) Importer(2089858483,0ecaa5967403d082aa24f35e1b516d23)
Start importing Assets/sts/cityScene/scene.jpg.import using Guid(fc002856a10ef314888cc7c0f04024b5) Importer(2089858483,0ecaa5967403d082aa24f35e1b516d23) [PhysX] Initialized MultithreadedTaskDispatcher with 28 workers.
 -> (artifact id: '05da9e359eb342c322957cd35c44f76d') in 0.002554 seconds
Number of updated asset objects reloaded before import = 0
Number of asset objects unloaded after import = 1
========================================================================
Received Import Request.
  Time since last request: 0.000017 seconds.
  path: Assets/sts/font/ZillaSlab-RegularItalic.otf.import
  artifactKey: Guid(2dbe695e3fa68b642b198b3e1672f691) Importer(2089858483,0ecaa5967403d082aa24f35e1b516d23)
Start importing Assets/sts/font/ZillaSlab-RegularItalic.otf.import using Guid(2dbe695e3fa68b642b198b3e1672f691) Importer(2089858483,0ecaa5967403d082aa24f35e1b516d23) [PhysX] Initialized MultithreadedTaskDispatcher with 28 workers.
 -> (artifact id: 'c7e4d248707d52fb9c0b876fbb7ed32f') in 0.003462 seconds
Number of updated asset objects reloaded before import = 0
Number of asset objects unloaded after import = 1
========================================================================
Received Import Request.
  Time since last request: 0.000079 seconds.
  path: Assets/sts/cards/cards5.png
  artifactKey: Guid(9bac7826f019e8a45b02d6b9b35aafd8) Importer(2089858483,0ecaa5967403d082aa24f35e1b516d23)
Start importing Assets/sts/cards/cards5.png using Guid(9bac7826f019e8a45b02d6b9b35aafd8) Importer(2089858483,0ecaa5967403d082aa24f35e1b516d23) [PhysX] Initialized MultithreadedTaskDispatcher with 28 workers.
 -> (artifact id: 'f81651a634785588829cd8cc3103bb40') in 0.010723 seconds
Number of updated asset objects reloaded before import = 0
Number of asset objects unloaded after import = 3
========================================================================
Received Import Request.
  Time since last request: 0.000018 seconds.
  path: Assets/UOSLauncherEncrypt/EncryptManager.cs
  artifactKey: Guid(45c79c6ed5f614995aab9fc127b65fca) Importer(2089858483,0ecaa5967403d082aa24f35e1b516d23)
Start importing Assets/UOSLauncherEncrypt/EncryptManager.cs using Guid(45c79c6ed5f614995aab9fc127b65fca) Importer(2089858483,0ecaa5967403d082aa24f35e1b516d23) [PhysX] Initialized MultithreadedTaskDispatcher with 28 workers.
 -> (artifact id: '690e1553623bbb975b52fb88807e97a2') in 0.003704 seconds
Number of updated asset objects reloaded before import = 0
Number of asset objects unloaded after import = 1
========================================================================
Received Import Request.
  Time since last request: 0.000024 seconds.
  path: Assets/sts/powers/powers.png.import
  artifactKey: Guid(1a13e0802b9b78742b5ecbfca85e49df) Importer(2089858483,0ecaa5967403d082aa24f35e1b516d23)
Start importing Assets/sts/powers/powers.png.import using Guid(1a13e0802b9b78742b5ecbfca85e49df) Importer(2089858483,0ecaa5967403d082aa24f35e1b516d23) [PhysX] Initialized MultithreadedTaskDispatcher with 28 workers.
 -> (artifact id: '22522c320d68f47df6f770b9a63dec36') in 0.002645 seconds
Number of updated asset objects reloaded before import = 0
Number of asset objects unloaded after import = 1
========================================================================
Received Import Request.
  Time since last request: 0.000017 seconds.
  path: Assets/sts/bottomScene/scene3.jpg
  artifactKey: Guid(a15ef84209ad98a449057bc83e50f434) Importer(2089858483,0ecaa5967403d082aa24f35e1b516d23)
Start importing Assets/sts/bottomScene/scene3.jpg using Guid(a15ef84209ad98a449057bc83e50f434) Importer(2089858483,0ecaa5967403d082aa24f35e1b516d23) [PhysX] Initialized MultithreadedTaskDispatcher with 28 workers.
 -> (artifact id: '5a9d3cad60e0b4ff65c8781ee56ed5c8') in 0.011405 seconds
Number of updated asset objects reloaded before import = 0
Number of asset objects unloaded after import = 3
========================================================================
Received Import Request.
  Time since last request: 0.000016 seconds.
  path: Assets/sts/bottomScene/scene.png.import
  artifactKey: Guid(01b8add654da6d94593e38855a43f903) Importer(2089858483,0ecaa5967403d082aa24f35e1b516d23)
Start importing Assets/sts/bottomScene/scene.png.import using Guid(01b8add654da6d94593e38855a43f903) Importer(2089858483,0ecaa5967403d082aa24f35e1b516d23) [PhysX] Initialized MultithreadedTaskDispatcher with 28 workers.
 -> (artifact id: '111cfa1e05dc035e4781a63d1207e5cb') in 0.002585 seconds
Number of updated asset objects reloaded before import = 0
Number of asset objects unloaded after import = 1
========================================================================
Received Import Request.
  Time since last request: 0.000014 seconds.
  path: Assets/sts/bottomScene/scene3.jpg.import
  artifactKey: Guid(1862ef774fd6ddf4c992b69211a8a34c) Importer(2089858483,0ecaa5967403d082aa24f35e1b516d23)
Start importing Assets/sts/bottomScene/scene3.jpg.import using Guid(1862ef774fd6ddf4c992b69211a8a34c) Importer(2089858483,0ecaa5967403d082aa24f35e1b516d23) [PhysX] Initialized MultithreadedTaskDispatcher with 28 workers.
 -> (artifact id: 'bbc0c27224ecdb1e9699babeb7b1ac5c') in 0.002344 seconds
Number of updated asset objects reloaded before import = 0
Number of asset objects unloaded after import = 1
========================================================================
Received Import Request.
  Time since last request: 0.000101 seconds.
  path: Assets/sts/cityScene/scene2.jpg
  artifactKey: Guid(67389be693fd7c348aa01145f22ab3d8) Importer(2089858483,0ecaa5967403d082aa24f35e1b516d23)
Start importing Assets/sts/cityScene/scene2.jpg using Guid(67389be693fd7c348aa01145f22ab3d8) Importer(2089858483,0ecaa5967403d082aa24f35e1b516d23) [PhysX] Initialized MultithreadedTaskDispatcher with 28 workers.
 -> (artifact id: 'bb1c577419e00b616e236cf3d32e2bc5') in 0.008759 seconds
Number of updated asset objects reloaded before import = 0
Number of asset objects unloaded after import = 3
========================================================================
Received Import Request.
  Time since last request: 0.000028 seconds.
  path: Assets/sts/beyondScene/scene3.png.import
  artifactKey: Guid(5914df49ee352a146a3f87da84d28163) Importer(2089858483,0ecaa5967403d082aa24f35e1b516d23)
Start importing Assets/sts/beyondScene/scene3.png.import using Guid(5914df49ee352a146a3f87da84d28163) Importer(2089858483,0ecaa5967403d082aa24f35e1b516d23) [PhysX] Initialized MultithreadedTaskDispatcher with 28 workers.
 -> (artifact id: 'bfcee8d0eea8f9fe04dec07fade15799') in 0.002791 seconds
Number of updated asset objects reloaded before import = 0
Number of asset objects unloaded after import = 1
========================================================================
Received Import Request.
  Time since last request: 0.000017 seconds.
  path: Assets/sts/font/Kreon-Regular.ttf.import
  artifactKey: Guid(eeadf7a55b2bc3d41a3670f0c422e80f) Importer(2089858483,0ecaa5967403d082aa24f35e1b516d23)
Start importing Assets/sts/font/Kreon-Regular.ttf.import using Guid(eeadf7a55b2bc3d41a3670f0c422e80f) Importer(2089858483,0ecaa5967403d082aa24f35e1b516d23) [PhysX] Initialized MultithreadedTaskDispatcher with 28 workers.
 -> (artifact id: 'e323b534fdf8d277d2fe77864fea84f6') in 0.003172 seconds
Number of updated asset objects reloaded before import = 0
Number of asset objects unloaded after import = 1
========================================================================
Received Import Request.
  Time since last request: 1.972512 seconds.
  path: Assets/sts/title/title2.png.import
  artifactKey: Guid(1dd9568c149350a4ebb2d658b81e9e67) Importer(2089858483,0ecaa5967403d082aa24f35e1b516d23)
Start importing Assets/sts/title/title2.png.import using Guid(1dd9568c149350a4ebb2d658b81e9e67) Importer(2089858483,0ecaa5967403d082aa24f35e1b516d23) [PhysX] Initialized MultithreadedTaskDispatcher with 28 workers.
 -> (artifact id: '0774b1a80bf605457d6ff8034391f21a') in 0.003267 seconds
Number of updated asset objects reloaded before import = 0
Number of asset objects unloaded after import = 1
========================================================================
Received Import Request.
  Time since last request: 0.000130 seconds.
  path: Assets/sts/audio/music/DeathStinger_1_v3_MUSIC.ogg.import
  artifactKey: Guid(c77ad3e2c04412748ad9eb8e0473cf3c) Importer(2089858483,0ecaa5967403d082aa24f35e1b516d23)
Start importing Assets/sts/audio/music/DeathStinger_1_v3_MUSIC.ogg.import using Guid(c77ad3e2c04412748ad9eb8e0473cf3c) Importer(2089858483,0ecaa5967403d082aa24f35e1b516d23) [PhysX] Initialized MultithreadedTaskDispatcher with 28 workers.
 -> (artifact id: 'bc4463090fde4f7f4121cc4c4b6185c3') in 0.005427 seconds
Number of updated asset objects reloaded before import = 0
Number of asset objects unloaded after import = 1
========================================================================
Received Import Request.
  Time since last request: 0.000087 seconds.
  path: Assets/sts/audio/sound/damaru.ogg.import
  artifactKey: Guid(dd65f893e6499014a88b23b05ee0ba4b) Importer(2089858483,0ecaa5967403d082aa24f35e1b516d23)
Start importing Assets/sts/audio/sound/damaru.ogg.import using Guid(dd65f893e6499014a88b23b05ee0ba4b) Importer(2089858483,0ecaa5967403d082aa24f35e1b516d23) [PhysX] Initialized MultithreadedTaskDispatcher with 28 workers.
 -> (artifact id: 'faaa69c2f4d8120bee49833fc7a6e211') in 0.002926 seconds
Number of updated asset objects reloaded before import = 0
Number of asset objects unloaded after import = 1
========================================================================
Received Import Request.
  Time since last request: 0.000028 seconds.
  path: Assets/sts/audio/music/Boss2_NewMix_v1.ogg.import
  artifactKey: Guid(0e4dfa35d57818a4a806cccbe6c36945) Importer(2089858483,0ecaa5967403d082aa24f35e1b516d23)
Start importing Assets/sts/audio/music/Boss2_NewMix_v1.ogg.import using Guid(0e4dfa35d57818a4a806cccbe6c36945) Importer(2089858483,0ecaa5967403d082aa24f35e1b516d23) [PhysX] Initialized MultithreadedTaskDispatcher with 28 workers.
 -> (artifact id: '4a0b1605e613f1acfc027d0420d5dd6a') in 0.002236 seconds
Number of updated asset objects reloaded before import = 0
Number of asset objects unloaded after import = 1
========================================================================
Received Import Request.
  Time since last request: 0.000088 seconds.
  path: Assets/sts/audio/music/Boss1_NewMix_v1.ogg.import
  artifactKey: Guid(171fa302260e8ad44a4b0aa660f87cd0) Importer(2089858483,0ecaa5967403d082aa24f35e1b516d23)
Start importing Assets/sts/audio/music/Boss1_NewMix_v1.ogg.import using Guid(171fa302260e8ad44a4b0aa660f87cd0) Importer(2089858483,0ecaa5967403d082aa24f35e1b516d23) [PhysX] Initialized MultithreadedTaskDispatcher with 28 workers.
 -> (artifact id: '9bb46f7c7582757803bffc60a04a1fac') in 0.003349 seconds
Number of updated asset objects reloaded before import = 0
Number of asset objects unloaded after import = 1
========================================================================
Received Import Request.
  Time since last request: 0.000016 seconds.
  path: Assets/sts/audio/music/BossVictoryStinger_3_v3_MUSIC.ogg
  artifactKey: Guid(7b55d36f73bddee46a094d13117a5e83) Importer(2089858483,0ecaa5967403d082aa24f35e1b516d23)
Start importing Assets/sts/audio/music/BossVictoryStinger_3_v3_MUSIC.ogg using Guid(7b55d36f73bddee46a094d13117a5e83) Importer(2089858483,0ecaa5967403d082aa24f35e1b516d23) [PhysX] Initialized MultithreadedTaskDispatcher with 28 workers.
 -> (artifact id: 'b765c792e1639c76fb4a53c55cb30699') in 0.018900 seconds
Number of updated asset objects reloaded before import = 0
Number of asset objects unloaded after import = 1
========================================================================
Received Import Request.
  Time since last request: 0.000015 seconds.
  path: Assets/sts/audio/sound/SLS_SFX_HeartBeat_Simple_v1.ogg.import
  artifactKey: Guid(9e6b077b1668d6e4d9a372dc622d7d11) Importer(2089858483,0ecaa5967403d082aa24f35e1b516d23)
Start importing Assets/sts/audio/sound/SLS_SFX_HeartBeat_Simple_v1.ogg.import using Guid(9e6b077b1668d6e4d9a372dc622d7d11) Importer(2089858483,0ecaa5967403d082aa24f35e1b516d23) [PhysX] Initialized MultithreadedTaskDispatcher with 28 workers.
 -> (artifact id: 'fb88704bc51d37bd26c9ac151aaf8f84') in 0.002262 seconds
Number of updated asset objects reloaded before import = 0
Number of asset objects unloaded after import = 1
========================================================================
Received Import Request.
  Time since last request: 0.000068 seconds.
  path: Assets/sts/audio/sound/SOTE_Level1_Ambience_v6.ogg.import
  artifactKey: Guid(df322ee80861a1d4c884ddf15d3c6b3f) Importer(2089858483,0ecaa5967403d082aa24f35e1b516d23)
Start importing Assets/sts/audio/sound/SOTE_Level1_Ambience_v6.ogg.import using Guid(df322ee80861a1d4c884ddf15d3c6b3f) Importer(2089858483,0ecaa5967403d082aa24f35e1b516d23) [PhysX] Initialized MultithreadedTaskDispatcher with 28 workers.
 -> (artifact id: '06a0a1c2ddc076ac871d879fd4fb2f85') in 0.002455 seconds
Number of updated asset objects reloaded before import = 0
Number of asset objects unloaded after import = 1
========================================================================
Received Import Request.
  Time since last request: 0.000052 seconds.
  path: Assets/sts/audio/music/Level3-2_v2.ogg
  artifactKey: Guid(9ca8c75df2bc1554f9e7093c24514d99) Importer(2089858483,0ecaa5967403d082aa24f35e1b516d23)
Start importing Assets/sts/audio/music/Level3-2_v2.ogg using Guid(9ca8c75df2bc1554f9e7093c24514d99) Importer(2089858483,0ecaa5967403d082aa24f35e1b516d23) [PhysX] Initialized MultithreadedTaskDispatcher with 28 workers.
 -> (artifact id: '435794a2573a2cba353674b74f5caa56') in 0.019761 seconds
Number of updated asset objects reloaded before import = 0
Number of asset objects unloaded after import = 1
========================================================================
Received Import Request.
  Time since last request: 0.000044 seconds.
  path: Assets/sts/audio/music/Level2-2_v2.ogg
  artifactKey: Guid(8fa8d8365c8d6b94caf132e5bc7c59c7) Importer(2089858483,0ecaa5967403d082aa24f35e1b516d23)
Start importing Assets/sts/audio/music/Level2-2_v2.ogg using Guid(8fa8d8365c8d6b94caf132e5bc7c59c7) Importer(2089858483,0ecaa5967403d082aa24f35e1b516d23) [PhysX] Initialized MultithreadedTaskDispatcher with 28 workers.
 -> (artifact id: '90d35d199dc07e5be70e657ef35ccc18') in 0.018349 seconds
Number of updated asset objects reloaded before import = 0
Number of asset objects unloaded after import = 1
========================================================================
Received Import Request.
  Time since last request: 0.000061 seconds.
  path: Assets/sts/audio/music/Level2_NewMix_v1.ogg.import
  artifactKey: Guid(96459a3a609556d42bde0eafe40620c2) Importer(2089858483,0ecaa5967403d082aa24f35e1b516d23)
Start importing Assets/sts/audio/music/Level2_NewMix_v1.ogg.import using Guid(96459a3a609556d42bde0eafe40620c2) Importer(2089858483,0ecaa5967403d082aa24f35e1b516d23) [PhysX] Initialized MultithreadedTaskDispatcher with 28 workers.
 -> (artifact id: 'c32a99ba253af6753ae91b0bb73a24c4') in 0.003628 seconds
Number of updated asset objects reloaded before import = 0
Number of asset objects unloaded after import = 1
========================================================================
Received Import Request.
  Time since last request: 0.000020 seconds.
  path: Assets/sts/audio/sound/bowling.ogg
  artifactKey: Guid(63d2ceb7461ebef4ba0ff37383909a24) Importer(2089858483,0ecaa5967403d082aa24f35e1b516d23)
Start importing Assets/sts/audio/sound/bowling.ogg using Guid(63d2ceb7461ebef4ba0ff37383909a24) Importer(2089858483,0ecaa5967403d082aa24f35e1b516d23) [PhysX] Initialized MultithreadedTaskDispatcher with 28 workers.
 -> (artifact id: '10c2e2c69697ce02342c39051f1f8d26') in 0.018412 seconds
Number of updated asset objects reloaded before import = 0
Number of asset objects unloaded after import = 1
========================================================================
Received Import Request.
  Time since last request: 0.000017 seconds.
  path: Assets/sprites/card/ui/attack.png
  artifactKey: Guid(d9292e5a434df7541837e46835c77ca8) Importer(2089858483,0ecaa5967403d082aa24f35e1b516d23)
Start importing Assets/sprites/card/ui/attack.png using Guid(d9292e5a434df7541837e46835c77ca8) Importer(2089858483,0ecaa5967403d082aa24f35e1b516d23) [PhysX] Initialized MultithreadedTaskDispatcher with 28 workers.
 -> (artifact id: '2c1aa772aff6532ee362289feb1d022c') in 0.007215 seconds
Number of updated asset objects reloaded before import = 0
Number of asset objects unloaded after import = 3
========================================================================
Received Import Request.
  Time since last request: 0.000047 seconds.
  path: Assets/sts/audio/music/Act4_BGM_v2.ogg.import
  artifactKey: Guid(7f9170b6f9d29ac4f977e80920bd3a52) Importer(2089858483,0ecaa5967403d082aa24f35e1b516d23)
Start importing Assets/sts/audio/music/Act4_BGM_v2.ogg.import using Guid(7f9170b6f9d29ac4f977e80920bd3a52) Importer(2089858483,0ecaa5967403d082aa24f35e1b516d23) [PhysX] Initialized MultithreadedTaskDispatcher with 28 workers.
 -> (artifact id: '3c93be3c48a33f8f85d316e3b8ec32b8') in 0.002189 seconds
Number of updated asset objects reloaded before import = 0
Number of asset objects unloaded after import = 1
========================================================================
Received Import Request.
  Time since last request: 0.000067 seconds.
  path: Assets/sts/audio/music/Level2-2_v2.ogg.import
  artifactKey: Guid(5db01026cfb952d46adcf2f7b31fb9e8) Importer(2089858483,0ecaa5967403d082aa24f35e1b516d23)
Start importing Assets/sts/audio/music/Level2-2_v2.ogg.import using Guid(5db01026cfb952d46adcf2f7b31fb9e8) Importer(2089858483,0ecaa5967403d082aa24f35e1b516d23) [PhysX] Initialized MultithreadedTaskDispatcher with 28 workers.
 -> (artifact id: '160f0079074d9a60da0a90018c12681e') in 0.002196 seconds
Number of updated asset objects reloaded before import = 0
Number of asset objects unloaded after import = 1
========================================================================
Received Import Request.
  Time since last request: 0.000040 seconds.
  path: Assets/sts/audio/music/Boss1MindBloom_v1.ogg.import
  artifactKey: Guid(f446352a1fda4024a8b26efc668d57f6) Importer(2089858483,0ecaa5967403d082aa24f35e1b516d23)
Start importing Assets/sts/audio/music/Boss1MindBloom_v1.ogg.import using Guid(f446352a1fda4024a8b26efc668d57f6) Importer(2089858483,0ecaa5967403d082aa24f35e1b516d23) [PhysX] Initialized MultithreadedTaskDispatcher with 28 workers.
 -> (artifact id: '25506f560e010da76b50fb410f5af66f') in 0.003516 seconds
Number of updated asset objects reloaded before import = 0
Number of asset objects unloaded after import = 1
========================================================================
Received Import Request.
  Time since last request: 0.000095 seconds.
  path: Assets/sts/audio/music/Boss1MindBloom_v1.ogg
  artifactKey: Guid(d63cc13ccf3ae7544b1f15a3ed61a9f4) Importer(2089858483,0ecaa5967403d082aa24f35e1b516d23)
Start importing Assets/sts/audio/music/Boss1MindBloom_v1.ogg using Guid(d63cc13ccf3ae7544b1f15a3ed61a9f4) Importer(2089858483,0ecaa5967403d082aa24f35e1b516d23) [PhysX] Initialized MultithreadedTaskDispatcher with 28 workers.
 -> (artifact id: '2974845ab818e340f134b56a564061d2') in 0.019138 seconds
Number of updated asset objects reloaded before import = 0
Number of asset objects unloaded after import = 1
========================================================================
Received Import Request.
  Time since last request: 2.863833 seconds.
  path: Assets/sts/audio/sound/SOTE_SFX_Bell_v1.ogg
  artifactKey: Guid(93b321d0aacdc614c8b73aa2440db048) Importer(2089858483,0ecaa5967403d082aa24f35e1b516d23)
Start importing Assets/sts/audio/sound/SOTE_SFX_Bell_v1.ogg using Guid(93b321d0aacdc614c8b73aa2440db048) Importer(2089858483,0ecaa5967403d082aa24f35e1b516d23) [PhysX] Initialized MultithreadedTaskDispatcher with 28 workers.
 -> (artifact id: 'c4f7b24a2e763f2b13f15fcd6a1502a3') in 0.019743 seconds
Number of updated asset objects reloaded before import = 0
Number of asset objects unloaded after import = 1
========================================================================
Received Import Request.
  Time since last request: 0.000020 seconds.
  path: Assets/sts/audio/sound/SOTE_SFX_DropRelic_Rocky.ogg.import
  artifactKey: Guid(4a1f265ae69909f4da0e81b684250410) Importer(2089858483,0ecaa5967403d082aa24f35e1b516d23)
Start importing Assets/sts/audio/sound/SOTE_SFX_DropRelic_Rocky.ogg.import using Guid(4a1f265ae69909f4da0e81b684250410) Importer(2089858483,0ecaa5967403d082aa24f35e1b516d23) [PhysX] Initialized MultithreadedTaskDispatcher with 28 workers.
 -> (artifact id: '4fa1176ce8ed649f4ae48b9821f7fc5b') in 0.003052 seconds
Number of updated asset objects reloaded before import = 0
Number of asset objects unloaded after import = 1
========================================================================
Received Import Request.
  Time since last request: 0.000012 seconds.
  path: Assets/sts/audio/sound/SOTE_SFX_GainDefense_RR2_v3.ogg.import
  artifactKey: Guid(15586b7d728356644bb3c4d015dc004a) Importer(2089858483,0ecaa5967403d082aa24f35e1b516d23)
Start importing Assets/sts/audio/sound/SOTE_SFX_GainDefense_RR2_v3.ogg.import using Guid(15586b7d728356644bb3c4d015dc004a) Importer(2089858483,0ecaa5967403d082aa24f35e1b516d23) [PhysX] Initialized MultithreadedTaskDispatcher with 28 workers.
 -> (artifact id: 'adcc90895afdeb65df599dff6b4c30d8') in 0.003608 seconds
Number of updated asset objects reloaded before import = 0
Number of asset objects unloaded after import = 1
========================================================================
Received Import Request.
  Time since last request: 0.000056 seconds.
  path: Assets/sts/audio/sound/SOTE_SFX_IronClad_Atk_RR1_v2.ogg
  artifactKey: Guid(356872222c280a04285815de797df378) Importer(2089858483,0ecaa5967403d082aa24f35e1b516d23)
Start importing Assets/sts/audio/sound/SOTE_SFX_IronClad_Atk_RR1_v2.ogg using Guid(356872222c280a04285815de797df378) Importer(2089858483,0ecaa5967403d082aa24f35e1b516d23) [PhysX] Initialized MultithreadedTaskDispatcher with 28 workers.
 -> (artifact id: 'd8a52bff44a37e77a7d78108b45b7fbc') in 0.018949 seconds
Number of updated asset objects reloaded before import = 0
Number of asset objects unloaded after import = 1
========================================================================
Received Import Request.
  Time since last request: 0.000068 seconds.
  path: Assets/sts/audio/sound/SOTE_SFX_ChestOpen_v2.ogg.import
  artifactKey: Guid(146683002d6976a4b930bce84fc3ae6b) Importer(2089858483,0ecaa5967403d082aa24f35e1b516d23)
Start importing Assets/sts/audio/sound/SOTE_SFX_ChestOpen_v2.ogg.import using Guid(146683002d6976a4b930bce84fc3ae6b) Importer(2089858483,0ecaa5967403d082aa24f35e1b516d23) [PhysX] Initialized MultithreadedTaskDispatcher with 28 workers.
 -> (artifact id: '0a4cc2790ffc2f12202c08b244fc80ae') in 0.002709 seconds
Number of updated asset objects reloaded before import = 0
Number of asset objects unloaded after import = 1
========================================================================
Received Import Request.
  Time since last request: 0.000083 seconds.
  path: Assets/sts/audio/sound/SOTE_SFX_GhostGuardianFlames_v1.ogg.import
  artifactKey: Guid(44578dfded332484cbb9094713bc8193) Importer(2089858483,0ecaa5967403d082aa24f35e1b516d23)
Start importing Assets/sts/audio/sound/SOTE_SFX_GhostGuardianFlames_v1.ogg.import using Guid(44578dfded332484cbb9094713bc8193) Importer(2089858483,0ecaa5967403d082aa24f35e1b516d23) [PhysX] Initialized MultithreadedTaskDispatcher with 28 workers.
 -> (artifact id: '22a1bad979fd2537da653ab974fabffd') in 0.002115 seconds
Number of updated asset objects reloaded before import = 0
Number of asset objects unloaded after import = 1
========================================================================
Received Import Request.
  Time since last request: 0.000051 seconds.
  path: Assets/sts/audio/sound/SOTE_SFX_DropRelic_Heavy.ogg
  artifactKey: Guid(6567289db4370cc449e8e6b1a074fd7a) Importer(2089858483,0ecaa5967403d082aa24f35e1b516d23)
Start importing Assets/sts/audio/sound/SOTE_SFX_DropRelic_Heavy.ogg using Guid(6567289db4370cc449e8e6b1a074fd7a) Importer(2089858483,0ecaa5967403d082aa24f35e1b516d23) [PhysX] Initialized MultithreadedTaskDispatcher with 28 workers.
 -> (artifact id: '6da897932743f1ffcd46e6d4b1e6c09b') in 0.018911 seconds
Number of updated asset objects reloaded before import = 0
Number of asset objects unloaded after import = 1
========================================================================
Received Import Request.
  Time since last request: 0.000019 seconds.
  path: Assets/sts/audio/sound/SOTE_SFX_MagicFast_2_v1.ogg
  artifactKey: Guid(409583aeea2364d419a5b4449ff28897) Importer(2089858483,0ecaa5967403d082aa24f35e1b516d23)
Start importing Assets/sts/audio/sound/SOTE_SFX_MagicFast_2_v1.ogg using Guid(409583aeea2364d419a5b4449ff28897) Importer(2089858483,0ecaa5967403d082aa24f35e1b516d23) [PhysX] Initialized MultithreadedTaskDispatcher with 28 workers.
 -> (artifact id: 'c236de47ae6987959b1999403c613a77') in 0.017913 seconds
Number of updated asset objects reloaded before import = 0
Number of asset objects unloaded after import = 1
========================================================================
Received Import Request.
  Time since last request: 0.000042 seconds.
  path: Assets/sts/audio/sound/SOTE_SFX_Gold_v1.ogg.import
  artifactKey: Guid(837777d64bb62da41acb9e7a6d78decf) Importer(2089858483,0ecaa5967403d082aa24f35e1b516d23)
Start importing Assets/sts/audio/sound/SOTE_SFX_Gold_v1.ogg.import using Guid(837777d64bb62da41acb9e7a6d78decf) Importer(2089858483,0ecaa5967403d082aa24f35e1b516d23) [PhysX] Initialized MultithreadedTaskDispatcher with 28 workers.
 -> (artifact id: 'f4739c17c2af151358b04e8d549cf58a') in 0.003022 seconds
Number of updated asset objects reloaded before import = 0
Number of asset objects unloaded after import = 1
========================================================================
Received Import Request.
  Time since last request: 0.000066 seconds.
  path: Assets/sts/audio/sound/SOTE_SFX_BossOrbIgnite2_v2.ogg
  artifactKey: Guid(1d0ab440cb25f9641a570a56f90aabd5) Importer(2089858483,0ecaa5967403d082aa24f35e1b516d23)
Start importing Assets/sts/audio/sound/SOTE_SFX_BossOrbIgnite2_v2.ogg using Guid(1d0ab440cb25f9641a570a56f90aabd5) Importer(2089858483,0ecaa5967403d082aa24f35e1b516d23) [PhysX] Initialized MultithreadedTaskDispatcher with 28 workers.
 -> (artifact id: 'c018588f66e273d959eff9bd19d7a142') in 0.017885 seconds
Number of updated asset objects reloaded before import = 0
Number of asset objects unloaded after import = 1
========================================================================
Received Import Request.
  Time since last request: 0.000076 seconds.
  path: Assets/sts/audio/sound/SOTE_SFX_EventPurchase.ogg.import
  artifactKey: Guid(aef2e17c2d093b343ab6ba986aa1d3b8) Importer(2089858483,0ecaa5967403d082aa24f35e1b516d23)
Start importing Assets/sts/audio/sound/SOTE_SFX_EventPurchase.ogg.import using Guid(aef2e17c2d093b343ab6ba986aa1d3b8) Importer(2089858483,0ecaa5967403d082aa24f35e1b516d23) [PhysX] Initialized MultithreadedTaskDispatcher with 28 workers.
 -> (artifact id: '8f89a2fbe2a29acc6106345a1af5e06d') in 0.003044 seconds
Number of updated asset objects reloaded before import = 0
Number of asset objects unloaded after import = 1
========================================================================
Received Import Request.
  Time since last request: 0.000016 seconds.
  path: Assets/sts/audio/sound/SOTE_SFX_IntimidateCard_v1.ogg
  artifactKey: Guid(502c9b5483601f84896a868cba7c7578) Importer(2089858483,0ecaa5967403d082aa24f35e1b516d23)
Start importing Assets/sts/audio/sound/SOTE_SFX_IntimidateCard_v1.ogg using Guid(502c9b5483601f84896a868cba7c7578) Importer(2089858483,0ecaa5967403d082aa24f35e1b516d23) [PhysX] Initialized MultithreadedTaskDispatcher with 28 workers.
 -> (artifact id: '07420c12fb09adf4600ffe92ec700216') in 0.021193 seconds
Number of updated asset objects reloaded before import = 0
Number of asset objects unloaded after import = 1
========================================================================
Received Import Request.
  Time since last request: 0.000050 seconds.
  path: Assets/sts/audio/sound/SOTE_SFX_Gold_v1.ogg
  artifactKey: Guid(6bb5cfc11e1cf974980cb812ca8ba360) Importer(2089858483,0ecaa5967403d082aa24f35e1b516d23)
Start importing Assets/sts/audio/sound/SOTE_SFX_Gold_v1.ogg using Guid(6bb5cfc11e1cf974980cb812ca8ba360) Importer(2089858483,0ecaa5967403d082aa24f35e1b516d23) [PhysX] Initialized MultithreadedTaskDispatcher with 28 workers.
 -> (artifact id: '31c3af16bcd67fa6995716201990153b') in 0.020187 seconds
Number of updated asset objects reloaded before import = 0
Number of asset objects unloaded after import = 1
========================================================================
Received Import Request.
  Time since last request: 0.000050 seconds.
  path: Assets/sts/audio/sound/SOTE_SFX_EndTurn_v2.ogg.import
  artifactKey: Guid(a8159597aac4c7b4aa93aa0df6660f08) Importer(2089858483,0ecaa5967403d082aa24f35e1b516d23)
Start importing Assets/sts/audio/sound/SOTE_SFX_EndTurn_v2.ogg.import using Guid(a8159597aac4c7b4aa93aa0df6660f08) Importer(2089858483,0ecaa5967403d082aa24f35e1b516d23) [PhysX] Initialized MultithreadedTaskDispatcher with 28 workers.
 -> (artifact id: '3a4f4643c327aa33974f03be41611f31') in 0.002899 seconds
Number of updated asset objects reloaded before import = 0
Number of asset objects unloaded after import = 1
========================================================================
Received Import Request.
  Time since last request: 0.000013 seconds.
  path: Assets/sts/audio/sound/SOTE_SFX_EventPurchase.ogg
  artifactKey: Guid(40613ff18f10a5541ab831dabce5d05e) Importer(2089858483,0ecaa5967403d082aa24f35e1b516d23)
Start importing Assets/sts/audio/sound/SOTE_SFX_EventPurchase.ogg using Guid(40613ff18f10a5541ab831dabce5d05e) Importer(2089858483,0ecaa5967403d082aa24f35e1b516d23) [PhysX] Initialized MultithreadedTaskDispatcher with 28 workers.
 -> (artifact id: 'ba0fc49b80b322911ee5014cb6ab4570') in 0.022125 seconds
Number of updated asset objects reloaded before import = 0
Number of asset objects unloaded after import = 1
========================================================================
Received Import Request.
  Time since last request: 0.000104 seconds.
  path: Assets/sts/audio/sound/SOTE_SFX_MagicFast_3_v1.ogg
  artifactKey: Guid(5cc2cc09ce6fd724dbd1d5648f9c843b) Importer(2089858483,0ecaa5967403d082aa24f35e1b516d23)
Start importing Assets/sts/audio/sound/SOTE_SFX_MagicFast_3_v1.ogg using Guid(5cc2cc09ce6fd724dbd1d5648f9c843b) Importer(2089858483,0ecaa5967403d082aa24f35e1b516d23) [PhysX] Initialized MultithreadedTaskDispatcher with 28 workers.
 -> (artifact id: 'bb24c72ca2d9f9321a2d236fd5837e25') in 0.021358 seconds
Number of updated asset objects reloaded before import = 0
Number of asset objects unloaded after import = 1
========================================================================
Received Import Request.
  Time since last request: 0.000014 seconds.
  path: Assets/sts/audio/sound/SOTE_SFX_FastAtk_v2.ogg
  artifactKey: Guid(0edef6a10462ab34390c2a976e98323f) Importer(2089858483,0ecaa5967403d082aa24f35e1b516d23)
Start importing Assets/sts/audio/sound/SOTE_SFX_FastAtk_v2.ogg using Guid(0edef6a10462ab34390c2a976e98323f) Importer(2089858483,0ecaa5967403d082aa24f35e1b516d23) [PhysX] Initialized MultithreadedTaskDispatcher with 28 workers.
 -> (artifact id: 'aa0696168d3b3faaabc07a03efae68c9') in 0.018146 seconds
Number of updated asset objects reloaded before import = 0
Number of asset objects unloaded after import = 1
========================================================================
Received Import Request.
  Time since last request: 0.000089 seconds.
  path: Assets/sts/audio/sound/SOTE_SFX_ExhaustCard.ogg.import
  artifactKey: Guid(42d838eb50cbaba47b4400b47e6f68ab) Importer(2089858483,0ecaa5967403d082aa24f35e1b516d23)
Start importing Assets/sts/audio/sound/SOTE_SFX_ExhaustCard.ogg.import using Guid(42d838eb50cbaba47b4400b47e6f68ab) Importer(2089858483,0ecaa5967403d082aa24f35e1b516d23) [PhysX] Initialized MultithreadedTaskDispatcher with 28 workers.
 -> (artifact id: '63f4c47b0845c99610b2ab3892ed60b4') in 0.003152 seconds
Number of updated asset objects reloaded before import = 0
Number of asset objects unloaded after import = 1
========================================================================
Received Import Request.
  Time since last request: 0.000093 seconds.
  path: Assets/sts/audio/sound/SOTE_SFX_EnemyTurn_v3.ogg.import
  artifactKey: Guid(3d38ffe994e81584bb64da2315358beb) Importer(2089858483,0ecaa5967403d082aa24f35e1b516d23)
Start importing Assets/sts/audio/sound/SOTE_SFX_EnemyTurn_v3.ogg.import using Guid(3d38ffe994e81584bb64da2315358beb) Importer(2089858483,0ecaa5967403d082aa24f35e1b516d23) [PhysX] Initialized MultithreadedTaskDispatcher with 28 workers.
 -> (artifact id: '5c9676431cfd59548d1285708e35b463') in 0.002635 seconds
Number of updated asset objects reloaded before import = 0
Number of asset objects unloaded after import = 1
========================================================================
Received Import Request.
  Time since last request: 0.000041 seconds.
  path: Assets/sts/audio/sound/SOTE_SFX_ChestOpen_v2.ogg
  artifactKey: Guid(9ba075aa84ee3454ab9cb4651f9903c3) Importer(2089858483,0ecaa5967403d082aa24f35e1b516d23)
Start importing Assets/sts/audio/sound/SOTE_SFX_ChestOpen_v2.ogg using Guid(9ba075aa84ee3454ab9cb4651f9903c3) Importer(2089858483,0ecaa5967403d082aa24f35e1b516d23) [PhysX] Initialized MultithreadedTaskDispatcher with 28 workers.
 -> (artifact id: '2897ab822cea7fab586af2a7f17ceaca') in 0.026262 seconds
Number of updated asset objects reloaded before import = 0
Number of asset objects unloaded after import = 1
========================================================================
Received Import Request.
  Time since last request: 2.752918 seconds.
  path: Assets/sts/audio/sound/SOTE_SFX_MapSelect_4_v1.ogg.import
  artifactKey: Guid(e5ea53ff2f30cff4493c4b75b3d5689e) Importer(2089858483,0ecaa5967403d082aa24f35e1b516d23)
Start importing Assets/sts/audio/sound/SOTE_SFX_MapSelect_4_v1.ogg.import using Guid(e5ea53ff2f30cff4493c4b75b3d5689e) Importer(2089858483,0ecaa5967403d082aa24f35e1b516d23) [PhysX] Initialized MultithreadedTaskDispatcher with 28 workers.
 -> (artifact id: '7f62896501b89f1d4a4e87782969f79f') in 0.004101 seconds
Number of updated asset objects reloaded before import = 0
Number of asset objects unloaded after import = 1
========================================================================
Received Import Request.
  Time since last request: 0.000141 seconds.
  path: Assets/sts/audio/sound/SOTE_SFX_PlayerTurn_v4_2.ogg.import
  artifactKey: Guid(1c33990205d044c408ed15d52bac11fb) Importer(2089858483,0ecaa5967403d082aa24f35e1b516d23)
Start importing Assets/sts/audio/sound/SOTE_SFX_PlayerTurn_v4_2.ogg.import using Guid(1c33990205d044c408ed15d52bac11fb) Importer(2089858483,0ecaa5967403d082aa24f35e1b516d23) [PhysX] Initialized MultithreadedTaskDispatcher with 28 workers.
 -> (artifact id: '7ef63a4e07324e80e3e215e587391294') in 0.003417 seconds
Number of updated asset objects reloaded before import = 0
Number of asset objects unloaded after import = 1
========================================================================
Received Import Request.
  Time since last request: 0.000012 seconds.
  path: Assets/sts/audio/sound/SOTE_SFX_SlimeBlink_4_v1.ogg.import
  artifactKey: Guid(64f47772917b42147a669ed8993686a5) Importer(2089858483,0ecaa5967403d082aa24f35e1b516d23)
Start importing Assets/sts/audio/sound/SOTE_SFX_SlimeBlink_4_v1.ogg.import using Guid(64f47772917b42147a669ed8993686a5) Importer(2089858483,0ecaa5967403d082aa24f35e1b516d23) [PhysX] Initialized MultithreadedTaskDispatcher with 28 workers.
 -> (artifact id: 'f011e13a8bef8758b1982c39ff8aa2c3') in 0.002848 seconds
Number of updated asset objects reloaded before import = 0
Number of asset objects unloaded after import = 1
========================================================================
Received Import Request.
  Time since last request: 0.000039 seconds.
  path: Assets/sts/audio/sound/SOTE_SFX_Victory_v1.ogg.import
  artifactKey: Guid(4d82b1ceeabb0cd40a54037eb33dc8dc) Importer(2089858483,0ecaa5967403d082aa24f35e1b516d23)
Start importing Assets/sts/audio/sound/SOTE_SFX_Victory_v1.ogg.import using Guid(4d82b1ceeabb0cd40a54037eb33dc8dc) Importer(2089858483,0ecaa5967403d082aa24f35e1b516d23) [PhysX] Initialized MultithreadedTaskDispatcher with 28 workers.
 -> (artifact id: '70a3623110171eb130398419944030d0') in 0.003946 seconds
Number of updated asset objects reloaded before import = 0
Number of asset objects unloaded after import = 1
========================================================================
Received Import Request.
  Time since last request: 0.000056 seconds.
  path: Assets/sts/audio/sound/SOTE_SFX_ViewDeck_v2.ogg
  artifactKey: Guid(601be5bb32dcc584fbf8597895c2505a) Importer(2089858483,0ecaa5967403d082aa24f35e1b516d23)
Start importing Assets/sts/audio/sound/SOTE_SFX_ViewDeck_v2.ogg using Guid(601be5bb32dcc584fbf8597895c2505a) Importer(2089858483,0ecaa5967403d082aa24f35e1b516d23) [PhysX] Initialized MultithreadedTaskDispatcher with 28 workers.
 -> (artifact id: '032ca336f9dcf042a2fc7d5ad5713fd2') in 0.020367 seconds
Number of updated asset objects reloaded before import = 0
Number of asset objects unloaded after import = 1
========================================================================
Received Import Request.
  Time since last request: 0.000043 seconds.
  path: Assets/sts/audio/sound/SOTE_SFX_UI_Parchment_3_v1.ogg.import
  artifactKey: Guid(d0c7cf152af23814c998b9fb8f351925) Importer(2089858483,0ecaa5967403d082aa24f35e1b516d23)
Start importing Assets/sts/audio/sound/SOTE_SFX_UI_Parchment_3_v1.ogg.import using Guid(d0c7cf152af23814c998b9fb8f351925) Importer(2089858483,0ecaa5967403d082aa24f35e1b516d23) [PhysX] Initialized MultithreadedTaskDispatcher with 28 workers.
 -> (artifact id: 'd2c7232fd6fd6eee29738b90ac39e9e2') in 0.002112 seconds
Number of updated asset objects reloaded before import = 0
Number of asset objects unloaded after import = 1
========================================================================
Received Import Request.
  Time since last request: 0.000074 seconds.
  path: Assets/sts/audio/sound/STS_SFX_AwakenedOne3Atk_v1.ogg.import
  artifactKey: Guid(12ca5521fda63204bab2913cf976a53f) Importer(2089858483,0ecaa5967403d082aa24f35e1b516d23)
Start importing Assets/sts/audio/sound/STS_SFX_AwakenedOne3Atk_v1.ogg.import using Guid(12ca5521fda63204bab2913cf976a53f) Importer(2089858483,0ecaa5967403d082aa24f35e1b516d23) [PhysX] Initialized MultithreadedTaskDispatcher with 28 workers.
 -> (artifact id: 'a26a5fd24b6898095892bde47eb8a6db') in 0.003323 seconds
Number of updated asset objects reloaded before import = 0
Number of asset objects unloaded after import = 1
========================================================================
Received Import Request.
  Time since last request: 0.000014 seconds.
  path: Assets/sts/audio/sound/SOTE_SFX_PlayerTurn_v2.ogg
  artifactKey: Guid(42ac4089ee3df314a9358ac89ce15e6f) Importer(2089858483,0ecaa5967403d082aa24f35e1b516d23)
Start importing Assets/sts/audio/sound/SOTE_SFX_PlayerTurn_v2.ogg using Guid(42ac4089ee3df314a9358ac89ce15e6f) Importer(2089858483,0ecaa5967403d082aa24f35e1b516d23) [PhysX] Initialized MultithreadedTaskDispatcher with 28 workers.
 -> (artifact id: '2894eb86b1c3492950fd72846c934397') in 0.018022 seconds
Number of updated asset objects reloaded before import = 0
Number of asset objects unloaded after import = 1
========================================================================
Received Import Request.
  Time since last request: 0.000064 seconds.
  path: Assets/sts/audio/sound/SOTE_SFX_SlimeBlink_2_v1.ogg.import
  artifactKey: Guid(9f6c876bfb616b84094f6f3f44723523) Importer(2089858483,0ecaa5967403d082aa24f35e1b516d23)
Start importing Assets/sts/audio/sound/SOTE_SFX_SlimeBlink_2_v1.ogg.import using Guid(9f6c876bfb616b84094f6f3f44723523) Importer(2089858483,0ecaa5967403d082aa24f35e1b516d23) [PhysX] Initialized MultithreadedTaskDispatcher with 28 workers.
 -> (artifact id: '2b9ea0bea7386f511e987f878c1c6db9') in 0.002597 seconds
Number of updated asset objects reloaded before import = 0
Number of asset objects unloaded after import = 1
========================================================================
Received Import Request.
  Time since last request: 0.000051 seconds.
  path: Assets/sts/audio/sound/SOTE_SFX_ShopRugOpen_v1.ogg
  artifactKey: Guid(7d6cd832cfc13dd4d815b460822d763d) Importer(2089858483,0ecaa5967403d082aa24f35e1b516d23)
Start importing Assets/sts/audio/sound/SOTE_SFX_ShopRugOpen_v1.ogg using Guid(7d6cd832cfc13dd4d815b460822d763d) Importer(2089858483,0ecaa5967403d082aa24f35e1b516d23) [PhysX] Initialized MultithreadedTaskDispatcher with 28 workers.
 -> (artifact id: '16540d6582703faf7b477316484a85ec') in 0.022880 seconds
Number of updated asset objects reloaded before import = 0
Number of asset objects unloaded after import = 1
========================================================================
Received Import Request.
  Time since last request: 0.000019 seconds.
  path: Assets/sts/audio/sound/SOTE_SFX_Potion_3_v2.ogg.import
  artifactKey: Guid(95d61245e4863b94cab3d2ae045a21b2) Importer(2089858483,0ecaa5967403d082aa24f35e1b516d23)
Start importing Assets/sts/audio/sound/SOTE_SFX_Potion_3_v2.ogg.import using Guid(95d61245e4863b94cab3d2ae045a21b2) Importer(2089858483,0ecaa5967403d082aa24f35e1b516d23) [PhysX] Initialized MultithreadedTaskDispatcher with 28 workers.
 -> (artifact id: 'b1d0bda15cf7858041ce6dee806a232a') in 0.002776 seconds
Number of updated asset objects reloaded before import = 0
Number of asset objects unloaded after import = 1
========================================================================
Received Import Request.
  Time since last request: 0.000076 seconds.
  path: Assets/sts/audio/sound/SOTE_SFX_RestFireDry_v2.ogg
  artifactKey: Guid(7328741e271b8704a89871b5b6691879) Importer(2089858483,0ecaa5967403d082aa24f35e1b516d23)
Start importing Assets/sts/audio/sound/SOTE_SFX_RestFireDry_v2.ogg using Guid(7328741e271b8704a89871b5b6691879) Importer(2089858483,0ecaa5967403d082aa24f35e1b516d23) [PhysX] Initialized MultithreadedTaskDispatcher with 28 workers.
 -> (artifact id: '78a1e20af627866c7b0ae4320a8527eb') in 0.017866 seconds
Number of updated asset objects reloaded before import = 0
Number of asset objects unloaded after import = 1
========================================================================
Received Import Request.
  Time since last request: 0.000042 seconds.
  path: Assets/sts/audio/sound/SOTE_SFX_Relic_PrayerBowl_Soft.ogg
  artifactKey: Guid(6951c3e567f615443be2c4fbad094d5d) Importer(2089858483,0ecaa5967403d082aa24f35e1b516d23)
Start importing Assets/sts/audio/sound/SOTE_SFX_Relic_PrayerBowl_Soft.ogg using Guid(6951c3e567f615443be2c4fbad094d5d) Importer(2089858483,0ecaa5967403d082aa24f35e1b516d23) [PhysX] Initialized MultithreadedTaskDispatcher with 28 workers.
 -> (artifact id: '2f5ada710bc5347b8dbea2d295f60a1d') in 0.018121 seconds
Number of updated asset objects reloaded before import = 0
Number of asset objects unloaded after import = 1
========================================================================
Received Import Request.
  Time since last request: 0.000049 seconds.
  path: Assets/sts/audio/sound/STS_SFX_BattleStart_2_v1.ogg
  artifactKey: Guid(cc4b93cf877af5d458d6eb734f474cad) Importer(2089858483,0ecaa5967403d082aa24f35e1b516d23)
Start importing Assets/sts/audio/sound/STS_SFX_BattleStart_2_v1.ogg using Guid(cc4b93cf877af5d458d6eb734f474cad) Importer(2089858483,0ecaa5967403d082aa24f35e1b516d23) [PhysX] Initialized MultithreadedTaskDispatcher with 28 workers.
 -> (artifact id: 'd31c68914065cb9e20da9155e3da1116') in 0.021151 seconds
Number of updated asset objects reloaded before import = 0
Number of asset objects unloaded after import = 1
========================================================================
Received Import Request.
  Time since last request: 0.000076 seconds.
  path: Assets/sts/audio/sound/SOTE_SFX_Map_2_v3.ogg
  artifactKey: Guid(fb8761e38dcfec94aa5bbf9463eaafb5) Importer(2089858483,0ecaa5967403d082aa24f35e1b516d23)
Start importing Assets/sts/audio/sound/SOTE_SFX_Map_2_v3.ogg using Guid(fb8761e38dcfec94aa5bbf9463eaafb5) Importer(2089858483,0ecaa5967403d082aa24f35e1b516d23) [PhysX] Initialized MultithreadedTaskDispatcher with 28 workers.
 -> (artifact id: '3748f27c94ce88066cefc7b3e5d9cf15') in 0.018035 seconds
Number of updated asset objects reloaded before import = 0
Number of asset objects unloaded after import = 1
========================================================================
Received Import Request.
  Time since last request: 0.000051 seconds.
  path: Assets/sts/audio/sound/SOTE_SFX_WaterDrips_30sec_v1.ogg
  artifactKey: Guid(bef4e9aa46440fe4a9e6ef7e689cf403) Importer(2089858483,0ecaa5967403d082aa24f35e1b516d23)
Start importing Assets/sts/audio/sound/SOTE_SFX_WaterDrips_30sec_v1.ogg using Guid(bef4e9aa46440fe4a9e6ef7e689cf403) Importer(2089858483,0ecaa5967403d082aa24f35e1b516d23) [PhysX] Initialized MultithreadedTaskDispatcher with 28 workers.
 -> (artifact id: '1c07f2345fd612bedbbc5baaf08ae6b8') in 0.019621 seconds
Number of updated asset objects reloaded before import = 0
Number of asset objects unloaded after import = 1
========================================================================
Received Import Request.
  Time since last request: 0.000018 seconds.
  path: Assets/sts/audio/sound/SOTE_SFX_Relic_Berimbau.ogg
  artifactKey: Guid(6d1c8c459ae8ba048abbf2ef024ffbe7) Importer(2089858483,0ecaa5967403d082aa24f35e1b516d23)
Start importing Assets/sts/audio/sound/SOTE_SFX_Relic_Berimbau.ogg using Guid(6d1c8c459ae8ba048abbf2ef024ffbe7) Importer(2089858483,0ecaa5967403d082aa24f35e1b516d23) [PhysX] Initialized MultithreadedTaskDispatcher with 28 workers.
 -> (artifact id: 'c97abc44cc40cb9aa5ce4c28d5e24f32') in 0.017063 seconds
Number of updated asset objects reloaded before import = 0
Number of asset objects unloaded after import = 1
========================================================================
Received Import Request.
  Time since last request: 0.000017 seconds.
  path: Assets/sts/audio/sound/SOTE_SFX_SlowMagic_2_v1.ogg.import
  artifactKey: Guid(589e4ab9c47d79a40acdb5d0c7007223) Importer(2089858483,0ecaa5967403d082aa24f35e1b516d23)
Start importing Assets/sts/audio/sound/SOTE_SFX_SlowMagic_2_v1.ogg.import using Guid(589e4ab9c47d79a40acdb5d0c7007223) Importer(2089858483,0ecaa5967403d082aa24f35e1b516d23) [PhysX] Initialized MultithreadedTaskDispatcher with 28 workers.
 -> (artifact id: 'b677cb0654d2f390e58ca30adb546239') in 0.002786 seconds
Number of updated asset objects reloaded before import = 0
Number of asset objects unloaded after import = 1
========================================================================
Received Import Request.
  Time since last request: 0.000051 seconds.
  path: Assets/sts/audio/sound/STS_SFX_AutomatonOrbSpawn_v1.ogg.import
  artifactKey: Guid(f49e1643f2a913c4d9ee93d1a20ba324) Importer(2089858483,0ecaa5967403d082aa24f35e1b516d23)
Start importing Assets/sts/audio/sound/STS_SFX_AutomatonOrbSpawn_v1.ogg.import using Guid(f49e1643f2a913c4d9ee93d1a20ba324) Importer(2089858483,0ecaa5967403d082aa24f35e1b516d23) [PhysX] Initialized MultithreadedTaskDispatcher with 28 workers.
 -> (artifact id: '6983bc67319dcab5b6b6bfb9e3ebb5da') in 0.003792 seconds
Number of updated asset objects reloaded before import = 0
Number of asset objects unloaded after import = 1
========================================================================
Received Import Request.
  Time since last request: 0.000141 seconds.
  path: Assets/sts/audio/sound/SOTE_SFX_RestFireDry_v2.ogg.import
  artifactKey: Guid(dfe79df5d751ee3478af6cc727e55b2e) Importer(2089858483,0ecaa5967403d082aa24f35e1b516d23)
Start importing Assets/sts/audio/sound/SOTE_SFX_RestFireDry_v2.ogg.import using Guid(dfe79df5d751ee3478af6cc727e55b2e) Importer(2089858483,0ecaa5967403d082aa24f35e1b516d23) [PhysX] Initialized MultithreadedTaskDispatcher with 28 workers.
 -> (artifact id: '75a5cb9ac6e509b5c246cf53af7608ec') in 0.002300 seconds
Number of updated asset objects reloaded before import = 0
Number of asset objects unloaded after import = 1
========================================================================
Received Import Request.
  Time since last request: 0.000059 seconds.
  path: Assets/sts/audio/sound/SOTE_SFX_WindAmb_v1.ogg
  artifactKey: Guid(0779dfcef85ac1741944265973f02ae1) Importer(2089858483,0ecaa5967403d082aa24f35e1b516d23)
Start importing Assets/sts/audio/sound/SOTE_SFX_WindAmb_v1.ogg using Guid(0779dfcef85ac1741944265973f02ae1) Importer(2089858483,0ecaa5967403d082aa24f35e1b516d23) [PhysX] Initialized MultithreadedTaskDispatcher with 28 workers.
 -> (artifact id: 'a3f1048d54fa6205056c0e75ac3865df') in 0.020213 seconds
Number of updated asset objects reloaded before import = 0
Number of asset objects unloaded after import = 1
========================================================================
Received Prepare
Caller must complete domain reload
Begin MonoManager ReloadAssembly
Symbol file LoadedFromMemory is not a mono symbol file
- Loaded All Assemblies, in  0.530 seconds
Native extension for WindowsStandalone target not found
[ScriptCompilation] NOT recompiling all scripts because this is an import worker process. Reason to compile was: Define symbols changed
[Package Manager] Server::EnsureServerProcessIsRunning -- launch failed, reason: Unity was launched with the -noUpm command-line argument
[Package Manager] UpmClient::Send -- Unable to send message (not connected to UPM process).
[Package Manager] Cannot connect to Unity Package Manager local server
Mono: successfully reloaded assembly
- Finished resetting the current domain, in  0.368 seconds
Domain Reload Profiling: 899ms
	BeginReloadAssembly (320ms)
		ExecutionOrderSort (0ms)
		DisableScriptedObjects (222ms)
		BackupInstance (0ms)
		ReleaseScriptingObjects (0ms)
		CreateAndSetChildDomain (27ms)
	RebuildCommonClasses (20ms)
	RebuildNativeTypeToScriptingClass (9ms)
	initialDomainReloadingComplete (16ms)
	LoadAllAssembliesAndSetupDomain (166ms)
		LoadAssemblies (200ms)
		RebuildTransferFunctionScriptingTraits (0ms)
		AnalyzeDomain (12ms)
			TypeCache.Refresh (6ms)
				TypeCache.ScanAssembly (0ms)
			ScanForSourceGeneratedMonoScriptInfo (0ms)
			ResolveRequiredComponents (5ms)
	FinalizeReload (368ms)
		ReleaseScriptCaches (0ms)
		RebuildScriptCaches (0ms)
		SetupLoadedEditorAssemblies (258ms)
			LogAssemblyErrors (0ms)
			InitializePlatformSupportModulesInManaged (4ms)
			SetLoadedEditorAssemblies (3ms)
			RefreshPlugins (0ms)
			BeforeProcessingInitializeOnLoad (43ms)
			ProcessInitializeOnLoadAttributes (172ms)
			ProcessInitializeOnLoadMethodAttributes (34ms)
			AfterProcessingInitializeOnLoad (1ms)
			EditorAssembliesLoaded (0ms)
		ExecutionOrderSort2 (0ms)
		AwakeInstancesAfterBackupRestoration (9ms)
Refreshing native plugins compatible for Editor in 5.00 ms, found 4 plugins.
Preloading 0 native plugins for Editor in 0.00 ms.
Unloading 4307 Unused Serialized files (Serialized files now loaded: 0)
Unloading 28 unused Assets / (215.7 KB). Loaded Objects now: 4779.
Memory consumption went from 153.2 MB to 153.0 MB.
Total: 3.321800 ms (FindLiveObjects: 0.207400 ms CreateObjectMapping: 0.086200 ms MarkObjects: 2.834000 ms  DeleteObjects: 0.193000 ms)

Prepare: number of updated asset objects reloaded= 0
AssetImportParameters requested are different than current active one (requested -> active):
  custom:container-demuxer-ogg: 62fdf1f143b41e24485cea50d1cbac27 -> 
  custom:video-codec-MediaFoundation-h265: 746d11721c4dcdbdad8f713fa42b33f4 -> 
  custom:video-decoder-ogg-theora: a1e56fd34408186e4bbccfd4996cb3dc -> 
  custom:framework-win-MediaFoundation: 216162199b28c13a410421893ffa2e32 -> 
  custom:CustomObjectIndexerAttribute: 9a22284fe3817be447336de3de66b15e -> 
  custom:container-demuxer-webm: 4f35f7cbe854078d1ac9338744f61a02 -> 
  custom:container-muxer-webm: aa71ff27fc2769a1b78a27578f13a17b -> 
  custom:video-decoder-webm-vp8: 9c59270c3fd7afecdb556c50c9e8de78 -> 
  custom:SearchIndexIgnoredProperties: e643bd26f0fe6173181afceb89e7c659 -> 
  custom:AudioImporter_EditorPlatform: d09bf68614088b80899f8185d706f6e7 -> 
  custom:video-encoder-webm-vp8: eb34c28f22e8b96e1ab97ce403110664 -> 
  custom:audio-decoder-ogg-vorbis: bf7c407c2cedff20999df2af8eb42d56 -> 
  custom:audio-encoder-webm-vorbis: bf7c407c2cedff20999df2af8eb42d56 -> 
Editor requested this worker to shutdown with reason: Scaling down because of idle timeout
TcpMessagingSession - receive error: operation aborted. errorcode: 995, details:  I/O 
AssetImportWorker is now disconnected from the server
Process exiting
Exiting without the bug reporter. Application will terminate with return code 0