Using pre-set license
Built from '2022.3/china_unity/release' branch; Version is '2022.3.62f2c1 (92e6e6be66dc) revision 9627366'; Using compiler version '192829333'; Build Type 'Release'
OS: 'Windows 11  (10.0.26100) 64bit CoreCountrySpecific' Language: 'zh' Physical Memory: 32481 MB
BatchMode: 1, IsHumanControllingUs: 0, StartBugReporterOnCrash: 0, Is64bit: 1, IsPro: 1

COMMAND LINE ARGUMENTS:
D:\unity\2022.3.62f2c1\Editor\Unity.exe
-adb2
-batchMode
-noUpm
-name
AssetImportWorker6
-projectPath
C:/Users/szpro/Desktop/SZ/game/joeys-nightmare-2/joeys-nightmare2
-logFile
Logs/AssetImportWorker6.log
-srvPort
11969
Successfully changed project path to: C:/Users/szpro/Desktop/SZ/game/joeys-nightmare-2/joeys-nightmare2
C:/Users/szpro/Desktop/SZ/game/joeys-nightmare-2/joeys-nightmare2
[UnityMemory] Configuration Parameters - Can be set up in boot.config
    "memorysetup-bucket-allocator-granularity=16"
    "memorysetup-bucket-allocator-bucket-count=8"
    "memorysetup-bucket-allocator-block-size=33554432"
    "memorysetup-bucket-allocator-block-count=8"
    "memorysetup-main-allocator-block-size=16777216"
    "memorysetup-thread-allocator-block-size=16777216"
    "memorysetup-gfx-main-allocator-block-size=16777216"
    "memorysetup-gfx-thread-allocator-block-size=16777216"
    "memorysetup-cache-allocator-block-size=4194304"
    "memorysetup-typetree-allocator-block-size=2097152"
    "memorysetup-profiler-bucket-allocator-granularity=16"
    "memorysetup-profiler-bucket-allocator-bucket-count=8"
    "memorysetup-profiler-bucket-allocator-block-size=33554432"
    "memorysetup-profiler-bucket-allocator-block-count=8"
    "memorysetup-profiler-allocator-block-size=16777216"
    "memorysetup-profiler-editor-allocator-block-size=1048576"
    "memorysetup-temp-allocator-size-main=16777216"
    "memorysetup-job-temp-allocator-block-size=2097152"
    "memorysetup-job-temp-allocator-block-size-background=1048576"
    "memorysetup-job-temp-allocator-reduction-small-platforms=262144"
    "memorysetup-allocator-temp-initial-block-size-main=262144"
    "memorysetup-allocator-temp-initial-block-size-worker=262144"
    "memorysetup-temp-allocator-size-background-worker=32768"
    "memorysetup-temp-allocator-size-job-worker=262144"
    "memorysetup-temp-allocator-size-preload-manager=33554432"
    "memorysetup-temp-allocator-size-nav-mesh-worker=65536"
    "memorysetup-temp-allocator-size-audio-worker=65536"
    "memorysetup-temp-allocator-size-cloud-worker=32768"
    "memorysetup-temp-allocator-size-gi-baking-worker=262144"
    "memorysetup-temp-allocator-size-gfx=262144"
Player connection [45048]  Target information:

Player connection [45048]  * "[IP] 192.168.3.14 [Port] 0 [Flags] 2 [Guid] 705940070 [EditorId] 705940070 [Version] 1048832 [Id] WindowsEditor(7,SZ) [Debug] 1 [PackageName] WindowsEditor [ProjectName] Editor" 

Player connection [45048] Host joined multi-casting on [225.0.0.222:54997]...
Player connection [45048] Host joined alternative multi-casting on [225.0.0.222:34997]...
Input System module state changed to: Initialized.
[PhysX] Initialized MultithreadedTaskDispatcher with 28 workers.
Refreshing native plugins compatible for Editor in 11.59 ms, found 4 plugins.
Preloading 0 native plugins for Editor in 0.00 ms.
Initialize engine version: 2022.3.62f2c1 (92e6e6be66dc)
[Subsystems] Discovering subsystems at path D:/unity/2022.3.62f2c1/Editor/Data/Resources/UnitySubsystems
[Subsystems] Discovering subsystems at path C:/Users/szpro/Desktop/SZ/game/joeys-nightmare-2/joeys-nightmare2/Assets
GfxDevice: creating device client; threaded=0; jobified=0
Direct3D:
    Version:  Direct3D 11.0 [level 11.1]
    Renderer: NVIDIA GeForce RTX 4070 SUPER (ID=0x2783)
    Vendor:   NVIDIA
    VRAM:     11999 MB
    Driver:   32.0.15.7296
Initialize mono
Mono path[0] = 'D:/unity/2022.3.62f2c1/Editor/Data/Managed'
Mono path[1] = 'D:/unity/2022.3.62f2c1/Editor/Data/MonoBleedingEdge/lib/mono/unityjit-win32'
Mono config path = 'D:/unity/2022.3.62f2c1/Editor/Data/MonoBleedingEdge/etc'
Using monoOptions --debugger-agent=transport=dt_socket,embedding=1,server=y,suspend=n,address=127.0.0.1:56592
Begin MonoManager ReloadAssembly
Registering precompiled unity dll's ...
Register platform support module: D:/unity/2022.3.62f2c1/Editor/Data/PlaybackEngines/WindowsStandaloneSupport/UnityEditor.WindowsStandalone.Extensions.dll
Registered in 0.002357 seconds.
- Loaded All Assemblies, in  0.202 seconds
Native extension for WindowsStandalone target not found
Mono: successfully reloaded assembly
- Finished resetting the current domain, in  0.158 seconds
Domain Reload Profiling: 361ms
	BeginReloadAssembly (58ms)
		ExecutionOrderSort (0ms)
		DisableScriptedObjects (0ms)
		BackupInstance (0ms)
		ReleaseScriptingObjects (0ms)
		CreateAndSetChildDomain (0ms)
	RebuildCommonClasses (22ms)
	RebuildNativeTypeToScriptingClass (6ms)
	initialDomainReloadingComplete (31ms)
	LoadAllAssembliesAndSetupDomain (86ms)
		LoadAssemblies (57ms)
		RebuildTransferFunctionScriptingTraits (0ms)
		AnalyzeDomain (85ms)
			TypeCache.Refresh (84ms)
				TypeCache.ScanAssembly (75ms)
			ScanForSourceGeneratedMonoScriptInfo (0ms)
			ResolveRequiredComponents (0ms)
	FinalizeReload (158ms)
		ReleaseScriptCaches (0ms)
		RebuildScriptCaches (0ms)
		SetupLoadedEditorAssemblies (129ms)
			LogAssemblyErrors (0ms)
			InitializePlatformSupportModulesInManaged (4ms)
			SetLoadedEditorAssemblies (5ms)
			RefreshPlugins (0ms)
			BeforeProcessingInitializeOnLoad (2ms)
			ProcessInitializeOnLoadAttributes (90ms)
			ProcessInitializeOnLoadMethodAttributes (28ms)
			AfterProcessingInitializeOnLoad (0ms)
			EditorAssembliesLoaded (0ms)
		ExecutionOrderSort2 (0ms)
		AwakeInstancesAfterBackupRestoration (0ms)
========================================================================
Worker process is ready to serve import requests
Caller must complete domain reload
Begin MonoManager ReloadAssembly
Symbol file LoadedFromMemory is not a mono symbol file
- Loaded All Assemblies, in  0.426 seconds
Native extension for WindowsStandalone target not found
[ScriptCompilation] NOT recompiling all scripts because this is an import worker process. Reason to compile was: Define symbols changed
Package Manager log level set to [2]
[Package Manager] Server::EnsureServerProcessIsRunning -- launch failed, reason: Unity was launched with the -noUpm command-line argument
[Package Manager] UpmClient::Send -- Unable to send message (not connected to UPM process).
[Package Manager] Cannot connect to Unity Package Manager local server
Mono: successfully reloaded assembly
- Finished resetting the current domain, in  0.431 seconds
Domain Reload Profiling: 856ms
	BeginReloadAssembly (100ms)
		ExecutionOrderSort (0ms)
		DisableScriptedObjects (3ms)
		BackupInstance (0ms)
		ReleaseScriptingObjects (0ms)
		CreateAndSetChildDomain (19ms)
	RebuildCommonClasses (19ms)
	RebuildNativeTypeToScriptingClass (6ms)
	initialDomainReloadingComplete (23ms)
	LoadAllAssembliesAndSetupDomain (277ms)
		LoadAssemblies (211ms)
		RebuildTransferFunctionScriptingTraits (0ms)
		AnalyzeDomain (124ms)
			TypeCache.Refresh (104ms)
				TypeCache.ScanAssembly (92ms)
			ScanForSourceGeneratedMonoScriptInfo (14ms)
			ResolveRequiredComponents (3ms)
	FinalizeReload (431ms)
		ReleaseScriptCaches (0ms)
		RebuildScriptCaches (0ms)
		SetupLoadedEditorAssemblies (321ms)
			LogAssemblyErrors (0ms)
			InitializePlatformSupportModulesInManaged (3ms)
			SetLoadedEditorAssemblies (3ms)
			RefreshPlugins (0ms)
			BeforeProcessingInitializeOnLoad (48ms)
			ProcessInitializeOnLoadAttributes (222ms)
			ProcessInitializeOnLoadMethodAttributes (44ms)
			AfterProcessingInitializeOnLoad (1ms)
			EditorAssembliesLoaded (0ms)
		ExecutionOrderSort2 (0ms)
		AwakeInstancesAfterBackupRestoration (8ms)
Launched and connected shader compiler UnityShaderCompiler.exe after 0.05 seconds
Refreshing native plugins compatible for Editor in 6.67 ms, found 4 plugins.
Preloading 0 native plugins for Editor in 0.00 ms.
Unloading 4313 Unused Serialized files (Serialized files now loaded: 0)
Unloading 41 unused Assets / (243.2 KB). Loaded Objects now: 4773.
Memory consumption went from 154.7 MB to 154.4 MB.
Total: 2.782900 ms (FindLiveObjects: 0.354200 ms CreateObjectMapping: 0.100600 ms MarkObjects: 2.153200 ms  DeleteObjects: 0.173100 ms)

AssetImportParameters requested are different than current active one (requested -> active):
  custom:container-demuxer-ogg: 62fdf1f143b41e24485cea50d1cbac27 -> 
  custom:video-codec-MediaFoundation-h265: 746d11721c4dcdbdad8f713fa42b33f4 -> 
  custom:video-decoder-ogg-theora: a1e56fd34408186e4bbccfd4996cb3dc -> 
  custom:framework-win-MediaFoundation: 216162199b28c13a410421893ffa2e32 -> 
  custom:CustomObjectIndexerAttribute: 9a22284fe3817be447336de3de66b15e -> 
  custom:container-demuxer-webm: 4f35f7cbe854078d1ac9338744f61a02 -> 
  custom:container-muxer-webm: aa71ff27fc2769a1b78a27578f13a17b -> 
  custom:video-decoder-webm-vp8: 9c59270c3fd7afecdb556c50c9e8de78 -> 
  custom:SearchIndexIgnoredProperties: e643bd26f0fe6173181afceb89e7c659 -> 
  custom:AudioImporter_EditorPlatform: d09bf68614088b80899f8185d706f6e7 -> 
  custom:video-encoder-webm-vp8: eb34c28f22e8b96e1ab97ce403110664 -> 
  custom:audio-decoder-ogg-vorbis: bf7c407c2cedff20999df2af8eb42d56 -> 
  custom:audio-encoder-webm-vorbis: bf7c407c2cedff20999df2af8eb42d56 -> 
========================================================================
Received Import Request.
  Time since last request: 847138.316773 seconds.
  path: Assets/sts/beyondScene/scene3.jpg
  artifactKey: Guid(35e1240db2586154cb6e2cda20a2564d) Importer(2089858483,0ecaa5967403d082aa24f35e1b516d23)
Start importing Assets/sts/beyondScene/scene3.jpg using Guid(35e1240db2586154cb6e2cda20a2564d) Importer(2089858483,0ecaa5967403d082aa24f35e1b516d23) [PhysX] Initialized MultithreadedTaskDispatcher with 28 workers.
 -> (artifact id: '991b224b7a9ceace924313992b2930eb') in 0.099613 seconds
Number of updated asset objects reloaded before import = 0
Number of asset objects unloaded after import = 3
========================================================================
Received Import Request.
  Time since last request: 0.000025 seconds.
  path: Assets/sts/font/04b03.ttf.import
  artifactKey: Guid(cf51320d3fa37c446b4a1419a8520e9b) Importer(2089858483,0ecaa5967403d082aa24f35e1b516d23)
Start importing Assets/sts/font/04b03.ttf.import using Guid(cf51320d3fa37c446b4a1419a8520e9b) Importer(2089858483,0ecaa5967403d082aa24f35e1b516d23) [PhysX] Initialized MultithreadedTaskDispatcher with 28 workers.
 -> (artifact id: 'a94be4a94471d542be6db4cbb971c60b') in 0.004560 seconds
Number of updated asset objects reloaded before import = 0
Number of asset objects unloaded after import = 1
========================================================================
Received Import Request.
  Time since last request: 0.000033 seconds.
  path: Assets/sts/font/FeDPrm27C.otf.import
  artifactKey: Guid(e89b26d6c0e6f1347a91788dd4428c4a) Importer(2089858483,0ecaa5967403d082aa24f35e1b516d23)
Start importing Assets/sts/font/FeDPrm27C.otf.import using Guid(e89b26d6c0e6f1347a91788dd4428c4a) Importer(2089858483,0ecaa5967403d082aa24f35e1b516d23) [PhysX] Initialized MultithreadedTaskDispatcher with 28 workers.
 -> (artifact id: 'ce8401d32cf374ed2f1b75e83171ec9d') in 0.002738 seconds
Number of updated asset objects reloaded before import = 0
Number of asset objects unloaded after import = 1
========================================================================
Received Import Request.
  Time since last request: 0.000018 seconds.
  path: Assets/sts/font/Kreon-Bold.ttf
  artifactKey: Guid(d3e5f781ff5084d4eb3a6914f8eb9812) Importer(2089858483,0ecaa5967403d082aa24f35e1b516d23)
Start importing Assets/sts/font/Kreon-Bold.ttf using Guid(d3e5f781ff5084d4eb3a6914f8eb9812) Importer(2089858483,0ecaa5967403d082aa24f35e1b516d23) [PhysX] Initialized MultithreadedTaskDispatcher with 28 workers.
 -> (artifact id: '185008ada2a86046cd954697fbdb1a1d') in 0.011247 seconds
Number of updated asset objects reloaded before import = 0
Number of asset objects unloaded after import = 3
========================================================================
Received Import Request.
  Time since last request: 0.000025 seconds.
  path: Assets/sts/cardui/cardui2.png
  artifactKey: Guid(6b7fb346f13bca34da012e5ed16d47ab) Importer(2089858483,0ecaa5967403d082aa24f35e1b516d23)
Start importing Assets/sts/cardui/cardui2.png using Guid(6b7fb346f13bca34da012e5ed16d47ab) Importer(2089858483,0ecaa5967403d082aa24f35e1b516d23) [PhysX] Initialized MultithreadedTaskDispatcher with 28 workers.
 -> (artifact id: '55cb839ed8c57dacfa43d35b54f90cc1') in 0.011819 seconds
Number of updated asset objects reloaded before import = 0
Number of asset objects unloaded after import = 3
========================================================================
Received Import Request.
  Time since last request: 0.000020 seconds.
  path: Assets/sts/cardui/cardui2.png.import
  artifactKey: Guid(1c87bb3907611fb4eb38e54592ecbbc2) Importer(2089858483,0ecaa5967403d082aa24f35e1b516d23)
Start importing Assets/sts/cardui/cardui2.png.import using Guid(1c87bb3907611fb4eb38e54592ecbbc2) Importer(2089858483,0ecaa5967403d082aa24f35e1b516d23) [PhysX] Initialized MultithreadedTaskDispatcher with 28 workers.
 -> (artifact id: '668f773ba2c046937772c9d0df8dc793') in 0.002988 seconds
Number of updated asset objects reloaded before import = 0
Number of asset objects unloaded after import = 1
========================================================================
Received Import Request.
  Time since last request: 0.000082 seconds.
  path: Assets/sts/cityScene/scene3.png
  artifactKey: Guid(3ded400bb3f899e43a21671107e58e26) Importer(2089858483,0ecaa5967403d082aa24f35e1b516d23)
Start importing Assets/sts/cityScene/scene3.png using Guid(3ded400bb3f899e43a21671107e58e26) Importer(2089858483,0ecaa5967403d082aa24f35e1b516d23) [PhysX] Initialized MultithreadedTaskDispatcher with 28 workers.
 -> (artifact id: 'ad6297a4ef33a5e72e56d3a1973a9532') in 0.008723 seconds
Number of updated asset objects reloaded before import = 0
Number of asset objects unloaded after import = 3
========================================================================
Received Import Request.
  Time since last request: 1.964086 seconds.
  path: Assets/sts/title/title.png
  artifactKey: Guid(d31c42bb526e3c34793a249d4bb8baf4) Importer(2089858483,0ecaa5967403d082aa24f35e1b516d23)
Start importing Assets/sts/title/title.png using Guid(d31c42bb526e3c34793a249d4bb8baf4) Importer(2089858483,0ecaa5967403d082aa24f35e1b516d23) [PhysX] Initialized MultithreadedTaskDispatcher with 28 workers.
 -> (artifact id: '7db9035af9d9cb33984760f9d6225e4d') in 0.012404 seconds
Number of updated asset objects reloaded before import = 0
Number of asset objects unloaded after import = 3
========================================================================
Received Import Request.
  Time since last request: 0.000015 seconds.
  path: Assets/sts/audio/music/DeathStinger_3_v3_MUSIC.ogg.import
  artifactKey: Guid(ec13f6067e329db4a9b3090cc0790b13) Importer(2089858483,0ecaa5967403d082aa24f35e1b516d23)
Start importing Assets/sts/audio/music/DeathStinger_3_v3_MUSIC.ogg.import using Guid(ec13f6067e329db4a9b3090cc0790b13) Importer(2089858483,0ecaa5967403d082aa24f35e1b516d23) [PhysX] Initialized MultithreadedTaskDispatcher with 28 workers.
 -> (artifact id: 'a81fdfbcefd602957b07288824400fe1') in 0.003779 seconds
Number of updated asset objects reloaded before import = 0
Number of asset objects unloaded after import = 1
========================================================================
Received Import Request.
  Time since last request: 0.000018 seconds.
  path: Assets/sts/audio/music/Level3_v2.ogg.import
  artifactKey: Guid(abc428380f6678f45a229d2a9404db0d) Importer(2089858483,0ecaa5967403d082aa24f35e1b516d23)
Start importing Assets/sts/audio/music/Level3_v2.ogg.import using Guid(abc428380f6678f45a229d2a9404db0d) Importer(2089858483,0ecaa5967403d082aa24f35e1b516d23) [PhysX] Initialized MultithreadedTaskDispatcher with 28 workers.
 -> (artifact id: '494925083a19e32507cc13e779dac78c') in 0.002825 seconds
Number of updated asset objects reloaded before import = 0
Number of asset objects unloaded after import = 1
========================================================================
Received Import Request.
  Time since last request: 0.000085 seconds.
  path: Assets/sts/audio/music/DeathStinger_1_v3_MUSIC.ogg
  artifactKey: Guid(90e37e4861cd98e40897c0b46b1513b3) Importer(2089858483,0ecaa5967403d082aa24f35e1b516d23)
Start importing Assets/sts/audio/music/DeathStinger_1_v3_MUSIC.ogg using Guid(90e37e4861cd98e40897c0b46b1513b3) Importer(2089858483,0ecaa5967403d082aa24f35e1b516d23) [PhysX] Initialized MultithreadedTaskDispatcher with 28 workers.
 -> (artifact id: 'e3f76093742f78a1a6516a089accbb77') in 0.021772 seconds
Number of updated asset objects reloaded before import = 0
Number of asset objects unloaded after import = 1
========================================================================
Received Import Request.
  Time since last request: 0.000065 seconds.
  path: Assets/sts/audio/music/Level3-2_v2.ogg.import
  artifactKey: Guid(4c73df5d191db5940bd9cfcaf18e11a9) Importer(2089858483,0ecaa5967403d082aa24f35e1b516d23)
Start importing Assets/sts/audio/music/Level3-2_v2.ogg.import using Guid(4c73df5d191db5940bd9cfcaf18e11a9) Importer(2089858483,0ecaa5967403d082aa24f35e1b516d23) [PhysX] Initialized MultithreadedTaskDispatcher with 28 workers.
 -> (artifact id: '410a71e3736dccc4a6c76cdbeb10c40a') in 0.002028 seconds
Number of updated asset objects reloaded before import = 0
Number of asset objects unloaded after import = 1
========================================================================
Received Import Request.
  Time since last request: 0.000085 seconds.
  path: Assets/sprites/card/ui/item.png
  artifactKey: Guid(bf3cfd9e68922f64ba3761f55197aae6) Importer(2089858483,0ecaa5967403d082aa24f35e1b516d23)
Start importing Assets/sprites/card/ui/item.png using Guid(bf3cfd9e68922f64ba3761f55197aae6) Importer(2089858483,0ecaa5967403d082aa24f35e1b516d23) [PhysX] Initialized MultithreadedTaskDispatcher with 28 workers.
 -> (artifact id: 'fe52e25aee6ce1783040a32d2fa694a6') in 0.009141 seconds
Number of updated asset objects reloaded before import = 0
Number of asset objects unloaded after import = 3
========================================================================
Received Import Request.
  Time since last request: 0.000017 seconds.
  path: Assets/Scenes/test_sz/cards/card0.tscn
  artifactKey: Guid(0636b7bfed61c0144b6d6d35a43d406a) Importer(2089858483,0ecaa5967403d082aa24f35e1b516d23)
Start importing Assets/Scenes/test_sz/cards/card0.tscn using Guid(0636b7bfed61c0144b6d6d35a43d406a) Importer(2089858483,0ecaa5967403d082aa24f35e1b516d23) [PhysX] Initialized MultithreadedTaskDispatcher with 28 workers.
 -> (artifact id: 'bfca89fd26f97e458466ecf7655d8114') in 0.002550 seconds
Number of updated asset objects reloaded before import = 0
Number of asset objects unloaded after import = 1
========================================================================
Received Import Request.
  Time since last request: 0.000052 seconds.
  path: Assets/sprites/card/ui/attack.png.import
  artifactKey: Guid(eff522fcc98d9494db0827dc39713c74) Importer(2089858483,0ecaa5967403d082aa24f35e1b516d23)
Start importing Assets/sprites/card/ui/attack.png.import using Guid(eff522fcc98d9494db0827dc39713c74) Importer(2089858483,0ecaa5967403d082aa24f35e1b516d23) [PhysX] Initialized MultithreadedTaskDispatcher with 28 workers.
 -> (artifact id: 'c29301df54c0108e576ea9ce9d772844') in 0.002264 seconds
Number of updated asset objects reloaded before import = 0
Number of asset objects unloaded after import = 1
========================================================================
Received Import Request.
  Time since last request: 0.000047 seconds.
  path: Assets/sts/audio/music/ALTLevel_v1.ogg
  artifactKey: Guid(b85318b034c94da4cb32e64de1e0c78b) Importer(2089858483,0ecaa5967403d082aa24f35e1b516d23)
Start importing Assets/sts/audio/music/ALTLevel_v1.ogg using Guid(b85318b034c94da4cb32e64de1e0c78b) Importer(2089858483,0ecaa5967403d082aa24f35e1b516d23) [PhysX] Initialized MultithreadedTaskDispatcher with 28 workers.
 -> (artifact id: '4879c0bc1b1dc96b75cc1b91791cd8e7') in 0.023413 seconds
Number of updated asset objects reloaded before import = 0
Number of asset objects unloaded after import = 1
========================================================================
Received Import Request.
  Time since last request: 0.000014 seconds.
  path: Assets/sts/audio/music/Boss3_NewMix_v1.ogg.import
  artifactKey: Guid(75098da0f056fe249b1ac0d844bf650a) Importer(2089858483,0ecaa5967403d082aa24f35e1b516d23)
Start importing Assets/sts/audio/music/Boss3_NewMix_v1.ogg.import using Guid(75098da0f056fe249b1ac0d844bf650a) Importer(2089858483,0ecaa5967403d082aa24f35e1b516d23) [PhysX] Initialized MultithreadedTaskDispatcher with 28 workers.
 -> (artifact id: '92453bd46021cf0c478b67afc961f09d') in 0.002609 seconds
Number of updated asset objects reloaded before import = 0
Number of asset objects unloaded after import = 1
========================================================================
Received Import Request.
  Time since last request: 0.000064 seconds.
  path: Assets/sts/audio/music/Shrine_NewMix_v1.ogg
  artifactKey: Guid(ec841a589a43d2e4c80a2874e7a9f024) Importer(2089858483,0ecaa5967403d082aa24f35e1b516d23)
Start importing Assets/sts/audio/music/Shrine_NewMix_v1.ogg using Guid(ec841a589a43d2e4c80a2874e7a9f024) Importer(2089858483,0ecaa5967403d082aa24f35e1b516d23) [PhysX] Initialized MultithreadedTaskDispatcher with 28 workers.
 -> (artifact id: '2e1d48b76d4b970cbdeedb8927f09610') in 0.017806 seconds
Number of updated asset objects reloaded before import = 0
Number of asset objects unloaded after import = 1
========================================================================
Received Import Request.
  Time since last request: 0.000062 seconds.
  path: Assets/sts/audio/music/Shrine_NewMix_v1.ogg.import
  artifactKey: Guid(6a3652e530974e7489c4ad6243734ddd) Importer(2089858483,0ecaa5967403d082aa24f35e1b516d23)
Start importing Assets/sts/audio/music/Shrine_NewMix_v1.ogg.import using Guid(6a3652e530974e7489c4ad6243734ddd) Importer(2089858483,0ecaa5967403d082aa24f35e1b516d23) [PhysX] Initialized MultithreadedTaskDispatcher with 28 workers.
 -> (artifact id: '9afaaa2d628a9059c94a0101b638c4c3') in 0.003653 seconds
Number of updated asset objects reloaded before import = 0
Number of asset objects unloaded after import = 1
========================================================================
Received Import Request.
  Time since last request: 0.000016 seconds.
  path: Assets/sts/audio/music/Level2_NewMix_v1.ogg
  artifactKey: Guid(15ec52211aa87f3438bbe134a7e47674) Importer(2089858483,0ecaa5967403d082aa24f35e1b516d23)
Start importing Assets/sts/audio/music/Level2_NewMix_v1.ogg using Guid(15ec52211aa87f3438bbe134a7e47674) Importer(2089858483,0ecaa5967403d082aa24f35e1b516d23) [PhysX] Initialized MultithreadedTaskDispatcher with 28 workers.
 -> (artifact id: '34de4f7013e13fc6d45aa4331b509ea2') in 0.017186 seconds
Number of updated asset objects reloaded before import = 0
Number of asset objects unloaded after import = 1
========================================================================
Received Import Request.
  Time since last request: 0.000024 seconds.
  path: Assets/sts/audio/music/Credits_v5.ogg.import
  artifactKey: Guid(53dafa18c9d08da46be6ac9bc15b8d8f) Importer(2089858483,0ecaa5967403d082aa24f35e1b516d23)
Start importing Assets/sts/audio/music/Credits_v5.ogg.import using Guid(53dafa18c9d08da46be6ac9bc15b8d8f) Importer(2089858483,0ecaa5967403d082aa24f35e1b516d23) [PhysX] Initialized MultithreadedTaskDispatcher with 28 workers.
 -> (artifact id: '6faf3efd0139d4c1973529a4aa0c1717') in 0.003096 seconds
Number of updated asset objects reloaded before import = 0
Number of asset objects unloaded after import = 1
========================================================================
Received Import Request.
  Time since last request: 0.000021 seconds.
  path: Assets/sts/audio/music/BossVictoryStinger_3_v3_MUSIC.ogg.import
  artifactKey: Guid(98dcf53561cc3d44089e52e6d33b5f91) Importer(2089858483,0ecaa5967403d082aa24f35e1b516d23)
Start importing Assets/sts/audio/music/BossVictoryStinger_3_v3_MUSIC.ogg.import using Guid(98dcf53561cc3d44089e52e6d33b5f91) Importer(2089858483,0ecaa5967403d082aa24f35e1b516d23) [PhysX] Initialized MultithreadedTaskDispatcher with 28 workers.
 -> (artifact id: 'dbf82003716d87035e0e6e70775971f1') in 0.002697 seconds
Number of updated asset objects reloaded before import = 0
Number of asset objects unloaded after import = 1
========================================================================
Received Import Request.
  Time since last request: 0.000059 seconds.
  path: Assets/sts/audio/music/EliteBoss_NewMix_v1.ogg.import
  artifactKey: Guid(2662c705fadf5dd499f67d5ad312d30c) Importer(2089858483,0ecaa5967403d082aa24f35e1b516d23)
Start importing Assets/sts/audio/music/EliteBoss_NewMix_v1.ogg.import using Guid(2662c705fadf5dd499f67d5ad312d30c) Importer(2089858483,0ecaa5967403d082aa24f35e1b516d23) [PhysX] Initialized MultithreadedTaskDispatcher with 28 workers.
 -> (artifact id: '7e154d92342a2f1e87a82e4b67124026') in 0.001817 seconds
Number of updated asset objects reloaded before import = 0
Number of asset objects unloaded after import = 1
========================================================================
Received Import Request.
  Time since last request: 2.870774 seconds.
  path: Assets/sts/audio/sound/SOTE_SFX_Bell_v1.ogg.import
  artifactKey: Guid(341255a1b8409df46821695179cfad93) Importer(2089858483,0ecaa5967403d082aa24f35e1b516d23)
Start importing Assets/sts/audio/sound/SOTE_SFX_Bell_v1.ogg.import using Guid(341255a1b8409df46821695179cfad93) Importer(2089858483,0ecaa5967403d082aa24f35e1b516d23) [PhysX] Initialized MultithreadedTaskDispatcher with 28 workers.
 -> (artifact id: '6fbfb89712dc9985c5039c3ce54b4989') in 0.004466 seconds
Number of updated asset objects reloaded before import = 0
Number of asset objects unloaded after import = 1
========================================================================
Received Import Request.
  Time since last request: 0.000127 seconds.
  path: Assets/sts/audio/sound/SOTE_SFX_GainDefense_v2.ogg
  artifactKey: Guid(2f367fbfd09484e419bdaed3443f114d) Importer(2089858483,0ecaa5967403d082aa24f35e1b516d23)
Start importing Assets/sts/audio/sound/SOTE_SFX_GainDefense_v2.ogg using Guid(2f367fbfd09484e419bdaed3443f114d) Importer(2089858483,0ecaa5967403d082aa24f35e1b516d23) [PhysX] Initialized MultithreadedTaskDispatcher with 28 workers.
 -> (artifact id: '2dbfc3030ca3053d1d7e4f51b322c042') in 0.020441 seconds
Number of updated asset objects reloaded before import = 0
Number of asset objects unloaded after import = 1
========================================================================
Received Import Request.
  Time since last request: 0.000014 seconds.
  path: Assets/sts/audio/sound/SOTE_SFX_IronClad_Atk_RR3_v2.ogg
  artifactKey: Guid(25a444dd0271d924d8d32b5175482b54) Importer(2089858483,0ecaa5967403d082aa24f35e1b516d23)
Start importing Assets/sts/audio/sound/SOTE_SFX_IronClad_Atk_RR3_v2.ogg using Guid(25a444dd0271d924d8d32b5175482b54) Importer(2089858483,0ecaa5967403d082aa24f35e1b516d23) [PhysX] Initialized MultithreadedTaskDispatcher with 28 workers.
 -> (artifact id: '9051396b2665555b99bcc145364017c5') in 0.020328 seconds
Number of updated asset objects reloaded before import = 0
Number of asset objects unloaded after import = 1
========================================================================
Received Import Request.
  Time since last request: 0.000067 seconds.
  path: Assets/sts/audio/sound/SOTE_SFX_CeilingDust1_v1.ogg.import
  artifactKey: Guid(a3fc512b4d1205e42814151738d05f8d) Importer(2089858483,0ecaa5967403d082aa24f35e1b516d23)
Start importing Assets/sts/audio/sound/SOTE_SFX_CeilingDust1_v1.ogg.import using Guid(a3fc512b4d1205e42814151738d05f8d) Importer(2089858483,0ecaa5967403d082aa24f35e1b516d23) [PhysX] Initialized MultithreadedTaskDispatcher with 28 workers.
 -> (artifact id: 'f1d3e4cc8e4d22bbd706a992d7f69497') in 0.004182 seconds
Number of updated asset objects reloaded before import = 0
Number of asset objects unloaded after import = 1
========================================================================
Received Import Request.
  Time since last request: 0.000051 seconds.
  path: Assets/sts/audio/sound/SOTE_SFX_Blood_2_v2.ogg
  artifactKey: Guid(7715b51f9ecd6214caf29955a0ec556a) Importer(2089858483,0ecaa5967403d082aa24f35e1b516d23)
Start importing Assets/sts/audio/sound/SOTE_SFX_Blood_2_v2.ogg using Guid(7715b51f9ecd6214caf29955a0ec556a) Importer(2089858483,0ecaa5967403d082aa24f35e1b516d23) [PhysX] Initialized MultithreadedTaskDispatcher with 28 workers.
 -> (artifact id: '2d55f21a12ef86fc7661b248c875bd93') in 0.019525 seconds
Number of updated asset objects reloaded before import = 0
Number of asset objects unloaded after import = 1
========================================================================
Received Import Request.
  Time since last request: 0.000080 seconds.
  path: Assets/sts/audio/sound/SOTE_SFX_Debuff_1_v1.ogg.import
  artifactKey: Guid(3bf01c04db621d641b6836c0dc278b85) Importer(2089858483,0ecaa5967403d082aa24f35e1b516d23)
Start importing Assets/sts/audio/sound/SOTE_SFX_Debuff_1_v1.ogg.import using Guid(3bf01c04db621d641b6836c0dc278b85) Importer(2089858483,0ecaa5967403d082aa24f35e1b516d23) [PhysX] Initialized MultithreadedTaskDispatcher with 28 workers.
 -> (artifact id: 'b9e4cd1750db1bc9bdd84c1062d839c7') in 0.004006 seconds
Number of updated asset objects reloaded before import = 0
Number of asset objects unloaded after import = 1
========================================================================
Received Import Request.
  Time since last request: 0.000085 seconds.
  path: Assets/sts/audio/sound/SOTE_SFX_Gold_RR5_v3.ogg
  artifactKey: Guid(0e921956c186bc3479803de179e7eef6) Importer(2089858483,0ecaa5967403d082aa24f35e1b516d23)
Start importing Assets/sts/audio/sound/SOTE_SFX_Gold_RR5_v3.ogg using Guid(0e921956c186bc3479803de179e7eef6) Importer(2089858483,0ecaa5967403d082aa24f35e1b516d23) [PhysX] Initialized MultithreadedTaskDispatcher with 28 workers.
 -> (artifact id: '900926bebe8ce1b23db4895aaccd59b1') in 0.019133 seconds
Number of updated asset objects reloaded before import = 0
Number of asset objects unloaded after import = 1
========================================================================
Received Import Request.
  Time since last request: 0.000034 seconds.
  path: Assets/sts/audio/sound/SOTE_SFX_MapSelect_1_v1.ogg.import
  artifactKey: Guid(e799caab1d9428642b9792b1f3881934) Importer(2089858483,0ecaa5967403d082aa24f35e1b516d23)
Start importing Assets/sts/audio/sound/SOTE_SFX_MapSelect_1_v1.ogg.import using Guid(e799caab1d9428642b9792b1f3881934) Importer(2089858483,0ecaa5967403d082aa24f35e1b516d23) [PhysX] Initialized MultithreadedTaskDispatcher with 28 workers.
 -> (artifact id: '7b6990e1074ab60af29a87b6a7b641e7') in 0.003016 seconds
Number of updated asset objects reloaded before import = 0
Number of asset objects unloaded after import = 1
========================================================================
Received Import Request.
  Time since last request: 0.000049 seconds.
  path: Assets/sts/audio/sound/SOTE_SFX_Gold_RR2_v3.ogg.import
  artifactKey: Guid(7fcd58d87d3c89742a6333dea23c9675) Importer(2089858483,0ecaa5967403d082aa24f35e1b516d23)
Start importing Assets/sts/audio/sound/SOTE_SFX_Gold_RR2_v3.ogg.import using Guid(7fcd58d87d3c89742a6333dea23c9675) Importer(2089858483,0ecaa5967403d082aa24f35e1b516d23) [PhysX] Initialized MultithreadedTaskDispatcher with 28 workers.
 -> (artifact id: 'bd04204253fd472c36c64725e1c64460') in 0.003280 seconds
Number of updated asset objects reloaded before import = 0
Number of asset objects unloaded after import = 1
========================================================================
Received Import Request.
  Time since last request: 0.000016 seconds.
  path: Assets/sts/audio/sound/SOTE_SFX_IronClad_Atk_RR1_v2.ogg.import
  artifactKey: Guid(9d045a8cdbf0fa540ba77fed4f6db04a) Importer(2089858483,0ecaa5967403d082aa24f35e1b516d23)
Start importing Assets/sts/audio/sound/SOTE_SFX_IronClad_Atk_RR1_v2.ogg.import using Guid(9d045a8cdbf0fa540ba77fed4f6db04a) Importer(2089858483,0ecaa5967403d082aa24f35e1b516d23) [PhysX] Initialized MultithreadedTaskDispatcher with 28 workers.
 -> (artifact id: 'c7b4d89f22673eea0c17f363e17fd692') in 0.003219 seconds
Number of updated asset objects reloaded before import = 0
Number of asset objects unloaded after import = 1
========================================================================
Received Import Request.
  Time since last request: 0.000099 seconds.
  path: Assets/sts/audio/sound/SOTE_SFX_GainDefense_RR3_v3.ogg.import
  artifactKey: Guid(c2ed88cdfb9005f4da4a88db62947a4e) Importer(2089858483,0ecaa5967403d082aa24f35e1b516d23)
Start importing Assets/sts/audio/sound/SOTE_SFX_GainDefense_RR3_v3.ogg.import using Guid(c2ed88cdfb9005f4da4a88db62947a4e) Importer(2089858483,0ecaa5967403d082aa24f35e1b516d23) [PhysX] Initialized MultithreadedTaskDispatcher with 28 workers.
 -> (artifact id: '8ba050f05291acfa8bd20910b7f64269') in 0.003912 seconds
Number of updated asset objects reloaded before import = 0
Number of asset objects unloaded after import = 1
========================================================================
Received Import Request.
  Time since last request: 0.000084 seconds.
  path: Assets/sts/audio/sound/SOTE_SFX_Buff_3_v1.ogg.import
  artifactKey: Guid(68fcb94884b854a40bcf7a5cae026443) Importer(2089858483,0ecaa5967403d082aa24f35e1b516d23)
Start importing Assets/sts/audio/sound/SOTE_SFX_Buff_3_v1.ogg.import using Guid(68fcb94884b854a40bcf7a5cae026443) Importer(2089858483,0ecaa5967403d082aa24f35e1b516d23) [PhysX] Initialized MultithreadedTaskDispatcher with 28 workers.
 -> (artifact id: '85f757be7cdb48281a4f1d3b73033907') in 0.002684 seconds
Number of updated asset objects reloaded before import = 0
Number of asset objects unloaded after import = 1
========================================================================
Received Import Request.
  Time since last request: 0.000079 seconds.
  path: Assets/sts/audio/sound/SOTE_SFX_CashRegister.ogg.import
  artifactKey: Guid(7f3b4ec79eae54944985890059260dc8) Importer(2089858483,0ecaa5967403d082aa24f35e1b516d23)
Start importing Assets/sts/audio/sound/SOTE_SFX_CashRegister.ogg.import using Guid(7f3b4ec79eae54944985890059260dc8) Importer(2089858483,0ecaa5967403d082aa24f35e1b516d23) [PhysX] Initialized MultithreadedTaskDispatcher with 28 workers.
 -> (artifact id: 'df96c81c09ea38d3b6c5eed22656e1df') in 0.003517 seconds
Number of updated asset objects reloaded before import = 0
Number of asset objects unloaded after import = 1
========================================================================
Received Import Request.
  Time since last request: 0.000016 seconds.
  path: Assets/sts/audio/sound/SOTE_SFX_Key_v2.ogg
  artifactKey: Guid(fe41612c665aace4ba4e5ccff4204344) Importer(2089858483,0ecaa5967403d082aa24f35e1b516d23)
Start importing Assets/sts/audio/sound/SOTE_SFX_Key_v2.ogg using Guid(fe41612c665aace4ba4e5ccff4204344) Importer(2089858483,0ecaa5967403d082aa24f35e1b516d23) [PhysX] Initialized MultithreadedTaskDispatcher with 28 workers.
 -> (artifact id: '30fcaa5a7ad6ca7b266e0d90ae44c62a') in 0.019921 seconds
Number of updated asset objects reloaded before import = 0
Number of asset objects unloaded after import = 1
========================================================================
Received Import Request.
  Time since last request: 0.000029 seconds.
  path: Assets/sts/audio/sound/SOTE_SFX_IntimidateCard_v1.ogg.import
  artifactKey: Guid(654745ec8c93d8045a9ccbe444d7e323) Importer(2089858483,0ecaa5967403d082aa24f35e1b516d23)
Start importing Assets/sts/audio/sound/SOTE_SFX_IntimidateCard_v1.ogg.import using Guid(654745ec8c93d8045a9ccbe444d7e323) Importer(2089858483,0ecaa5967403d082aa24f35e1b516d23) [PhysX] Initialized MultithreadedTaskDispatcher with 28 workers.
 -> (artifact id: 'ec0530e6a355ce9a0b104405be392788') in 0.002733 seconds
Number of updated asset objects reloaded before import = 0
Number of asset objects unloaded after import = 1
========================================================================
Received Import Request.
  Time since last request: 0.000013 seconds.
  path: Assets/sts/audio/sound/SOTE_SFX_Gold_RR1_v3.ogg.import
  artifactKey: Guid(2ee018e7c6c7c2c4e945511eeab9fa94) Importer(2089858483,0ecaa5967403d082aa24f35e1b516d23)
Start importing Assets/sts/audio/sound/SOTE_SFX_Gold_RR1_v3.ogg.import using Guid(2ee018e7c6c7c2c4e945511eeab9fa94) Importer(2089858483,0ecaa5967403d082aa24f35e1b516d23) [PhysX] Initialized MultithreadedTaskDispatcher with 28 workers.
 -> (artifact id: '5a0ed10b355c156ca91363060dc7bc08') in 0.002443 seconds
Number of updated asset objects reloaded before import = 0
Number of asset objects unloaded after import = 1
========================================================================
Received Import Request.
  Time since last request: 0.000015 seconds.
  path: Assets/sts/audio/sound/SOTE_SFX_GainDefense_v2.ogg.import
  artifactKey: Guid(2d771dca59753bb4ea903144ccd9e16e) Importer(2089858483,0ecaa5967403d082aa24f35e1b516d23)
Start importing Assets/sts/audio/sound/SOTE_SFX_GainDefense_v2.ogg.import using Guid(2d771dca59753bb4ea903144ccd9e16e) Importer(2089858483,0ecaa5967403d082aa24f35e1b516d23) [PhysX] Initialized MultithreadedTaskDispatcher with 28 workers.
 -> (artifact id: 'b168fe1618eeb587cff9f49bc56ce126') in 0.004045 seconds
Number of updated asset objects reloaded before import = 0
Number of asset objects unloaded after import = 1
========================================================================
Received Import Request.
  Time since last request: 0.000042 seconds.
  path: Assets/sts/audio/sound/SOTE_SFX_DefenseBreak_v2.ogg
  artifactKey: Guid(255eddef6f34caa4398bab62857419a2) Importer(2089858483,0ecaa5967403d082aa24f35e1b516d23)
Start importing Assets/sts/audio/sound/SOTE_SFX_DefenseBreak_v2.ogg using Guid(255eddef6f34caa4398bab62857419a2) Importer(2089858483,0ecaa5967403d082aa24f35e1b516d23) [PhysX] Initialized MultithreadedTaskDispatcher with 28 workers.
 -> (artifact id: '16091ca80a0784ee70375713e176cd0c') in 0.019767 seconds
Number of updated asset objects reloaded before import = 0
Number of asset objects unloaded after import = 1
========================================================================
Received Import Request.
  Time since last request: 0.000079 seconds.
  path: Assets/sts/audio/sound/SOTE_SFX_DropRelic_Heavy.ogg.import
  artifactKey: Guid(903fdc62b2aa64b419627e4e350b4c12) Importer(2089858483,0ecaa5967403d082aa24f35e1b516d23)
Start importing Assets/sts/audio/sound/SOTE_SFX_DropRelic_Heavy.ogg.import using Guid(903fdc62b2aa64b419627e4e350b4c12) Importer(2089858483,0ecaa5967403d082aa24f35e1b516d23) [PhysX] Initialized MultithreadedTaskDispatcher with 28 workers.
 -> (artifact id: '2beb819fbcc09dc1757b4ee428a712f8') in 0.002590 seconds
Number of updated asset objects reloaded before import = 0
Number of asset objects unloaded after import = 1
========================================================================
Received Import Request.
  Time since last request: 0.000021 seconds.
  path: Assets/sts/audio/sound/SOTE_SFX_MapHover_3_v1.ogg
  artifactKey: Guid(d0c5a7b3089bdbc4d850fd759ef5a659) Importer(2089858483,0ecaa5967403d082aa24f35e1b516d23)
Start importing Assets/sts/audio/sound/SOTE_SFX_MapHover_3_v1.ogg using Guid(d0c5a7b3089bdbc4d850fd759ef5a659) Importer(2089858483,0ecaa5967403d082aa24f35e1b516d23) [PhysX] Initialized MultithreadedTaskDispatcher with 28 workers.
 -> (artifact id: '8bf1d03430f0b405a57e84b941e59b29') in 0.018263 seconds
Number of updated asset objects reloaded before import = 0
Number of asset objects unloaded after import = 1
========================================================================
Received Import Request.
  Time since last request: 0.000068 seconds.
  path: Assets/sts/audio/sound/SOTE_SFX_CeilingDust1_Boom_v1.ogg.import
  artifactKey: Guid(c6cafacf79a688048b3ad9a0f151002e) Importer(2089858483,0ecaa5967403d082aa24f35e1b516d23)
Start importing Assets/sts/audio/sound/SOTE_SFX_CeilingDust1_Boom_v1.ogg.import using Guid(c6cafacf79a688048b3ad9a0f151002e) Importer(2089858483,0ecaa5967403d082aa24f35e1b516d23) [PhysX] Initialized MultithreadedTaskDispatcher with 28 workers.
 -> (artifact id: 'b2c4e47fda6aca7fa0dfa5d994464598') in 0.002946 seconds
Number of updated asset objects reloaded before import = 0
Number of asset objects unloaded after import = 1
========================================================================
Received Import Request.
  Time since last request: 0.000020 seconds.
  path: Assets/sts/audio/sound/SOTE_SFX_GainDefense_RR1_v3.ogg.import
  artifactKey: Guid(35a5005d82af7014cbb544bec55fe614) Importer(2089858483,0ecaa5967403d082aa24f35e1b516d23)
Start importing Assets/sts/audio/sound/SOTE_SFX_GainDefense_RR1_v3.ogg.import using Guid(35a5005d82af7014cbb544bec55fe614) Importer(2089858483,0ecaa5967403d082aa24f35e1b516d23) [PhysX] Initialized MultithreadedTaskDispatcher with 28 workers.
 -> (artifact id: '13678979642e8a9d107d281c09f5c48e') in 0.003862 seconds
Number of updated asset objects reloaded before import = 0
Number of asset objects unloaded after import = 1
========================================================================
Received Import Request.
  Time since last request: 0.000101 seconds.
  path: Assets/sts/audio/sound/SOTE_SFX_IronClad_Atk_RR3_v2.ogg.import
  artifactKey: Guid(93f80da77c9b55648981d25280d4ba67) Importer(2089858483,0ecaa5967403d082aa24f35e1b516d23)
Start importing Assets/sts/audio/sound/SOTE_SFX_IronClad_Atk_RR3_v2.ogg.import using Guid(93f80da77c9b55648981d25280d4ba67) Importer(2089858483,0ecaa5967403d082aa24f35e1b516d23) [PhysX] Initialized MultithreadedTaskDispatcher with 28 workers.
 -> (artifact id: '1c410748925299db1772b0b7ab5c5303') in 0.002683 seconds
Number of updated asset objects reloaded before import = 0
Number of asset objects unloaded after import = 1
========================================================================
Received Import Request.
  Time since last request: 0.000085 seconds.
  path: Assets/sts/audio/sound/SOTE_SFX_MapHover_3_v1.ogg.import
  artifactKey: Guid(c04823c68db714345a03a2b3ed1085fe) Importer(2089858483,0ecaa5967403d082aa24f35e1b516d23)
Start importing Assets/sts/audio/sound/SOTE_SFX_MapHover_3_v1.ogg.import using Guid(c04823c68db714345a03a2b3ed1085fe) Importer(2089858483,0ecaa5967403d082aa24f35e1b516d23) [PhysX] Initialized MultithreadedTaskDispatcher with 28 workers.
 -> (artifact id: '63c565083a5ddd8af6d5293a1b550a68') in 0.003425 seconds
Number of updated asset objects reloaded before import = 0
Number of asset objects unloaded after import = 1
========================================================================
Received Import Request.
  Time since last request: 0.000069 seconds.
  path: Assets/sts/audio/sound/SOTE_SFX_DropPotion_2_v1.ogg.import
  artifactKey: Guid(d49324fe8680b5746b962ca6e1e75704) Importer(2089858483,0ecaa5967403d082aa24f35e1b516d23)
Start importing Assets/sts/audio/sound/SOTE_SFX_DropPotion_2_v1.ogg.import using Guid(d49324fe8680b5746b962ca6e1e75704) Importer(2089858483,0ecaa5967403d082aa24f35e1b516d23) [PhysX] Initialized MultithreadedTaskDispatcher with 28 workers.
 -> (artifact id: 'd9cbdc648ac7044b88f286d7bcc21e97') in 0.002100 seconds
Number of updated asset objects reloaded before import = 0
Number of asset objects unloaded after import = 1
========================================================================
Received Import Request.
  Time since last request: 0.000025 seconds.
  path: Assets/sts/audio/sound/SOTE_SFX_BossOrbIgnite1_v2.ogg
  artifactKey: Guid(ca329d1a3859e2643b9c73fe6641a311) Importer(2089858483,0ecaa5967403d082aa24f35e1b516d23)
Start importing Assets/sts/audio/sound/SOTE_SFX_BossOrbIgnite1_v2.ogg using Guid(ca329d1a3859e2643b9c73fe6641a311) Importer(2089858483,0ecaa5967403d082aa24f35e1b516d23) [PhysX] Initialized MultithreadedTaskDispatcher with 28 workers.
 -> (artifact id: 'ecfb47e9bd5ab47c472ade053aad1501') in 0.023409 seconds
Number of updated asset objects reloaded before import = 0
Number of asset objects unloaded after import = 1
========================================================================
Received Import Request.
  Time since last request: 0.000018 seconds.
  path: Assets/sts/audio/sound/SOTE_SFX_Gold_RR4_v3.ogg.import
  artifactKey: Guid(06be8addb27a71544b9de3475dbfe9f3) Importer(2089858483,0ecaa5967403d082aa24f35e1b516d23)
Start importing Assets/sts/audio/sound/SOTE_SFX_Gold_RR4_v3.ogg.import using Guid(06be8addb27a71544b9de3475dbfe9f3) Importer(2089858483,0ecaa5967403d082aa24f35e1b516d23) [PhysX] Initialized MultithreadedTaskDispatcher with 28 workers.
 -> (artifact id: '2f647e4c17302daa41bf4256cf8c7233') in 0.003226 seconds
Number of updated asset objects reloaded before import = 0
Number of asset objects unloaded after import = 1
========================================================================
Received Import Request.
  Time since last request: 0.000090 seconds.
  path: Assets/sts/audio/sound/SOTE_SFX_MapHover_1_v1.ogg.import
  artifactKey: Guid(336f5844d9d5f1845abc0827ebb9b756) Importer(2089858483,0ecaa5967403d082aa24f35e1b516d23)
Start importing Assets/sts/audio/sound/SOTE_SFX_MapHover_1_v1.ogg.import using Guid(336f5844d9d5f1845abc0827ebb9b756) Importer(2089858483,0ecaa5967403d082aa24f35e1b516d23) [PhysX] Initialized MultithreadedTaskDispatcher with 28 workers.
 -> (artifact id: '45ef8772c4efa61ffa66280fac76eedf') in 0.003223 seconds
Number of updated asset objects reloaded before import = 0
Number of asset objects unloaded after import = 1
========================================================================
Received Import Request.
  Time since last request: 0.000014 seconds.
  path: Assets/sts/audio/sound/SOTE_SFX_CardSelect_v2.ogg.import
  artifactKey: Guid(5cfc8c6658952da4cb1fc5cf3cf929e3) Importer(2089858483,0ecaa5967403d082aa24f35e1b516d23)
Start importing Assets/sts/audio/sound/SOTE_SFX_CardSelect_v2.ogg.import using Guid(5cfc8c6658952da4cb1fc5cf3cf929e3) Importer(2089858483,0ecaa5967403d082aa24f35e1b516d23) [PhysX] Initialized MultithreadedTaskDispatcher with 28 workers.
 -> (artifact id: '3e180b6ac356cf0b22c5936a79735810') in 0.002530 seconds
Number of updated asset objects reloaded before import = 0
Number of asset objects unloaded after import = 1
========================================================================
Received Import Request.
  Time since last request: 0.000072 seconds.
  path: Assets/sts/audio/sound/SOTE_SFX_MapHover_2_v1.ogg.import
  artifactKey: Guid(e41e8263b81c80942b643300f82b912d) Importer(2089858483,0ecaa5967403d082aa24f35e1b516d23)
Start importing Assets/sts/audio/sound/SOTE_SFX_MapHover_2_v1.ogg.import using Guid(e41e8263b81c80942b643300f82b912d) Importer(2089858483,0ecaa5967403d082aa24f35e1b516d23) [PhysX] Initialized MultithreadedTaskDispatcher with 28 workers.
 -> (artifact id: 'cb8972ed508ced4c02d9fd24d43554bd') in 0.002750 seconds
Number of updated asset objects reloaded before import = 0
Number of asset objects unloaded after import = 1
========================================================================
Received Import Request.
  Time since last request: 2.766096 seconds.
  path: Assets/sts/audio/sound/SOTE_SFX_MapSelect_3_v1.ogg
  artifactKey: Guid(872353c1cf4472242a5ecffe6e1000d9) Importer(2089858483,0ecaa5967403d082aa24f35e1b516d23)
Start importing Assets/sts/audio/sound/SOTE_SFX_MapSelect_3_v1.ogg using Guid(872353c1cf4472242a5ecffe6e1000d9) Importer(2089858483,0ecaa5967403d082aa24f35e1b516d23) [PhysX] Initialized MultithreadedTaskDispatcher with 28 workers.
 -> (artifact id: 'c18c728d84342053dfb45a771162f15f') in 0.020519 seconds
Number of updated asset objects reloaded before import = 0
Number of asset objects unloaded after import = 1
========================================================================
Received Import Request.
  Time since last request: 0.000061 seconds.
  path: Assets/sts/audio/sound/SOTE_SFX_ThunderclapCard_v1.ogg.import
  artifactKey: Guid(e9472c6c5c39aac48ad7b101647ae1d4) Importer(2089858483,0ecaa5967403d082aa24f35e1b516d23)
Start importing Assets/sts/audio/sound/SOTE_SFX_ThunderclapCard_v1.ogg.import using Guid(e9472c6c5c39aac48ad7b101647ae1d4) Importer(2089858483,0ecaa5967403d082aa24f35e1b516d23) [PhysX] Initialized MultithreadedTaskDispatcher with 28 workers.
 -> (artifact id: 'fe6dc47617a77777c30302fe8a2a8462') in 0.002716 seconds
Number of updated asset objects reloaded before import = 0
Number of asset objects unloaded after import = 1
========================================================================
Received Import Request.
  Time since last request: 0.000012 seconds.
  path: Assets/sts/audio/sound/SOTE_SFX_Map_2_v3.ogg.import
  artifactKey: Guid(9cfb6c9d5386f3148abb6c7442e27e76) Importer(2089858483,0ecaa5967403d082aa24f35e1b516d23)
Start importing Assets/sts/audio/sound/SOTE_SFX_Map_2_v3.ogg.import using Guid(9cfb6c9d5386f3148abb6c7442e27e76) Importer(2089858483,0ecaa5967403d082aa24f35e1b516d23) [PhysX] Initialized MultithreadedTaskDispatcher with 28 workers.
 -> (artifact id: '4adbcfa9d8fd10cccaa7c9ce46434747') in 0.003084 seconds
Number of updated asset objects reloaded before import = 0
Number of asset objects unloaded after import = 1
========================================================================
Received Import Request.
  Time since last request: 0.000021 seconds.
  path: Assets/sts/audio/sound/SOTE_SFX_SlowMagic_Beam_v1.ogg.import
  artifactKey: Guid(4be2fd2a99f0d044ba0e195e7ad004d4) Importer(2089858483,0ecaa5967403d082aa24f35e1b516d23)
Start importing Assets/sts/audio/sound/SOTE_SFX_SlowMagic_Beam_v1.ogg.import using Guid(4be2fd2a99f0d044ba0e195e7ad004d4) Importer(2089858483,0ecaa5967403d082aa24f35e1b516d23) [PhysX] Initialized MultithreadedTaskDispatcher with 28 workers.
 -> (artifact id: '29f6da4abfd341556bb27f0af5b2e352') in 0.002910 seconds
Number of updated asset objects reloaded before import = 0
Number of asset objects unloaded after import = 1
========================================================================
Received Import Request.
  Time since last request: 0.000094 seconds.
  path: Assets/sts/audio/sound/SOTE_SFX_SlowMagic_BeamShort_v1.ogg.import
  artifactKey: Guid(22b73499b5bc6334c9ff1e14a5338598) Importer(2089858483,0ecaa5967403d082aa24f35e1b516d23)
Start importing Assets/sts/audio/sound/SOTE_SFX_SlowMagic_BeamShort_v1.ogg.import using Guid(22b73499b5bc6334c9ff1e14a5338598) Importer(2089858483,0ecaa5967403d082aa24f35e1b516d23) [PhysX] Initialized MultithreadedTaskDispatcher with 28 workers.
 -> (artifact id: '69ebdc9cf1c52b37e6a22e1f5bc7511f') in 0.002400 seconds
Number of updated asset objects reloaded before import = 0
Number of asset objects unloaded after import = 1
========================================================================
Received Import Request.
  Time since last request: 0.000088 seconds.
  path: Assets/sts/audio/sound/SOTE_SFX_ThunderclapCard_v1.ogg
  artifactKey: Guid(b0ba935e3ec9fc044a01b3cd305c2768) Importer(2089858483,0ecaa5967403d082aa24f35e1b516d23)
Start importing Assets/sts/audio/sound/SOTE_SFX_ThunderclapCard_v1.ogg using Guid(b0ba935e3ec9fc044a01b3cd305c2768) Importer(2089858483,0ecaa5967403d082aa24f35e1b516d23) [PhysX] Initialized MultithreadedTaskDispatcher with 28 workers.
 -> (artifact id: '24e770f2ce4cd3034431ac147436dc6d') in 0.017834 seconds
Number of updated asset objects reloaded before import = 0
Number of asset objects unloaded after import = 1
========================================================================
Received Import Request.
  Time since last request: 0.000091 seconds.
  path: Assets/sts/audio/sound/SOTE_SFX_RageCard_v1.ogg.import
  artifactKey: Guid(d2f651799d82a5a4fab1e1953f399b64) Importer(2089858483,0ecaa5967403d082aa24f35e1b516d23)
Start importing Assets/sts/audio/sound/SOTE_SFX_RageCard_v1.ogg.import using Guid(d2f651799d82a5a4fab1e1953f399b64) Importer(2089858483,0ecaa5967403d082aa24f35e1b516d23) [PhysX] Initialized MultithreadedTaskDispatcher with 28 workers.
 -> (artifact id: 'ca7e465736acc4e90d9e7a30db981792') in 0.003883 seconds
Number of updated asset objects reloaded before import = 0
Number of asset objects unloaded after import = 1
========================================================================
Received Import Request.
  Time since last request: 0.000012 seconds.
  path: Assets/sts/audio/sound/SOTE_SFX_Potion_2_v2.ogg
  artifactKey: Guid(473b738a7f9abb74c8a58db9e4afb59f) Importer(2089858483,0ecaa5967403d082aa24f35e1b516d23)
Start importing Assets/sts/audio/sound/SOTE_SFX_Potion_2_v2.ogg using Guid(473b738a7f9abb74c8a58db9e4afb59f) Importer(2089858483,0ecaa5967403d082aa24f35e1b516d23) [PhysX] Initialized MultithreadedTaskDispatcher with 28 workers.
 -> (artifact id: 'f3c77777faa4793748ecc510a96b2c23') in 0.018073 seconds
Number of updated asset objects reloaded before import = 0
Number of asset objects unloaded after import = 1
========================================================================
Received Import Request.
  Time since last request: 0.000067 seconds.
  path: Assets/sts/audio/sound/SOTE_SFX_SlimeBlink_3_v1.ogg
  artifactKey: Guid(c3b20f31896f1b543888aad3fa86b0b8) Importer(2089858483,0ecaa5967403d082aa24f35e1b516d23)
Start importing Assets/sts/audio/sound/SOTE_SFX_SlimeBlink_3_v1.ogg using Guid(c3b20f31896f1b543888aad3fa86b0b8) Importer(2089858483,0ecaa5967403d082aa24f35e1b516d23) [PhysX] Initialized MultithreadedTaskDispatcher with 28 workers.
 -> (artifact id: 'c7d5e5d7dff173c733b41e358f86a49c') in 0.019043 seconds
Number of updated asset objects reloaded before import = 0
Number of asset objects unloaded after import = 1
========================================================================
Received Import Request.
  Time since last request: 0.000024 seconds.
  path: Assets/sts/audio/sound/SOTE_SFX_UI_Parchment_2_v1.ogg
  artifactKey: Guid(b6a07d7a6feb28547b9d4aca38fff524) Importer(2089858483,0ecaa5967403d082aa24f35e1b516d23)
Start importing Assets/sts/audio/sound/SOTE_SFX_UI_Parchment_2_v1.ogg using Guid(b6a07d7a6feb28547b9d4aca38fff524) Importer(2089858483,0ecaa5967403d082aa24f35e1b516d23) [PhysX] Initialized MultithreadedTaskDispatcher with 28 workers.
 -> (artifact id: '6cffcbd7bb80bc2c9e95591c5a9948d5') in 0.017884 seconds
Number of updated asset objects reloaded before import = 0
Number of asset objects unloaded after import = 1
========================================================================
Received Import Request.
  Time since last request: 0.000050 seconds.
  path: Assets/sts/audio/sound/STS_SFX_AncientWriting_v1.ogg.import
  artifactKey: Guid(afd07b7c4b618cf46b1f8c0b35c174ba) Importer(2089858483,0ecaa5967403d082aa24f35e1b516d23)
Start importing Assets/sts/audio/sound/STS_SFX_AncientWriting_v1.ogg.import using Guid(afd07b7c4b618cf46b1f8c0b35c174ba) Importer(2089858483,0ecaa5967403d082aa24f35e1b516d23) [PhysX] Initialized MultithreadedTaskDispatcher with 28 workers.
 -> (artifact id: '0a5b2ebe936e3ac1ccdc406e8eff00b1') in 0.002704 seconds
Number of updated asset objects reloaded before import = 0
Number of asset objects unloaded after import = 1
========================================================================
Received Import Request.
  Time since last request: 0.000015 seconds.
  path: Assets/sts/audio/sound/SOTE_SFX_WaterDrips_30sec_v2.ogg.import
  artifactKey: Guid(db5d124bc4ea12c4987bcc250bde1d53) Importer(2089858483,0ecaa5967403d082aa24f35e1b516d23)
Start importing Assets/sts/audio/sound/SOTE_SFX_WaterDrips_30sec_v2.ogg.import using Guid(db5d124bc4ea12c4987bcc250bde1d53) Importer(2089858483,0ecaa5967403d082aa24f35e1b516d23) [PhysX] Initialized MultithreadedTaskDispatcher with 28 workers.
 -> (artifact id: '4066f9bd222f7c6e5783caa0b218421a') in 0.003180 seconds
Number of updated asset objects reloaded before import = 0
Number of asset objects unloaded after import = 1
========================================================================
Received Import Request.
  Time since last request: 0.000076 seconds.
  path: Assets/sts/audio/sound/STS_SFX_AwakenedOnePounce_v2.ogg.import
  artifactKey: Guid(5af31fdac125a0449a3bfa5a8a1f154e) Importer(2089858483,0ecaa5967403d082aa24f35e1b516d23)
Start importing Assets/sts/audio/sound/STS_SFX_AwakenedOnePounce_v2.ogg.import using Guid(5af31fdac125a0449a3bfa5a8a1f154e) Importer(2089858483,0ecaa5967403d082aa24f35e1b516d23) [PhysX] Initialized MultithreadedTaskDispatcher with 28 workers.
 -> (artifact id: 'd7377d914e9a1f9e079709b7296db0a7') in 0.002063 seconds
Number of updated asset objects reloaded before import = 0
Number of asset objects unloaded after import = 1
========================================================================
Received Import Request.
  Time since last request: 0.000045 seconds.
  path: Assets/sts/audio/sound/STS_DeathStinger_v4_SFX.ogg
  artifactKey: Guid(9bcf287358e366d4aa984b7b2c7982dc) Importer(2089858483,0ecaa5967403d082aa24f35e1b516d23)
Start importing Assets/sts/audio/sound/STS_DeathStinger_v4_SFX.ogg using Guid(9bcf287358e366d4aa984b7b2c7982dc) Importer(2089858483,0ecaa5967403d082aa24f35e1b516d23) [PhysX] Initialized MultithreadedTaskDispatcher with 28 workers.
 -> (artifact id: 'f21f5669fd6c5cdaac77c6df54deb7c3') in 0.021073 seconds
Number of updated asset objects reloaded before import = 0
Number of asset objects unloaded after import = 1
========================================================================
Received Import Request.
  Time since last request: 0.000053 seconds.
  path: Assets/sts/audio/sound/STS_SFX_AwakenedOnePounce_v2.ogg
  artifactKey: Guid(dfd6d3b6a94010b49a98b60f7795d12b) Importer(2089858483,0ecaa5967403d082aa24f35e1b516d23)
Start importing Assets/sts/audio/sound/STS_SFX_AwakenedOnePounce_v2.ogg using Guid(dfd6d3b6a94010b49a98b60f7795d12b) Importer(2089858483,0ecaa5967403d082aa24f35e1b516d23) [PhysX] Initialized MultithreadedTaskDispatcher with 28 workers.
 -> (artifact id: 'c44b68a222ba968f1a848047e636f755') in 0.018188 seconds
Number of updated asset objects reloaded before import = 0
Number of asset objects unloaded after import = 1
========================================================================
Received Import Request.
  Time since last request: 0.000063 seconds.
  path: Assets/sts/audio/sound/SOTE_SFX_RestFireWet_v2.ogg.import
  artifactKey: Guid(d14592ab14ed72d4c9e22e3824b16aa9) Importer(2089858483,0ecaa5967403d082aa24f35e1b516d23)
Start importing Assets/sts/audio/sound/SOTE_SFX_RestFireWet_v2.ogg.import using Guid(d14592ab14ed72d4c9e22e3824b16aa9) Importer(2089858483,0ecaa5967403d082aa24f35e1b516d23) [PhysX] Initialized MultithreadedTaskDispatcher with 28 workers.
 -> (artifact id: '81d4f87c747313eca829f7c1354b1e68') in 0.002832 seconds
Number of updated asset objects reloaded before import = 0
Number of asset objects unloaded after import = 1
========================================================================
Received Import Request.
  Time since last request: 0.000101 seconds.
  path: Assets/sts/audio/sound/SOTE_SFX_PoisonCard_1_v1.ogg.import
  artifactKey: Guid(7dd9d83df51b0ce42ae040a4c6f16518) Importer(2089858483,0ecaa5967403d082aa24f35e1b516d23)
Start importing Assets/sts/audio/sound/SOTE_SFX_PoisonCard_1_v1.ogg.import using Guid(7dd9d83df51b0ce42ae040a4c6f16518) Importer(2089858483,0ecaa5967403d082aa24f35e1b516d23) [PhysX] Initialized MultithreadedTaskDispatcher with 28 workers.
 -> (artifact id: '91306df6422930208bc11e7baf9ed099') in 0.002482 seconds
Number of updated asset objects reloaded before import = 0
Number of asset objects unloaded after import = 1
========================================================================
Received Import Request.
  Time since last request: 0.000062 seconds.
  path: Assets/sts/audio/sound/SOTE_SFX_Relic_PrayerBowl_Soft.ogg.import
  artifactKey: Guid(d0c4a1708a3e8e34ca833546cb3dc481) Importer(2089858483,0ecaa5967403d082aa24f35e1b516d23)
Start importing Assets/sts/audio/sound/SOTE_SFX_Relic_PrayerBowl_Soft.ogg.import using Guid(d0c4a1708a3e8e34ca833546cb3dc481) Importer(2089858483,0ecaa5967403d082aa24f35e1b516d23) [PhysX] Initialized MultithreadedTaskDispatcher with 28 workers.
 -> (artifact id: '5c7f86bed071c3c3fb3fb457aed8758c') in 0.002034 seconds
Number of updated asset objects reloaded before import = 0
Number of asset objects unloaded after import = 1
========================================================================
Received Import Request.
  Time since last request: 0.000034 seconds.
  path: Assets/sts/audio/sound/SOTE_SFX_Map_1_v3.ogg
  artifactKey: Guid(4405430c61f61314e8f74dc346ceda1a) Importer(2089858483,0ecaa5967403d082aa24f35e1b516d23)
Start importing Assets/sts/audio/sound/SOTE_SFX_Map_1_v3.ogg using Guid(4405430c61f61314e8f74dc346ceda1a) Importer(2089858483,0ecaa5967403d082aa24f35e1b516d23) [PhysX] Initialized MultithreadedTaskDispatcher with 28 workers.
 -> (artifact id: '7b97520fd5d08eb6053b3759a297c59f') in 0.017718 seconds
Number of updated asset objects reloaded before import = 0
Number of asset objects unloaded after import = 1
========================================================================
Received Import Request.
  Time since last request: 0.000019 seconds.
  path: Assets/sts/audio/sound/SOTE_SFX_UIClick_2_v2.wav
  artifactKey: Guid(94fae7897774b2345b70585f8d262cad) Importer(2089858483,0ecaa5967403d082aa24f35e1b516d23)
Start importing Assets/sts/audio/sound/SOTE_SFX_UIClick_2_v2.wav using Guid(94fae7897774b2345b70585f8d262cad) Importer(2089858483,0ecaa5967403d082aa24f35e1b516d23) [PhysX] Initialized MultithreadedTaskDispatcher with 28 workers.
 -> (artifact id: '8e13c759262fdee5b6bf22b6dc82c0e0') in 0.012708 seconds
Number of updated asset objects reloaded before import = 0
Number of asset objects unloaded after import = 1
========================================================================
Received Import Request.
  Time since last request: 0.000075 seconds.
  path: Assets/sts/audio/sound/SOTE_SFX_WaterDrips_1min_v1.ogg
  artifactKey: Guid(d725bb19218c700409fc4a79fc580d43) Importer(2089858483,0ecaa5967403d082aa24f35e1b516d23)
Start importing Assets/sts/audio/sound/SOTE_SFX_WaterDrips_1min_v1.ogg using Guid(d725bb19218c700409fc4a79fc580d43) Importer(2089858483,0ecaa5967403d082aa24f35e1b516d23) [PhysX] Initialized MultithreadedTaskDispatcher with 28 workers.
 -> (artifact id: '0be0c3924b39bf48e8d7cffb24e828e3') in 0.020999 seconds
Number of updated asset objects reloaded before import = 0
Number of asset objects unloaded after import = 1
========================================================================
Received Import Request.
  Time since last request: 0.000058 seconds.
  path: Assets/sts/audio/sound/SOTE_SFX_UIHover_v2.wav
  artifactKey: Guid(1b267c90042b7344090a9757b53959f6) Importer(2089858483,0ecaa5967403d082aa24f35e1b516d23)
Start importing Assets/sts/audio/sound/SOTE_SFX_UIHover_v2.wav using Guid(1b267c90042b7344090a9757b53959f6) Importer(2089858483,0ecaa5967403d082aa24f35e1b516d23) [PhysX] Initialized MultithreadedTaskDispatcher with 28 workers.
 -> (artifact id: '78506edb4b5f5eacb0e474adfabf14bd') in 0.013112 seconds
Number of updated asset objects reloaded before import = 0
Number of asset objects unloaded after import = 1
========================================================================
Received Prepare
Caller must complete domain reload
Begin MonoManager ReloadAssembly
Symbol file LoadedFromMemory is not a mono symbol file
- Loaded All Assemblies, in  0.530 seconds
Native extension for WindowsStandalone target not found
[ScriptCompilation] NOT recompiling all scripts because this is an import worker process. Reason to compile was: Define symbols changed
[Package Manager] Server::EnsureServerProcessIsRunning -- launch failed, reason: Unity was launched with the -noUpm command-line argument
[Package Manager] UpmClient::Send -- Unable to send message (not connected to UPM process).
[Package Manager] Cannot connect to Unity Package Manager local server
Mono: successfully reloaded assembly
- Finished resetting the current domain, in  0.383 seconds
Domain Reload Profiling: 915ms
	BeginReloadAssembly (322ms)
		ExecutionOrderSort (0ms)
		DisableScriptedObjects (225ms)
		BackupInstance (0ms)
		ReleaseScriptingObjects (0ms)
		CreateAndSetChildDomain (24ms)
	RebuildCommonClasses (26ms)
	RebuildNativeTypeToScriptingClass (6ms)
	initialDomainReloadingComplete (19ms)
	LoadAllAssembliesAndSetupDomain (158ms)
		LoadAssemblies (197ms)
		RebuildTransferFunctionScriptingTraits (0ms)
		AnalyzeDomain (11ms)
			TypeCache.Refresh (6ms)
				TypeCache.ScanAssembly (0ms)
			ScanForSourceGeneratedMonoScriptInfo (0ms)
			ResolveRequiredComponents (3ms)
	FinalizeReload (384ms)
		ReleaseScriptCaches (0ms)
		RebuildScriptCaches (0ms)
		SetupLoadedEditorAssemblies (260ms)
			LogAssemblyErrors (0ms)
			InitializePlatformSupportModulesInManaged (3ms)
			SetLoadedEditorAssemblies (4ms)
			RefreshPlugins (0ms)
			BeforeProcessingInitializeOnLoad (44ms)
			ProcessInitializeOnLoadAttributes (174ms)
			ProcessInitializeOnLoadMethodAttributes (34ms)
			AfterProcessingInitializeOnLoad (1ms)
			EditorAssembliesLoaded (0ms)
		ExecutionOrderSort2 (0ms)
		AwakeInstancesAfterBackupRestoration (9ms)
Refreshing native plugins compatible for Editor in 5.65 ms, found 4 plugins.
Preloading 0 native plugins for Editor in 0.00 ms.
Unloading 4307 Unused Serialized files (Serialized files now loaded: 0)
Unloading 28 unused Assets / (215.6 KB). Loaded Objects now: 4779.
Memory consumption went from 153.2 MB to 153.0 MB.
Total: 2.533200 ms (FindLiveObjects: 0.187500 ms CreateObjectMapping: 0.065500 ms MarkObjects: 2.096600 ms  DeleteObjects: 0.182100 ms)

Prepare: number of updated asset objects reloaded= 0
AssetImportParameters requested are different than current active one (requested -> active):
  custom:container-demuxer-ogg: 62fdf1f143b41e24485cea50d1cbac27 -> 
  custom:video-codec-MediaFoundation-h265: 746d11721c4dcdbdad8f713fa42b33f4 -> 
  custom:video-decoder-ogg-theora: a1e56fd34408186e4bbccfd4996cb3dc -> 
  custom:framework-win-MediaFoundation: 216162199b28c13a410421893ffa2e32 -> 
  custom:CustomObjectIndexerAttribute: 9a22284fe3817be447336de3de66b15e -> 
  custom:container-demuxer-webm: 4f35f7cbe854078d1ac9338744f61a02 -> 
  custom:container-muxer-webm: aa71ff27fc2769a1b78a27578f13a17b -> 
  custom:video-decoder-webm-vp8: 9c59270c3fd7afecdb556c50c9e8de78 -> 
  custom:SearchIndexIgnoredProperties: e643bd26f0fe6173181afceb89e7c659 -> 
  custom:AudioImporter_EditorPlatform: d09bf68614088b80899f8185d706f6e7 -> 
  custom:video-encoder-webm-vp8: eb34c28f22e8b96e1ab97ce403110664 -> 
  custom:audio-decoder-ogg-vorbis: bf7c407c2cedff20999df2af8eb42d56 -> 
  custom:audio-encoder-webm-vorbis: bf7c407c2cedff20999df2af8eb42d56 -> 
Editor requested this worker to shutdown with reason: Scaling down because of idle timeout
TcpMessagingSession - receive error: operation aborted. errorcode: 995, details:  I/O 
AssetImportWorker is now disconnected from the server
Process exiting
Exiting without the bug reporter. Application will terminate with return code 0